#
# There is insufficient memory for the Java Runtime Environment to continue.
# Native memory allocation (malloc) failed to allocate 913936 bytes for Chunk::new
# Possible reasons:
#   The system is out of physical RAM or swap space
#   The process is running with CompressedOops enabled, and the Java Heap may be blocking the growth of the native heap
# Possible solutions:
#   Reduce memory load on the system
#   Increase physical memory or swap space
#   Check if swap backing store is full
#   Decrease Java heap size (-Xmx/-Xms)
#   Decrease number of Java threads
#   Decrease Java thread stack sizes (-Xss)
#   Set larger code cache with -XX:ReservedCodeCacheSize=
#   JVM is running with Unscaled Compressed Oops mode in which the Java heap is
#     placed in the first 4GB address space. The Java Heap base address is the
#     maximum limit for the native heap growth. Please use -XX:HeapBaseMinAddress
#     to set the Java Heap base and to place the Java Heap above 4GB virtual address.
# This output file may be truncated or incomplete.
#
#  Out of Memory Error (arena.cpp:189), pid=9908, tid=6060
#
# JRE version: OpenJDK Runtime Environment (17.0.6) (build 17.0.6+0-b2043.56-9586694)
# Java VM: OpenJDK 64-Bit Server VM (17.0.6+0-b2043.56-9586694, mixed mode, tiered, compressed oops, compressed class ptrs, g1 gc, windows-amd64)
# No core dump will be written. Minidumps are not enabled by default on client versions of Windows
#

---------------  S U M M A R Y ------------

Command Line: --add-opens=java.base/java.util=ALL-UNNAMED --add-opens=java.base/java.lang=ALL-UNNAMED --add-opens=java.base/java.lang.invoke=ALL-UNNAMED --add-opens=java.base/java.util=ALL-UNNAMED --add-opens=java.prefs/java.util.prefs=ALL-UNNAMED --add-opens=java.prefs/java.util.prefs=ALL-UNNAMED --add-opens=java.base/java.nio.charset=ALL-UNNAMED --add-opens=java.base/java.net=ALL-UNNAMED --add-opens=java.base/java.util.concurrent.atomic=ALL-UNNAMED -Xmx2048m -Dfile.encoding=UTF-8 -Duser.country=US -Duser.language=en -Duser.variant org.gradle.launcher.daemon.bootstrap.GradleDaemon 7.5

Host: Intel(R) Core(TM) i3-9100F CPU @ 3.60GHz, 4 cores, 7G,  Windows 10 , 64 bit Build 19041 (10.0.19041.2913)
Time: Sat May 27 00:17:39 2023 W. Central Africa Standard Time elapsed time: 14.260427 seconds (0d 0h 0m 14s)

---------------  T H R E A D  ---------------

Current thread (0x0000017a099e49c0):  JavaThread "C2 CompilerThread1" daemon [_thread_in_native, id=6060, stack(0x000000794ff00000,0x0000007950000000)]


Current CompileTask:
C2:  14260 7738       4       java.lang.Class::getMethod (59 bytes)

Stack: [0x000000794ff00000,0x0000007950000000]
Native frames: (J=compiled Java code, j=interpreted, Vv=VM code, C=native code)
V  [jvm.dll+0x683b4a]
V  [jvm.dll+0x842654]
V  [jvm.dll+0x843dfe]
V  [jvm.dll+0x844463]
V  [jvm.dll+0x249b75]
V  [jvm.dll+0xabcac]
V  [jvm.dll+0xac27c]
V  [jvm.dll+0x368802]
V  [jvm.dll+0x332f31]
V  [jvm.dll+0x3323da]
V  [jvm.dll+0x21c201]
V  [jvm.dll+0x21b621]
V  [jvm.dll+0x1a4fdd]
V  [jvm.dll+0x22b098]
V  [jvm.dll+0x229159]
V  [jvm.dll+0x7f809c]
V  [jvm.dll+0x7f25fa]
V  [jvm.dll+0x682985]
C  [ucrtbase.dll+0x21bb2]
C  [KERNEL32.DLL+0x17614]
C  [ntdll.dll+0x526a1]


---------------  P R O C E S S  ---------------

Threads class SMR info:
_java_thread_list=0x0000017a0c4130a0, length=82, elements={
0x0000017a6a29cd70, 0x0000017a7f887260, 0x0000017a7f887de0, 0x0000017a7f893bb0,
0x0000017a7f894470, 0x0000017a7f894d30, 0x0000017a7f8955f0, 0x0000017a7f9c5840,
0x0000017a7f9c61f0, 0x0000017a7f9cab10, 0x0000017a7fb66760, 0x0000017a7fb67450,
0x0000017a073bd740, 0x0000017a05c6e2d0, 0x0000017a06b813c0, 0x0000017a069e1f20,
0x0000017a05446410, 0x0000017a05db6e20, 0x0000017a05db6950, 0x0000017a05db8fd0,
0x0000017a05db8160, 0x0000017a05db77c0, 0x0000017a05db7c90, 0x0000017a05db72f0,
0x0000017a05db6480, 0x0000017a05db8630, 0x0000017a05db8b00, 0x0000017a05db94a0,
0x0000017a05db9970, 0x0000017a05db5fb0, 0x0000017a099e49c0, 0x0000017a0726ce10,
0x0000017a0726d7b0, 0x0000017a07270ca0, 0x0000017a07271b10, 0x0000017a0726c940,
0x0000017a07271fe0, 0x0000017a0726e150, 0x0000017a0726b130, 0x0000017a07271170,
0x0000017a0726e620, 0x0000017a0726f960, 0x0000017a0726bfa0, 0x0000017a0726b600,
0x0000017a0726f490, 0x0000017a0726c470, 0x0000017a0726eaf0, 0x0000017a0726fe30,
0x0000017a0726efc0, 0x0000017a07270300, 0x0000017a07271640, 0x0000017a072707d0,
0x0000017a072724b0, 0x0000017a07272980, 0x0000017a0a018f00, 0x0000017a0a01ba50,
0x0000017a0a015a10, 0x0000017a0a0163b0, 0x0000017a0a01abe0, 0x0000017a0a018560,
0x0000017a0a015540, 0x0000017a0a018a30, 0x0000017a0a01bf20, 0x0000017a0a01c3f0,
0x0000017a0a01a710, 0x0000017a0a01c8c0, 0x0000017a0a015070, 0x0000017a0a0193d0,
0x0000017a0a015ee0, 0x0000017a0a016d50, 0x0000017a0a017bc0, 0x0000017a0a016880,
0x0000017a0a019d70, 0x0000017a0a018090, 0x0000017a0a017220, 0x0000017a0a0198a0,
0x0000017a0a0176f0, 0x0000017a0a01a240, 0x0000017a0a01b0b0, 0x0000017a0a01b580,
0x0000017a09de7990, 0x0000017a09de3160
}

Java Threads: ( => current thread )
  0x0000017a6a29cd70 JavaThread "main" [_thread_blocked, id=23988, stack(0x000000794d700000,0x000000794d800000)]
  0x0000017a7f887260 JavaThread "Reference Handler" daemon [_thread_blocked, id=19344, stack(0x000000794de00000,0x000000794df00000)]
  0x0000017a7f887de0 JavaThread "Finalizer" daemon [_thread_blocked, id=22064, stack(0x000000794df00000,0x000000794e000000)]
  0x0000017a7f893bb0 JavaThread "Signal Dispatcher" daemon [_thread_blocked, id=11340, stack(0x000000794e000000,0x000000794e100000)]
  0x0000017a7f894470 JavaThread "Attach Listener" daemon [_thread_blocked, id=16408, stack(0x000000794e100000,0x000000794e200000)]
  0x0000017a7f894d30 JavaThread "Service Thread" daemon [_thread_blocked, id=18668, stack(0x000000794e200000,0x000000794e300000)]
  0x0000017a7f8955f0 JavaThread "Monitor Deflation Thread" daemon [_thread_blocked, id=17668, stack(0x000000794e300000,0x000000794e400000)]
  0x0000017a7f9c5840 JavaThread "C2 CompilerThread0" daemon [_thread_blocked, id=18516, stack(0x000000794e400000,0x000000794e500000)]
  0x0000017a7f9c61f0 JavaThread "C1 CompilerThread0" daemon [_thread_blocked, id=5188, stack(0x000000794e500000,0x000000794e600000)]
  0x0000017a7f9cab10 JavaThread "Sweeper thread" daemon [_thread_blocked, id=22140, stack(0x000000794e600000,0x000000794e700000)]
  0x0000017a7fb66760 JavaThread "Common-Cleaner" daemon [_thread_blocked, id=23048, stack(0x000000794e700000,0x000000794e800000)]
  0x0000017a7fb67450 JavaThread "Notification Thread" daemon [_thread_blocked, id=6564, stack(0x000000794e800000,0x000000794e900000)]
  0x0000017a073bd740 JavaThread "Daemon health stats" [_thread_blocked, id=2972, stack(0x000000794ee00000,0x000000794ef00000)]
  0x0000017a05c6e2d0 JavaThread "Incoming local TCP Connector on port 50431" [_thread_in_native, id=15864, stack(0x000000794ea00000,0x000000794eb00000)]
  0x0000017a06b813c0 JavaThread "Daemon periodic checks" [_thread_blocked, id=20748, stack(0x000000794ef00000,0x000000794f000000)]
  0x0000017a069e1f20 JavaThread "Daemon" [_thread_blocked, id=16256, stack(0x000000794f000000,0x000000794f100000)]
  0x0000017a05446410 JavaThread "Handler for socket connection from /127.0.0.1:50431 to /127.0.0.1:50432" [_thread_in_native, id=16360, stack(0x000000794f100000,0x000000794f200000)]
  0x0000017a05db6e20 JavaThread "Cancel handler" [_thread_blocked, id=6880, stack(0x000000794f200000,0x000000794f300000)]
  0x0000017a05db6950 JavaThread "Daemon worker" [_thread_in_vm, id=5360, stack(0x000000794f300000,0x000000794f400000)]
  0x0000017a05db8fd0 JavaThread "Asynchronous log dispatcher for DefaultDaemonConnection: socket connection from /127.0.0.1:50431 to /127.0.0.1:50432" [_thread_blocked, id=4140, stack(0x000000794f400000,0x000000794f500000)]
  0x0000017a05db8160 JavaThread "Stdin handler" [_thread_blocked, id=19504, stack(0x000000794f500000,0x000000794f600000)]
  0x0000017a05db77c0 JavaThread "Daemon client event forwarder" [_thread_blocked, id=15300, stack(0x000000794f600000,0x000000794f700000)]
  0x0000017a05db7c90 JavaThread "Cache worker for journal cache (C:\Users\oussama\.gradle\caches\journal-1)" [_thread_blocked, id=20020, stack(0x000000794f700000,0x000000794f800000)]
  0x0000017a05db72f0 JavaThread "File lock request listener" [_thread_in_native, id=22308, stack(0x000000794f800000,0x000000794f900000)]
  0x0000017a05db6480 JavaThread "Cache worker for file hash cache (C:\Users\oussama\.gradle\caches\7.5\fileHashes)" [_thread_blocked, id=14756, stack(0x000000794f900000,0x000000794fa00000)]
  0x0000017a05db8630 JavaThread "File watcher server" daemon [_thread_in_native, id=17784, stack(0x000000794fa00000,0x000000794fb00000)]
  0x0000017a05db8b00 JavaThread "File watcher consumer" daemon [_thread_blocked, id=11892, stack(0x000000794fb00000,0x000000794fc00000)]
  0x0000017a05db94a0 JavaThread "Cache worker for checksums cache (C:\Users\oussama\Downloads\drive-download-20230523T182349Z-001\.gradle\7.5\checksums)" [_thread_blocked, id=15024, stack(0x000000794fc00000,0x000000794fd00000)]
  0x0000017a05db9970 JavaThread "Cache worker for cache directory md-rule (C:\Users\oussama\.gradle\caches\7.5\md-rule)" [_thread_blocked, id=7076, stack(0x000000794fd00000,0x000000794fe00000)]
  0x0000017a05db5fb0 JavaThread "Cache worker for file content cache (C:\Users\oussama\.gradle\caches\7.5\fileContent)" [_thread_blocked, id=20304, stack(0x000000794fe00000,0x000000794ff00000)]
=>0x0000017a099e49c0 JavaThread "C2 CompilerThread1" daemon [_thread_in_native, id=6060, stack(0x000000794ff00000,0x0000007950000000)]
  0x0000017a0726ce10 JavaThread "Cache worker for file hash cache (C:\Users\oussama\Downloads\drive-download-20230523T182349Z-001\.gradle\7.5\fileHashes)" [_thread_blocked, id=23556, stack(0x0000007950000000,0x0000007950100000)]
  0x0000017a0726d7b0 JavaThread "Cache worker for cache directory md-supplier (C:\Users\oussama\.gradle\caches\7.5\md-supplier)" [_thread_blocked, id=1372, stack(0x0000007950100000,0x0000007950200000)]
  0x0000017a07270ca0 JavaThread "Cache worker for execution history cache (C:\Users\oussama\.gradle\caches\7.5\executionHistory)" [_thread_blocked, id=24032, stack(0x0000007950200000,0x0000007950300000)]
  0x0000017a07271b10 JavaThread "jar transforms" [_thread_blocked, id=6040, stack(0x0000007950300000,0x0000007950400000)]
  0x0000017a0726c940 JavaThread "jar transforms Thread 2" [_thread_blocked, id=17324, stack(0x0000007950400000,0x0000007950500000)]
  0x0000017a07271fe0 JavaThread "jar transforms Thread 3" [_thread_blocked, id=23776, stack(0x0000007950500000,0x0000007950600000)]
  0x0000017a0726e150 JavaThread "jar transforms Thread 4" [_thread_blocked, id=10712, stack(0x0000007950600000,0x0000007950700000)]
  0x0000017a0726b130 JavaThread "Cache worker for dependencies-accessors (C:\Users\oussama\Downloads\drive-download-20230523T182349Z-001\.gradle\7.5\dependencies-accessors)" [_thread_blocked, id=19204, stack(0x0000007950700000,0x0000007950800000)]
  0x0000017a07271170 JavaThread "Cache worker for Build Output Cleanup Cache (C:\Users\oussama\Downloads\drive-download-20230523T182349Z-001\.gradle\buildOutputCleanup)" [_thread_blocked, id=9572, stack(0x0000007950800000,0x0000007950900000)]
  0x0000017a0726e620 JavaThread "Unconstrained build operations" [_thread_blocked, id=20876, stack(0x0000007950900000,0x0000007950a00000)]
  0x0000017a0726f960 JavaThread "Unconstrained build operations Thread 2" [_thread_blocked, id=22736, stack(0x0000007950a00000,0x0000007950b00000)]
  0x0000017a0726bfa0 JavaThread "Unconstrained build operations Thread 3" [_thread_blocked, id=14568, stack(0x0000007950b00000,0x0000007950c00000)]
  0x0000017a0726b600 JavaThread "Unconstrained build operations Thread 4" [_thread_blocked, id=17516, stack(0x0000007950c00000,0x0000007950d00000)]
  0x0000017a0726f490 JavaThread "Unconstrained build operations Thread 5" [_thread_blocked, id=7020, stack(0x0000007950d00000,0x0000007950e00000)]
  0x0000017a0726c470 JavaThread "Unconstrained build operations Thread 6" [_thread_blocked, id=23592, stack(0x0000007950e00000,0x0000007950f00000)]
  0x0000017a0726eaf0 JavaThread "Unconstrained build operations Thread 7" [_thread_blocked, id=15128, stack(0x0000007950f00000,0x0000007951000000)]
  0x0000017a0726fe30 JavaThread "Unconstrained build operations Thread 8" [_thread_blocked, id=12632, stack(0x0000007951000000,0x0000007951100000)]
  0x0000017a0726efc0 JavaThread "Unconstrained build operations Thread 9" [_thread_blocked, id=21764, stack(0x0000007951100000,0x0000007951200000)]
  0x0000017a07270300 JavaThread "Unconstrained build operations Thread 10" [_thread_blocked, id=14384, stack(0x0000007951200000,0x0000007951300000)]
  0x0000017a07271640 JavaThread "Unconstrained build operations Thread 11" [_thread_blocked, id=23272, stack(0x0000007951300000,0x0000007951400000)]
  0x0000017a072707d0 JavaThread "Unconstrained build operations Thread 12" [_thread_blocked, id=22744, stack(0x0000007951400000,0x0000007951500000)]
  0x0000017a072724b0 JavaThread "Unconstrained build operations Thread 13" [_thread_blocked, id=8344, stack(0x0000007951500000,0x0000007951600000)]
  0x0000017a07272980 JavaThread "Unconstrained build operations Thread 14" [_thread_blocked, id=18252, stack(0x0000007951600000,0x0000007951700000)]
  0x0000017a0a018f00 JavaThread "Unconstrained build operations Thread 15" [_thread_blocked, id=9848, stack(0x0000007951700000,0x0000007951800000)]
  0x0000017a0a01ba50 JavaThread "Unconstrained build operations Thread 16" [_thread_blocked, id=3380, stack(0x0000007951800000,0x0000007951900000)]
  0x0000017a0a015a10 JavaThread "Unconstrained build operations Thread 17" [_thread_blocked, id=15644, stack(0x0000007951900000,0x0000007951a00000)]
  0x0000017a0a0163b0 JavaThread "Unconstrained build operations Thread 18" [_thread_blocked, id=14960, stack(0x0000007951a00000,0x0000007951b00000)]
  0x0000017a0a01abe0 JavaThread "Unconstrained build operations Thread 19" [_thread_blocked, id=14656, stack(0x0000007951b00000,0x0000007951c00000)]
  0x0000017a0a018560 JavaThread "Unconstrained build operations Thread 20" [_thread_blocked, id=21884, stack(0x0000007951c00000,0x0000007951d00000)]
  0x0000017a0a015540 JavaThread "Unconstrained build operations Thread 21" [_thread_blocked, id=20436, stack(0x0000007951d00000,0x0000007951e00000)]
  0x0000017a0a018a30 JavaThread "Unconstrained build operations Thread 22" [_thread_blocked, id=17848, stack(0x0000007951e00000,0x0000007951f00000)]
  0x0000017a0a01bf20 JavaThread "Unconstrained build operations Thread 23" [_thread_blocked, id=14412, stack(0x0000007951f00000,0x0000007952000000)]
  0x0000017a0a01c3f0 JavaThread "Unconstrained build operations Thread 24" [_thread_blocked, id=17132, stack(0x0000007952000000,0x0000007952100000)]
  0x0000017a0a01a710 JavaThread "Unconstrained build operations Thread 25" [_thread_blocked, id=10856, stack(0x0000007952100000,0x0000007952200000)]
  0x0000017a0a01c8c0 JavaThread "Unconstrained build operations Thread 26" [_thread_blocked, id=18928, stack(0x0000007952200000,0x0000007952300000)]
  0x0000017a0a015070 JavaThread "Unconstrained build operations Thread 27" [_thread_blocked, id=11944, stack(0x0000007952300000,0x0000007952400000)]
  0x0000017a0a0193d0 JavaThread "Unconstrained build operations Thread 28" [_thread_blocked, id=20088, stack(0x0000007952400000,0x0000007952500000)]
  0x0000017a0a015ee0 JavaThread "Unconstrained build operations Thread 29" [_thread_blocked, id=23788, stack(0x0000007952500000,0x0000007952600000)]
  0x0000017a0a016d50 JavaThread "Unconstrained build operations Thread 30" [_thread_blocked, id=6448, stack(0x0000007952600000,0x0000007952700000)]
  0x0000017a0a017bc0 JavaThread "Unconstrained build operations Thread 31" [_thread_blocked, id=13940, stack(0x0000007952700000,0x0000007952800000)]
  0x0000017a0a016880 JavaThread "Unconstrained build operations Thread 32" [_thread_blocked, id=1072, stack(0x0000007952800000,0x0000007952900000)]
  0x0000017a0a019d70 JavaThread "Unconstrained build operations Thread 33" [_thread_blocked, id=21480, stack(0x0000007952900000,0x0000007952a00000)]
  0x0000017a0a018090 JavaThread "Unconstrained build operations Thread 34" [_thread_blocked, id=5216, stack(0x0000007952a00000,0x0000007952b00000)]
  0x0000017a0a017220 JavaThread "Unconstrained build operations Thread 35" [_thread_blocked, id=7564, stack(0x0000007952b00000,0x0000007952c00000)]
  0x0000017a0a0198a0 JavaThread "Unconstrained build operations Thread 36" [_thread_blocked, id=5092, stack(0x0000007952c00000,0x0000007952d00000)]
  0x0000017a0a0176f0 JavaThread "Unconstrained build operations Thread 37" [_thread_blocked, id=4800, stack(0x0000007952d00000,0x0000007952e00000)]
  0x0000017a0a01a240 JavaThread "Unconstrained build operations Thread 38" [_thread_blocked, id=9540, stack(0x0000007952e00000,0x0000007952f00000)]
  0x0000017a0a01b0b0 JavaThread "Unconstrained build operations Thread 39" [_thread_blocked, id=20404, stack(0x0000007952f00000,0x0000007953000000)]
  0x0000017a0a01b580 JavaThread "Unconstrained build operations Thread 40" [_thread_blocked, id=9388, stack(0x0000007953000000,0x0000007953100000)]
  0x0000017a09de7990 JavaThread "build event listener" [_thread_blocked, id=21012, stack(0x0000007953100000,0x0000007953200000)]
  0x0000017a09de3160 JavaThread "Memory manager" [_thread_blocked, id=6592, stack(0x0000007953200000,0x0000007953300000)]

Other Threads:
  0x0000017a7f8617c0 VMThread "VM Thread" [stack: 0x000000794dd00000,0x000000794de00000] [id=12828]
  0x0000017a6a31d490 WatcherThread [stack: 0x000000794e900000,0x000000794ea00000] [id=18840]
  0x0000017a6a2fb1e0 GCTaskThread "GC Thread#0" [stack: 0x000000794d800000,0x000000794d900000] [id=9660]
  0x0000017a7fd729a0 GCTaskThread "GC Thread#1" [stack: 0x000000794eb00000,0x000000794ec00000] [id=14456]
  0x0000017a7fd72c50 GCTaskThread "GC Thread#2" [stack: 0x000000794ec00000,0x000000794ed00000] [id=5848]
  0x0000017a0487d3a0 GCTaskThread "GC Thread#3" [stack: 0x000000794ed00000,0x000000794ee00000] [id=15044]
  0x0000017a6a30bf30 ConcurrentGCThread "G1 Main Marker" [stack: 0x000000794d900000,0x000000794da00000] [id=16320]
  0x0000017a6a30df00 ConcurrentGCThread "G1 Conc#0" [stack: 0x000000794da00000,0x000000794db00000] [id=14448]
  0x0000017a6a366aa0 ConcurrentGCThread "G1 Refine#0" [stack: 0x000000794db00000,0x000000794dc00000] [id=16428]
  0x0000017a7f6c0490 ConcurrentGCThread "G1 Service" [stack: 0x000000794dc00000,0x000000794dd00000] [id=20032]

Threads with active compile tasks:
C2 CompilerThread1    14288 7738       4       java.lang.Class::getMethod (59 bytes)

VM state: not at safepoint (normal execution)

VM Mutex/Monitor currently owned by a thread: None

Heap address: 0x0000000080000000, size: 2048 MB, Compressed Oops mode: 32-bit

CDS archive(s) not mapped
Compressed class space mapped at: 0x0000000100000000-0x0000000140000000, reserved size: 1073741824
Narrow klass base: 0x0000000000000000, Narrow klass shift: 3, Narrow klass range: 0x140000000

GC Precious Log:
 CPUs: 4 total, 4 available
 Memory: 8134M
 Large Page Support: Disabled
 NUMA Support: Disabled
 Compressed Oops: Enabled (32-bit)
 Heap Region Size: 1M
 Heap Min Capacity: 8M
 Heap Initial Capacity: 128M
 Heap Max Capacity: 2G
 Pre-touch: Disabled
 Parallel Workers: 4
 Concurrent Workers: 1
 Concurrent Refinement Workers: 4
 Periodic GC: Disabled

Heap:
 garbage-first heap   total 121856K, used 90238K [0x0000000080000000, 0x0000000100000000)
  region size 1024K, 37 young (37888K), 4 survivors (4096K)
 Metaspace       used 76740K, committed 77248K, reserved 1122304K
  class space    used 10468K, committed 10688K, reserved 1048576K

Heap Regions: E=young(eden), S=young(survivor), O=old, HS=humongous(starts), HC=humongous(continues), CS=collection set, F=free, OA=open archive, CA=closed archive, TAMS=top-at-mark-start (previous, next)
|   0|0x0000000080000000, 0x0000000080100000, 0x0000000080100000|100%|HS|  |TAMS 0x0000000080100000, 0x0000000080000000| Complete 
|   1|0x0000000080100000, 0x0000000080200000, 0x0000000080200000|100%|HC|  |TAMS 0x0000000080200000, 0x0000000080100000| Complete 
|   2|0x0000000080200000, 0x0000000080300000, 0x0000000080300000|100%|HC|  |TAMS 0x0000000080300000, 0x0000000080200000| Complete 
|   3|0x0000000080300000, 0x0000000080400000, 0x0000000080400000|100%| O|  |TAMS 0x0000000080400000, 0x0000000080300000| Untracked 
|   4|0x0000000080400000, 0x0000000080500000, 0x0000000080500000|100%| O|  |TAMS 0x0000000080500000, 0x0000000080400000| Untracked 
|   5|0x0000000080500000, 0x0000000080600000, 0x0000000080600000|100%| O|  |TAMS 0x0000000080600000, 0x0000000080500000| Untracked 
|   6|0x0000000080600000, 0x0000000080700000, 0x0000000080700000|100%| O|  |TAMS 0x0000000080700000, 0x0000000080600000| Untracked 
|   7|0x0000000080700000, 0x0000000080800000, 0x0000000080800000|100%| O|  |TAMS 0x0000000080800000, 0x0000000080700000| Untracked 
|   8|0x0000000080800000, 0x0000000080900000, 0x0000000080900000|100%| O|  |TAMS 0x0000000080900000, 0x0000000080800000| Untracked 
|   9|0x0000000080900000, 0x0000000080a00000, 0x0000000080a00000|100%| O|  |TAMS 0x0000000080a00000, 0x0000000080900000| Untracked 
|  10|0x0000000080a00000, 0x0000000080b00000, 0x0000000080b00000|100%| O|  |TAMS 0x0000000080b00000, 0x0000000080a00000| Untracked 
|  11|0x0000000080b00000, 0x0000000080c00000, 0x0000000080c00000|100%| O|  |TAMS 0x0000000080c00000, 0x0000000080b00000| Untracked 
|  12|0x0000000080c00000, 0x0000000080d00000, 0x0000000080d00000|100%| O|  |TAMS 0x0000000080d00000, 0x0000000080c00000| Untracked 
|  13|0x0000000080d00000, 0x0000000080e00000, 0x0000000080e00000|100%| O|  |TAMS 0x0000000080e00000, 0x0000000080d00000| Untracked 
|  14|0x0000000080e00000, 0x0000000080f00000, 0x0000000080f00000|100%| O|  |TAMS 0x0000000080f00000, 0x0000000080e00000| Untracked 
|  15|0x0000000080f00000, 0x0000000081000000, 0x0000000081000000|100%| O|  |TAMS 0x0000000081000000, 0x0000000080f00000| Untracked 
|  16|0x0000000081000000, 0x0000000081100000, 0x0000000081100000|100%| O|  |TAMS 0x0000000081100000, 0x0000000081000000| Untracked 
|  17|0x0000000081100000, 0x0000000081200000, 0x0000000081200000|100%| O|  |TAMS 0x0000000081200000, 0x0000000081100000| Untracked 
|  18|0x0000000081200000, 0x0000000081300000, 0x0000000081300000|100%| O|  |TAMS 0x0000000081300000, 0x0000000081200000| Untracked 
|  19|0x0000000081300000, 0x0000000081400000, 0x0000000081400000|100%| O|  |TAMS 0x0000000081400000, 0x0000000081300000| Untracked 
|  20|0x0000000081400000, 0x0000000081500000, 0x0000000081500000|100%| O|  |TAMS 0x0000000081500000, 0x0000000081400000| Untracked 
|  21|0x0000000081500000, 0x0000000081600000, 0x0000000081600000|100%| O|  |TAMS 0x0000000081600000, 0x0000000081500000| Untracked 
|  22|0x0000000081600000, 0x0000000081700000, 0x0000000081700000|100%|HS|  |TAMS 0x0000000081700000, 0x0000000081600000| Complete 
|  23|0x0000000081700000, 0x0000000081800000, 0x0000000081800000|100%| O|  |TAMS 0x0000000081800000, 0x0000000081700000| Untracked 
|  24|0x0000000081800000, 0x0000000081900000, 0x0000000081900000|100%| O|  |TAMS 0x0000000081900000, 0x0000000081800000| Untracked 
|  25|0x0000000081900000, 0x0000000081a00000, 0x0000000081a00000|100%| O|  |TAMS 0x0000000081a00000, 0x0000000081900000| Untracked 
|  26|0x0000000081a00000, 0x0000000081b00000, 0x0000000081b00000|100%| O|  |TAMS 0x0000000081b00000, 0x0000000081a00000| Untracked 
|  27|0x0000000081b00000, 0x0000000081c00000, 0x0000000081c00000|100%| O|  |TAMS 0x0000000081c00000, 0x0000000081b00000| Untracked 
|  28|0x0000000081c00000, 0x0000000081d00000, 0x0000000081d00000|100%| O|  |TAMS 0x0000000081d00000, 0x0000000081c00000| Untracked 
|  29|0x0000000081d00000, 0x0000000081e00000, 0x0000000081e00000|100%| O|  |TAMS 0x0000000081e00000, 0x0000000081d00000| Untracked 
|  30|0x0000000081e00000, 0x0000000081f00000, 0x0000000081f00000|100%|HS|  |TAMS 0x0000000081f00000, 0x0000000081e00000| Complete 
|  31|0x0000000081f00000, 0x0000000082000000, 0x0000000082000000|100%| O|  |TAMS 0x0000000082000000, 0x0000000081f00000| Untracked 
|  32|0x0000000082000000, 0x0000000082100000, 0x0000000082100000|100%| O|  |TAMS 0x0000000082100000, 0x0000000082000000| Untracked 
|  33|0x0000000082100000, 0x0000000082200000, 0x0000000082200000|100%| O|  |TAMS 0x0000000082200000, 0x0000000082100000| Untracked 
|  34|0x0000000082200000, 0x0000000082300000, 0x0000000082300000|100%| O|  |TAMS 0x0000000082300000, 0x0000000082200000| Untracked 
|  35|0x0000000082300000, 0x0000000082400000, 0x0000000082400000|100%| O|  |TAMS 0x0000000082400000, 0x0000000082300000| Untracked 
|  36|0x0000000082400000, 0x0000000082500000, 0x0000000082500000|100%| O|  |TAMS 0x0000000082500000, 0x0000000082400000| Untracked 
|  37|0x0000000082500000, 0x0000000082600000, 0x0000000082600000|100%| O|  |TAMS 0x0000000082600000, 0x0000000082500000| Untracked 
|  38|0x0000000082600000, 0x0000000082700000, 0x0000000082700000|100%| O|  |TAMS 0x0000000082700000, 0x0000000082600000| Untracked 
|  39|0x0000000082700000, 0x0000000082800000, 0x0000000082800000|100%| O|  |TAMS 0x0000000082800000, 0x0000000082700000| Untracked 
|  40|0x0000000082800000, 0x0000000082900000, 0x0000000082900000|100%| O|  |TAMS 0x0000000082900000, 0x0000000082800000| Untracked 
|  41|0x0000000082900000, 0x0000000082a00000, 0x0000000082a00000|100%| O|  |TAMS 0x0000000082a00000, 0x0000000082900000| Untracked 
|  42|0x0000000082a00000, 0x0000000082b00000, 0x0000000082b00000|100%| O|  |TAMS 0x0000000082b00000, 0x0000000082a00000| Untracked 
|  43|0x0000000082b00000, 0x0000000082c00000, 0x0000000082c00000|100%| O|  |TAMS 0x0000000082c00000, 0x0000000082b00000| Untracked 
|  44|0x0000000082c00000, 0x0000000082d00000, 0x0000000082d00000|100%| O|  |TAMS 0x0000000082d00000, 0x0000000082c00000| Untracked 
|  45|0x0000000082d00000, 0x0000000082e00000, 0x0000000082e00000|100%| O|  |TAMS 0x0000000082e00000, 0x0000000082d00000| Untracked 
|  46|0x0000000082e00000, 0x0000000082f00000, 0x0000000082f00000|100%| O|  |TAMS 0x0000000082f00000, 0x0000000082e00000| Untracked 
|  47|0x0000000082f00000, 0x0000000083000000, 0x0000000083000000|100%| O|  |TAMS 0x0000000083000000, 0x0000000082f00000| Untracked 
|  48|0x0000000083000000, 0x0000000083100000, 0x0000000083100000|100%| O|  |TAMS 0x0000000083100000, 0x0000000083000000| Untracked 
|  49|0x0000000083100000, 0x0000000083200000, 0x0000000083200000|100%| O|  |TAMS 0x0000000083100000, 0x0000000083100000| Untracked 
|  50|0x0000000083200000, 0x0000000083300000, 0x0000000083300000|100%| O|  |TAMS 0x0000000083200000, 0x0000000083200000| Untracked 
|  51|0x0000000083300000, 0x0000000083400000, 0x0000000083400000|100%| O|  |TAMS 0x0000000083300000, 0x0000000083300000| Untracked 
|  52|0x0000000083400000, 0x00000000834f0200, 0x0000000083500000| 93%| O|  |TAMS 0x0000000083400000, 0x0000000083400000| Untracked 
|  53|0x0000000083500000, 0x0000000083500000, 0x0000000083600000|  0%| F|  |TAMS 0x0000000083500000, 0x0000000083500000| Untracked 
|  54|0x0000000083600000, 0x0000000083600000, 0x0000000083700000|  0%| F|  |TAMS 0x0000000083600000, 0x0000000083600000| Untracked 
|  55|0x0000000083700000, 0x0000000083700000, 0x0000000083800000|  0%| F|  |TAMS 0x0000000083700000, 0x0000000083700000| Untracked 
|  56|0x0000000083800000, 0x0000000083800000, 0x0000000083900000|  0%| F|  |TAMS 0x0000000083800000, 0x0000000083800000| Untracked 
|  57|0x0000000083900000, 0x0000000083900000, 0x0000000083a00000|  0%| F|  |TAMS 0x0000000083900000, 0x0000000083900000| Untracked 
|  58|0x0000000083a00000, 0x0000000083a00000, 0x0000000083b00000|  0%| F|  |TAMS 0x0000000083a00000, 0x0000000083a00000| Untracked 
|  59|0x0000000083b00000, 0x0000000083b00000, 0x0000000083c00000|  0%| F|  |TAMS 0x0000000083b00000, 0x0000000083b00000| Untracked 
|  60|0x0000000083c00000, 0x0000000083c00000, 0x0000000083d00000|  0%| F|  |TAMS 0x0000000083c00000, 0x0000000083c00000| Untracked 
|  61|0x0000000083d00000, 0x0000000083d00000, 0x0000000083e00000|  0%| F|  |TAMS 0x0000000083d00000, 0x0000000083d00000| Untracked 
|  62|0x0000000083e00000, 0x0000000083e00000, 0x0000000083f00000|  0%| F|  |TAMS 0x0000000083e00000, 0x0000000083e00000| Untracked 
|  63|0x0000000083f00000, 0x0000000083f00000, 0x0000000084000000|  0%| F|  |TAMS 0x0000000083f00000, 0x0000000083f00000| Untracked 
|  64|0x0000000084000000, 0x0000000084000000, 0x0000000084100000|  0%| F|  |TAMS 0x0000000084000000, 0x0000000084000000| Untracked 
|  65|0x0000000084100000, 0x0000000084100000, 0x0000000084200000|  0%| F|  |TAMS 0x0000000084100000, 0x0000000084100000| Untracked 
|  66|0x0000000084200000, 0x0000000084200000, 0x0000000084300000|  0%| F|  |TAMS 0x0000000084200000, 0x0000000084200000| Untracked 
|  67|0x0000000084300000, 0x0000000084300000, 0x0000000084400000|  0%| F|  |TAMS 0x0000000084300000, 0x0000000084300000| Untracked 
|  68|0x0000000084400000, 0x000000008442f930, 0x0000000084500000| 18%| S|CS|TAMS 0x0000000084400000, 0x0000000084400000| Complete 
|  69|0x0000000084500000, 0x0000000084600000, 0x0000000084600000|100%| S|CS|TAMS 0x0000000084500000, 0x0000000084500000| Complete 
|  70|0x0000000084600000, 0x0000000084600000, 0x0000000084700000|  0%| F|  |TAMS 0x0000000084600000, 0x0000000084600000| Untracked 
|  71|0x0000000084700000, 0x0000000084700000, 0x0000000084800000|  0%| F|  |TAMS 0x0000000084700000, 0x0000000084700000| Untracked 
|  72|0x0000000084800000, 0x0000000084900000, 0x0000000084900000|100%| S|CS|TAMS 0x0000000084800000, 0x0000000084800000| Complete 
|  73|0x0000000084900000, 0x0000000084a00000, 0x0000000084a00000|100%| S|CS|TAMS 0x0000000084900000, 0x0000000084900000| Complete 
|  74|0x0000000084a00000, 0x0000000084a00000, 0x0000000084b00000|  0%| F|  |TAMS 0x0000000084a00000, 0x0000000084a00000| Untracked 
|  75|0x0000000084b00000, 0x0000000084b00000, 0x0000000084c00000|  0%| F|  |TAMS 0x0000000084b00000, 0x0000000084b00000| Untracked 
|  76|0x0000000084c00000, 0x0000000084c00000, 0x0000000084d00000|  0%| F|  |TAMS 0x0000000084c00000, 0x0000000084c00000| Untracked 
|  77|0x0000000084d00000, 0x0000000084d00000, 0x0000000084e00000|  0%| F|  |TAMS 0x0000000084d00000, 0x0000000084d00000| Untracked 
|  78|0x0000000084e00000, 0x0000000084e00000, 0x0000000084f00000|  0%| F|  |TAMS 0x0000000084e00000, 0x0000000084e00000| Untracked 
|  79|0x0000000084f00000, 0x0000000084f00000, 0x0000000085000000|  0%| F|  |TAMS 0x0000000084f00000, 0x0000000084f00000| Untracked 
|  80|0x0000000085000000, 0x0000000085000000, 0x0000000085100000|  0%| F|  |TAMS 0x0000000085000000, 0x0000000085000000| Untracked 
|  81|0x0000000085100000, 0x0000000085100000, 0x0000000085200000|  0%| F|  |TAMS 0x0000000085100000, 0x0000000085100000| Untracked 
|  82|0x0000000085200000, 0x0000000085200000, 0x0000000085300000|  0%| F|  |TAMS 0x0000000085200000, 0x0000000085200000| Untracked 
|  83|0x0000000085300000, 0x0000000085300000, 0x0000000085400000|  0%| F|  |TAMS 0x0000000085300000, 0x0000000085300000| Untracked 
|  84|0x0000000085400000, 0x0000000085400000, 0x0000000085500000|  0%| F|  |TAMS 0x0000000085400000, 0x0000000085400000| Untracked 
|  85|0x0000000085500000, 0x0000000085500000, 0x0000000085600000|  0%| F|  |TAMS 0x0000000085500000, 0x0000000085500000| Untracked 
|  86|0x0000000085600000, 0x0000000085680800, 0x0000000085700000| 50%| E|  |TAMS 0x0000000085600000, 0x0000000085600000| Complete 
|  87|0x0000000085700000, 0x0000000085800000, 0x0000000085800000|100%| E|CS|TAMS 0x0000000085700000, 0x0000000085700000| Complete 
|  88|0x0000000085800000, 0x0000000085900000, 0x0000000085900000|100%| E|CS|TAMS 0x0000000085800000, 0x0000000085800000| Complete 
|  89|0x0000000085900000, 0x0000000085a00000, 0x0000000085a00000|100%| E|CS|TAMS 0x0000000085900000, 0x0000000085900000| Complete 
|  90|0x0000000085a00000, 0x0000000085b00000, 0x0000000085b00000|100%| E|CS|TAMS 0x0000000085a00000, 0x0000000085a00000| Complete 
|  91|0x0000000085b00000, 0x0000000085c00000, 0x0000000085c00000|100%| E|CS|TAMS 0x0000000085b00000, 0x0000000085b00000| Complete 
|  92|0x0000000085c00000, 0x0000000085d00000, 0x0000000085d00000|100%| E|CS|TAMS 0x0000000085c00000, 0x0000000085c00000| Complete 
|  93|0x0000000085d00000, 0x0000000085e00000, 0x0000000085e00000|100%| E|CS|TAMS 0x0000000085d00000, 0x0000000085d00000| Complete 
|  94|0x0000000085e00000, 0x0000000085f00000, 0x0000000085f00000|100%| E|CS|TAMS 0x0000000085e00000, 0x0000000085e00000| Complete 
|  95|0x0000000085f00000, 0x0000000086000000, 0x0000000086000000|100%| E|CS|TAMS 0x0000000085f00000, 0x0000000085f00000| Complete 
|  96|0x0000000086000000, 0x0000000086100000, 0x0000000086100000|100%| E|CS|TAMS 0x0000000086000000, 0x0000000086000000| Complete 
|  97|0x0000000086100000, 0x0000000086200000, 0x0000000086200000|100%| E|CS|TAMS 0x0000000086100000, 0x0000000086100000| Complete 
|  98|0x0000000086200000, 0x0000000086300000, 0x0000000086300000|100%| E|CS|TAMS 0x0000000086200000, 0x0000000086200000| Complete 
|  99|0x0000000086300000, 0x0000000086400000, 0x0000000086400000|100%| E|CS|TAMS 0x0000000086300000, 0x0000000086300000| Complete 
| 100|0x0000000086400000, 0x0000000086500000, 0x0000000086500000|100%| E|CS|TAMS 0x0000000086400000, 0x0000000086400000| Complete 
| 101|0x0000000086500000, 0x0000000086600000, 0x0000000086600000|100%| E|CS|TAMS 0x0000000086500000, 0x0000000086500000| Complete 
| 102|0x0000000086600000, 0x0000000086700000, 0x0000000086700000|100%| E|CS|TAMS 0x0000000086600000, 0x0000000086600000| Complete 
| 103|0x0000000086700000, 0x0000000086800000, 0x0000000086800000|100%| E|CS|TAMS 0x0000000086700000, 0x0000000086700000| Complete 
| 104|0x0000000086800000, 0x0000000086900000, 0x0000000086900000|100%| E|CS|TAMS 0x0000000086800000, 0x0000000086800000| Complete 
| 105|0x0000000086900000, 0x0000000086a00000, 0x0000000086a00000|100%| E|CS|TAMS 0x0000000086900000, 0x0000000086900000| Complete 
| 106|0x0000000086a00000, 0x0000000086b00000, 0x0000000086b00000|100%| E|CS|TAMS 0x0000000086a00000, 0x0000000086a00000| Complete 
| 107|0x0000000086b00000, 0x0000000086c00000, 0x0000000086c00000|100%| E|CS|TAMS 0x0000000086b00000, 0x0000000086b00000| Complete 
| 108|0x0000000086c00000, 0x0000000086d00000, 0x0000000086d00000|100%| E|CS|TAMS 0x0000000086c00000, 0x0000000086c00000| Complete 
| 109|0x0000000086d00000, 0x0000000086e00000, 0x0000000086e00000|100%| E|CS|TAMS 0x0000000086d00000, 0x0000000086d00000| Complete 
| 110|0x0000000086e00000, 0x0000000086f00000, 0x0000000086f00000|100%| E|CS|TAMS 0x0000000086e00000, 0x0000000086e00000| Complete 
| 111|0x0000000086f00000, 0x0000000087000000, 0x0000000087000000|100%| E|CS|TAMS 0x0000000086f00000, 0x0000000086f00000| Complete 
| 112|0x0000000087000000, 0x0000000087100000, 0x0000000087100000|100%| E|CS|TAMS 0x0000000087000000, 0x0000000087000000| Complete 
| 113|0x0000000087100000, 0x0000000087200000, 0x0000000087200000|100%| E|CS|TAMS 0x0000000087100000, 0x0000000087100000| Complete 
| 114|0x0000000087200000, 0x0000000087300000, 0x0000000087300000|100%| E|CS|TAMS 0x0000000087200000, 0x0000000087200000| Complete 
| 115|0x0000000087300000, 0x0000000087400000, 0x0000000087400000|100%| E|CS|TAMS 0x0000000087300000, 0x0000000087300000| Complete 
| 116|0x0000000087400000, 0x0000000087500000, 0x0000000087500000|100%| E|CS|TAMS 0x0000000087400000, 0x0000000087400000| Complete 
| 117|0x0000000087500000, 0x0000000087600000, 0x0000000087600000|100%| E|CS|TAMS 0x0000000087500000, 0x0000000087500000| Complete 
| 127|0x0000000087f00000, 0x0000000088000000, 0x0000000088000000|100%| E|CS|TAMS 0x0000000087f00000, 0x0000000087f00000| Complete 

Card table byte_map: [0x0000017a7cb70000,0x0000017a7cf70000] _byte_map_base: 0x0000017a7c770000

Marking Bits (Prev, Next): (CMBitMap*) 0x0000017a6a2fb600, (CMBitMap*) 0x0000017a6a2fb640
 Prev Bits: [0x0000017a7d370000, 0x0000017a7f370000)
 Next Bits: [0x0000017a00000000, 0x0000017a02000000)

Polling page: 0x0000017a68440000

Metaspace:

Usage:
  Non-class:     64.72 MB used.
      Class:     10.22 MB used.
       Both:     74.95 MB used.

Virtual space:
  Non-class space:       72.00 MB reserved,      65.00 MB ( 90%) committed,  9 nodes.
      Class space:        1.00 GB reserved,      10.44 MB (  1%) committed,  1 nodes.
             Both:        1.07 GB reserved,      75.44 MB (  7%) committed. 

Chunk freelists:
   Non-Class:  2.52 MB
       Class:  1.39 MB
        Both:  3.90 MB

MaxMetaspaceSize: unlimited
CompressedClassSpaceSize: 1.00 GB
Initial GC threshold: 21.00 MB
Current GC threshold: 116.50 MB
CDS: off
MetaspaceReclaimPolicy: balanced
 - commit_granule_bytes: 65536.
 - commit_granule_words: 8192.
 - virtual_space_node_default_size: 1048576.
 - enlarge_chunks_in_place: 1.
 - new_chunks_are_fully_committed: 0.
 - uncommit_free_chunks: 1.
 - use_allocation_guard: 0.
 - handle_deallocations: 1.


Internal statistics:

num_allocs_failed_limit: 8.
num_arena_births: 676.
num_arena_deaths: 0.
num_vsnodes_births: 10.
num_vsnodes_deaths: 0.
num_space_committed: 1207.
num_space_uncommitted: 0.
num_chunks_returned_to_freelist: 8.
num_chunks_taken_from_freelist: 3351.
num_chunk_merges: 3.
num_chunk_splits: 2230.
num_chunks_enlarged: 1510.
num_purges: 0.
num_inconsistent_stats: 0.

CodeHeap 'non-profiled nmethods': size=120000Kb used=4278Kb max_used=4278Kb free=115721Kb
 bounds [0x0000017a75240000, 0x0000017a75670000, 0x0000017a7c770000]
CodeHeap 'profiled nmethods': size=120000Kb used=13471Kb max_used=13471Kb free=106528Kb
 bounds [0x0000017a6d770000, 0x0000017a6e4a0000, 0x0000017a74ca0000]
CodeHeap 'non-nmethods': size=5760Kb used=2359Kb max_used=2454Kb free=3400Kb
 bounds [0x0000017a74ca0000, 0x0000017a74f10000, 0x0000017a75240000]
 total_blobs=7840 nmethods=6951 adapters=801
 compilation: enabled
              stopped_count=0, restarted_count=0
 full_count=0

Compilation events (20 events):
Event: 14.247 Thread 0x0000017a7f9c61f0 7782       3       java.util.AbstractList::listIterator (15 bytes)
Event: 14.248 Thread 0x0000017a7f9c61f0 nmethod 7782 0x0000017a6e47f990 code [0x0000017a6e47fb80, 0x0000017a6e480188]
Event: 14.248 Thread 0x0000017a7f9c61f0 7783       3       java.util.AbstractList::rangeCheckForAdd (26 bytes)
Event: 14.248 Thread 0x0000017a7f9c61f0 nmethod 7783 0x0000017a6e480390 code [0x0000017a6e4805e0, 0x0000017a6e480de8]
Event: 14.248 Thread 0x0000017a7f9c61f0 7784       3       java.util.AbstractList$ListItr::<init> (16 bytes)
Event: 14.248 Thread 0x0000017a7f9c61f0 nmethod 7784 0x0000017a6e481110 code [0x0000017a6e4812c0, 0x0000017a6e481558]
Event: 14.249 Thread 0x0000017a7f9c61f0 7785       1       com.sun.xml.bind.v2.model.annotation.XmlElementQuick::annotationType (3 bytes)
Event: 14.249 Thread 0x0000017a7f9c61f0 nmethod 7785 0x0000017a7566d290 code [0x0000017a7566d420, 0x0000017a7566d4f8]
Event: 14.249 Thread 0x0000017a7f9c61f0 7786       3       com.sun.xml.bind.v2.model.nav.ReflectionNavigator::asDecl (9 bytes)
Event: 14.250 Thread 0x0000017a7f9c61f0 nmethod 7786 0x0000017a6e481690 code [0x0000017a6e481860, 0x0000017a6e481c48]
Event: 14.250 Thread 0x0000017a7f9c61f0 7787       3       com.sun.xml.bind.v2.model.nav.ReflectionNavigator::asDecl (6 bytes)
Event: 14.250 Thread 0x0000017a7f9c61f0 nmethod 7787 0x0000017a6e481d90 code [0x0000017a6e481f40, 0x0000017a6e4821c8]
Event: 14.250 Thread 0x0000017a7f9c61f0 7788   !   3       jdk.proxy4.$Proxy101::annotationType (29 bytes)
Event: 14.250 Thread 0x0000017a7f9c61f0 nmethod 7788 0x0000017a6e482290 code [0x0000017a6e482460, 0x0000017a6e482838]
Event: 14.250 Thread 0x0000017a7f9c61f0 7789       3       com.sun.xml.bind.v2.model.impl.RuntimeTypeInfoSetImpl::getClassInfo (9 bytes)
Event: 14.250 Thread 0x0000017a7f9c61f0 nmethod 7789 0x0000017a6e482a10 code [0x0000017a6e482bc0, 0x0000017a6e482f48]
Event: 14.250 Thread 0x0000017a7f9c61f0 7790       3       com.sun.xml.bind.v2.model.impl.RuntimeTypeInfoSetImpl::getClassInfo (9 bytes)
Event: 14.250 Thread 0x0000017a7f9c61f0 nmethod 7790 0x0000017a6e483090 code [0x0000017a6e483240, 0x0000017a6e483488]
Event: 14.253 Thread 0x0000017a7f9c61f0 7791       3       com.sun.xml.bind.v2.model.impl.PropertyInfoImpl::getName (10 bytes)
Event: 14.253 Thread 0x0000017a7f9c61f0 nmethod 7791 0x0000017a6e483590 code [0x0000017a6e483740, 0x0000017a6e483908]

GC Heap History (20 events):
Event: 9.943 GC heap before
{Heap before GC invocations=14 (full 0):
 garbage-first heap   total 86016K, used 67562K [0x0000000080000000, 0x0000000100000000)
  region size 1024K, 36 young (36864K), 4 survivors (4096K)
 Metaspace       used 51243K, committed 51648K, reserved 1097728K
  class space    used 6760K, committed 6912K, reserved 1048576K
}
Event: 9.948 GC heap after
{Heap after GC invocations=15 (full 0):
 garbage-first heap   total 86016K, used 41099K [0x0000000080000000, 0x0000000100000000)
  region size 1024K, 5 young (5120K), 5 survivors (5120K)
 Metaspace       used 51243K, committed 51648K, reserved 1097728K
  class space    used 6760K, committed 6912K, reserved 1048576K
}
Event: 10.312 GC heap before
{Heap before GC invocations=15 (full 0):
 garbage-first heap   total 86016K, used 64651K [0x0000000080000000, 0x0000000100000000)
  region size 1024K, 28 young (28672K), 5 survivors (5120K)
 Metaspace       used 54643K, committed 55040K, reserved 1097728K
  class space    used 7221K, committed 7424K, reserved 1048576K
}
Event: 10.315 GC heap after
{Heap after GC invocations=16 (full 0):
 garbage-first heap   total 86016K, used 42926K [0x0000000080000000, 0x0000000100000000)
  region size 1024K, 2 young (2048K), 2 survivors (2048K)
 Metaspace       used 54643K, committed 55040K, reserved 1097728K
  class space    used 7221K, committed 7424K, reserved 1048576K
}
Event: 10.753 GC heap before
{Heap before GC invocations=16 (full 0):
 garbage-first heap   total 86016K, used 66478K [0x0000000080000000, 0x0000000100000000)
  region size 1024K, 25 young (25600K), 2 survivors (2048K)
 Metaspace       used 59205K, committed 59648K, reserved 1105920K
  class space    used 7790K, committed 8000K, reserved 1048576K
}
Event: 10.755 GC heap after
{Heap after GC invocations=17 (full 0):
 garbage-first heap   total 86016K, used 43879K [0x0000000080000000, 0x0000000100000000)
  region size 1024K, 3 young (3072K), 3 survivors (3072K)
 Metaspace       used 59205K, committed 59648K, reserved 1105920K
  class space    used 7790K, committed 8000K, reserved 1048576K
}
Event: 10.936 GC heap before
{Heap before GC invocations=18 (full 0):
 garbage-first heap   total 86016K, used 52071K [0x0000000080000000, 0x0000000100000000)
  region size 1024K, 13 young (13312K), 3 survivors (3072K)
 Metaspace       used 61131K, committed 61760K, reserved 1105920K
  class space    used 8039K, committed 8320K, reserved 1048576K
}
Event: 10.939 GC heap after
{Heap after GC invocations=19 (full 0):
 garbage-first heap   total 86016K, used 45301K [0x0000000080000000, 0x0000000100000000)
  region size 1024K, 4 young (4096K), 4 survivors (4096K)
 Metaspace       used 61131K, committed 61760K, reserved 1105920K
  class space    used 8039K, committed 8320K, reserved 1048576K
}
Event: 11.160 GC heap before
{Heap before GC invocations=20 (full 0):
 garbage-first heap   total 99328K, used 74997K [0x0000000080000000, 0x0000000100000000)
  region size 1024K, 27 young (27648K), 4 survivors (4096K)
 Metaspace       used 62580K, committed 63040K, reserved 1105920K
  class space    used 8236K, committed 8448K, reserved 1048576K
}
Event: 11.165 GC heap after
{Heap after GC invocations=21 (full 0):
 garbage-first heap   total 99328K, used 47601K [0x0000000080000000, 0x0000000100000000)
  region size 1024K, 4 young (4096K), 4 survivors (4096K)
 Metaspace       used 62580K, committed 63040K, reserved 1105920K
  class space    used 8236K, committed 8448K, reserved 1048576K
}
Event: 11.469 GC heap before
{Heap before GC invocations=21 (full 0):
 garbage-first heap   total 99328K, used 77297K [0x0000000080000000, 0x0000000100000000)
  region size 1024K, 32 young (32768K), 4 survivors (4096K)
 Metaspace       used 64885K, committed 65408K, reserved 1114112K
  class space    used 8507K, committed 8768K, reserved 1048576K
}
Event: 11.473 GC heap after
{Heap after GC invocations=22 (full 0):
 garbage-first heap   total 99328K, used 50498K [0x0000000080000000, 0x0000000100000000)
  region size 1024K, 3 young (3072K), 3 survivors (3072K)
 Metaspace       used 64885K, committed 65408K, reserved 1114112K
  class space    used 8507K, committed 8768K, reserved 1048576K
}
Event: 11.693 GC heap before
{Heap before GC invocations=22 (full 0):
 garbage-first heap   total 99328K, used 77122K [0x0000000080000000, 0x0000000100000000)
  region size 1024K, 29 young (29696K), 3 survivors (3072K)
 Metaspace       used 65792K, committed 66368K, reserved 1114112K
  class space    used 8653K, committed 8896K, reserved 1048576K
}
Event: 11.699 GC heap after
{Heap after GC invocations=23 (full 0):
 garbage-first heap   total 99328K, used 52024K [0x0000000080000000, 0x0000000100000000)
  region size 1024K, 2 young (2048K), 2 survivors (2048K)
 Metaspace       used 65792K, committed 66368K, reserved 1114112K
  class space    used 8653K, committed 8896K, reserved 1048576K
}
Event: 12.467 GC heap before
{Heap before GC invocations=24 (full 0):
 garbage-first heap   total 99328K, used 78648K [0x0000000080000000, 0x0000000100000000)
  region size 1024K, 28 young (28672K), 2 survivors (2048K)
 Metaspace       used 67148K, committed 67712K, reserved 1114112K
  class space    used 8835K, committed 9088K, reserved 1048576K
}
Event: 12.472 GC heap after
{Heap after GC invocations=25 (full 0):
 garbage-first heap   total 99328K, used 54272K [0x0000000080000000, 0x0000000100000000)
  region size 1024K, 4 young (4096K), 4 survivors (4096K)
 Metaspace       used 67148K, committed 67712K, reserved 1114112K
  class space    used 8835K, committed 9088K, reserved 1048576K
}
Event: 12.998 GC heap before
{Heap before GC invocations=25 (full 0):
 garbage-first heap   total 99328K, used 78848K [0x0000000080000000, 0x0000000100000000)
  region size 1024K, 29 young (29696K), 4 survivors (4096K)
 Metaspace       used 70490K, committed 71040K, reserved 1114112K
  class space    used 9493K, committed 9728K, reserved 1048576K
}
Event: 13.003 GC heap after
{Heap after GC invocations=26 (full 0):
 garbage-first heap   total 99328K, used 55757K [0x0000000080000000, 0x0000000100000000)
  region size 1024K, 2 young (2048K), 2 survivors (2048K)
 Metaspace       used 70490K, committed 71040K, reserved 1114112K
  class space    used 9493K, committed 9728K, reserved 1048576K
}
Event: 13.724 GC heap before
{Heap before GC invocations=27 (full 0):
 garbage-first heap   total 101376K, used 80333K [0x0000000080000000, 0x0000000100000000)
  region size 1024K, 27 young (27648K), 2 survivors (2048K)
 Metaspace       used 73222K, committed 73792K, reserved 1114112K
  class space    used 9914K, committed 10176K, reserved 1048576K
}
Event: 13.729 GC heap after
{Heap after GC invocations=28 (full 0):
 garbage-first heap   total 121856K, used 57470K [0x0000000080000000, 0x0000000100000000)
  region size 1024K, 4 young (4096K), 4 survivors (4096K)
 Metaspace       used 73222K, committed 73792K, reserved 1114112K
  class space    used 9914K, committed 10176K, reserved 1048576K
}

Dll operation events (2 events):
Event: 0.007 Loaded shared library C:\Program Files\Android\Android Studio\jbr\bin\java.dll
Event: 0.560 Loaded shared library C:\Program Files\Android\Android Studio\jbr\bin\verify.dll

Deoptimization events (20 events):
Event: 13.799 Thread 0x0000017a05db6950 Uncommon trap: trap_request=0xffffff45 fr.pc=0x0000017a753197a0 relative=0x0000000000000300
Event: 13.799 Thread 0x0000017a05db6950 Uncommon trap: reason=unstable_if action=reinterpret pc=0x0000017a753197a0 method=java.util.HashMap.getNode(Ljava/lang/Object;)Ljava/util/HashMap$Node; @ 85 c2
Event: 13.799 Thread 0x0000017a05db6950 DEOPT PACKING pc=0x0000017a753197a0 sp=0x000000794f3f9300
Event: 13.799 Thread 0x0000017a05db6950 DEOPT UNPACKING pc=0x0000017a74cf69a3 sp=0x000000794f3f9220 mode 2
Event: 13.799 Thread 0x0000017a05db6950 Uncommon trap: trap_request=0xffffff45 fr.pc=0x0000017a753ccfdc relative=0x000000000000023c
Event: 13.799 Thread 0x0000017a05db6950 Uncommon trap: reason=unstable_if action=reinterpret pc=0x0000017a753ccfdc method=java.util.HashMap.getNode(Ljava/lang/Object;)Ljava/util/HashMap$Node; @ 85 c2
Event: 13.799 Thread 0x0000017a05db6950 DEOPT PACKING pc=0x0000017a753ccfdc sp=0x000000794f3f92a0
Event: 13.799 Thread 0x0000017a05db6950 DEOPT UNPACKING pc=0x0000017a74cf69a3 sp=0x000000794f3f9220 mode 2
Event: 14.048 Thread 0x0000017a05db6950 Uncommon trap: trap_request=0xffffff45 fr.pc=0x0000017a7531d944 relative=0x0000000000000224
Event: 14.048 Thread 0x0000017a05db6950 Uncommon trap: reason=unstable_if action=reinterpret pc=0x0000017a7531d944 method=java.util.StringTokenizer.scanToken(I)I @ 42 c2
Event: 14.048 Thread 0x0000017a05db6950 DEOPT PACKING pc=0x0000017a7531d944 sp=0x000000794f3f9050
Event: 14.048 Thread 0x0000017a05db6950 DEOPT UNPACKING pc=0x0000017a74cf69a3 sp=0x000000794f3f8fe0 mode 2
Event: 14.123 Thread 0x0000017a05db6950 Uncommon trap: trap_request=0xffffffde fr.pc=0x0000017a752bf5c0 relative=0x00000000000021e0
Event: 14.123 Thread 0x0000017a05db6950 Uncommon trap: reason=class_check action=maybe_recompile pc=0x0000017a752bf5c0 method=java.lang.Class.createAnnotationData(I)Ljava/lang/Class$AnnotationData; @ 103 c2
Event: 14.123 Thread 0x0000017a05db6950 DEOPT PACKING pc=0x0000017a752bf5c0 sp=0x000000794f3f8630
Event: 14.123 Thread 0x0000017a05db6950 DEOPT UNPACKING pc=0x0000017a74cf69a3 sp=0x000000794f3f8488 mode 2
Event: 14.153 Thread 0x0000017a05db6950 Uncommon trap: trap_request=0xfffffff4 fr.pc=0x0000017a752bf770 relative=0x0000000000002390
Event: 14.153 Thread 0x0000017a05db6950 Uncommon trap: reason=null_check action=make_not_entrant pc=0x0000017a752bf770 method=java.lang.Class.createAnnotationData(I)Ljava/lang/Class$AnnotationData; @ 14 c2
Event: 14.153 Thread 0x0000017a05db6950 DEOPT PACKING pc=0x0000017a752bf770 sp=0x000000794f3f7ad0
Event: 14.153 Thread 0x0000017a05db6950 DEOPT UNPACKING pc=0x0000017a74cf69a3 sp=0x000000794f3f7a50 mode 2

Classes unloaded (0 events):
No events

Classes redefined (0 events):
No events

Internal exceptions (20 events):
Event: 11.993 Thread 0x0000017a05db6950 Exception <a 'java/lang/ClassNotFoundException'{0x00000000852c8548}: com/android/build/gradle/internal/dsl/BuildFeaturesImplBeanInfo> (0x00000000852c8548) 
thrown [s\src\hotspot\share\classfile\systemDictionary.cpp, line 256]
Event: 11.993 Thread 0x0000017a05db6950 Exception <a 'java/lang/ClassNotFoundException'{0x00000000852d5a30}: com/android/build/gradle/internal/dsl/BuildFeaturesImplCustomizer> (0x00000000852d5a30) 
thrown [s\src\hotspot\share\classfile\systemDictionary.cpp, line 256]
Event: 11.994 Thread 0x0000017a05db6950 Exception <a 'java/lang/ClassNotFoundException'{0x00000000852eebe8}: com/android/build/gradle/internal/dsl/ApplicationBuildFeaturesImplCustomizer> (0x00000000852eebe8) 
thrown [s\src\hotspot\share\classfile\systemDictionary.cpp, line 256]
Event: 11.994 Thread 0x0000017a05db6950 Exception <a 'java/lang/ClassNotFoundException'{0x0000000085102840}: com/android/build/gradle/internal/dsl/ApplicationBuildFeaturesImpl_DecoratedCustomizer> (0x0000000085102840) 
thrown [s\src\hotspot\share\classfile\systemDictionary.cpp, line 256]
Event: 12.003 Thread 0x0000017a05db6950 Exception <a 'java/lang/ClassNotFoundException'{0x0000000085195410}: org/gradle/api/internal/artifacts/dsl/dependencies/DefaultDependencyHandler_DecoratedBeanInfo> (0x0000000085195410) 
thrown [s\src\hotspot\share\classfile\systemDictionary.cpp, line 256]
Event: 12.003 Thread 0x0000017a05db6950 Exception <a 'java/lang/ClassNotFoundException'{0x00000000851af2f8}: org/gradle/api/internal/artifacts/dsl/dependencies/DefaultDependencyHandlerBeanInfo> (0x00000000851af2f8) 
thrown [s\src\hotspot\share\classfile\systemDictionary.cpp, line 256]
Event: 12.004 Thread 0x0000017a05db6950 Exception <a 'java/lang/ClassNotFoundException'{0x00000000851c91a0}: org/gradle/api/internal/artifacts/dsl/dependencies/DefaultDependencyHandlerCustomizer> (0x00000000851c91a0) 
thrown [s\src\hotspot\share\classfile\systemDictionary.cpp, line 256]
Event: 12.008 Thread 0x0000017a05db6950 Exception <a 'java/lang/ClassNotFoundException'{0x000000008500c000}: org/gradle/api/internal/artifacts/dsl/dependencies/DefaultDependencyHandler_DecoratedCustomizer> (0x000000008500c000) 
thrown [s\src\hotspot\share\classfile\systemDictionary.cpp, line 256]
Event: 13.236 Thread 0x0000017a05db6950 Exception <a 'java/lang/ClassNotFoundException'{0x00000000855f9030}: com/android/build/gradle/internal/api/ApkVariantOutputImpl_DecoratedBeanInfo> (0x00000000855f9030) 
thrown [s\src\hotspot\share\classfile\systemDictionary.cpp, line 256]
Event: 13.237 Thread 0x0000017a05db6950 Exception <a 'java/lang/ClassNotFoundException'{0x00000000854053d0}: com/android/build/gradle/internal/api/ApkVariantOutputImplBeanInfo> (0x00000000854053d0) 
thrown [s\src\hotspot\share\classfile\systemDictionary.cpp, line 256]
Event: 13.237 Thread 0x0000017a05db6950 Exception <a 'java/lang/ClassNotFoundException'{0x0000000085411c80}: com/android/build/gradle/internal/api/BaseVariantOutputImplBeanInfo> (0x0000000085411c80) 
thrown [s\src\hotspot\share\classfile\systemDictionary.cpp, line 256]
Event: 13.237 Thread 0x0000017a05db6950 Exception <a 'java/lang/ClassNotFoundException'{0x000000008541d7c0}: com/android/build/gradle/internal/api/BaseVariantOutputImplCustomizer> (0x000000008541d7c0) 
thrown [s\src\hotspot\share\classfile\systemDictionary.cpp, line 256]
Event: 13.238 Thread 0x0000017a05db6950 Exception <a 'java/lang/ClassNotFoundException'{0x000000008543bf58}: com/android/build/gradle/internal/api/ApkVariantOutputImplCustomizer> (0x000000008543bf58) 
thrown [s\src\hotspot\share\classfile\systemDictionary.cpp, line 256]
Event: 13.239 Thread 0x0000017a05db6950 Exception <a 'java/lang/ClassNotFoundException'{0x00000000854556c0}: com/android/build/gradle/internal/api/ApkVariantOutputImpl_DecoratedCustomizer> (0x00000000854556c0) 
thrown [s\src\hotspot\share\classfile\systemDictionary.cpp, line 256]
Event: 13.252 Thread 0x0000017a05db6950 Exception <a 'java/lang/NoClassDefFoundError'{0x0000000085371af0}: org/jetbrains/kotlin/gradle/plugin/KotlinBasePluginWrapper> (0x0000000085371af0) 
thrown [s\src\hotspot\share\classfile\systemDictionary.cpp, line 245]
Event: 13.601 Thread 0x0000017a05db6950 Implicit null exception at 0x0000017a754dec92 to 0x0000017a754df330
Event: 13.639 Thread 0x0000017a05db6950 Exception <a 'java/lang/NoSuchMethodError'{0x0000000084d1b968}: 'java.lang.Object java.lang.invoke.DirectMethodHandle$Holder.invokeStatic(java.lang.Object, int, java.lang.Object)'> (0x0000000084d1b968) 
thrown [s\src\hotspot\share\interpreter\linkResolver.cpp, line 771]
Event: 13.954 Thread 0x0000017a05db6950 Exception <a 'sun/nio/fs/WindowsException'{0x0000000086604c90}> (0x0000000086604c90) 
thrown [s\src\hotspot\share\prims\jni.cpp, line 517]
Event: 14.078 Thread 0x0000017a05db6950 Exception <a 'java/lang/NullPointerException'{0x0000000085f2a048}> (0x0000000085f2a048) 
thrown [s\src\hotspot\share\interpreter\linkResolver.cpp, line 1447]
Event: 14.153 Thread 0x0000017a05db6950 Implicit null exception at 0x0000017a752bd4a1 to 0x0000017a752bf760

VM Operations (20 events):
Event: 12.060 Executing VM operation: HandshakeAllThreads
Event: 12.060 Executing VM operation: HandshakeAllThreads done
Event: 12.467 Executing VM operation: G1CollectForAllocation
Event: 12.472 Executing VM operation: G1CollectForAllocation done
Event: 12.643 Executing VM operation: HandshakeAllThreads
Event: 12.644 Executing VM operation: HandshakeAllThreads done
Event: 12.998 Executing VM operation: G1CollectForAllocation
Event: 13.003 Executing VM operation: G1CollectForAllocation done
Event: 13.058 Executing VM operation: G1Concurrent
Event: 13.061 Executing VM operation: G1Concurrent done
Event: 13.087 Executing VM operation: G1Concurrent
Event: 13.087 Executing VM operation: G1Concurrent done
Event: 13.724 Executing VM operation: G1CollectForAllocation
Event: 13.729 Executing VM operation: G1CollectForAllocation done
Event: 14.039 Executing VM operation: ICBufferFull
Event: 14.039 Executing VM operation: ICBufferFull done
Event: 14.047 Executing VM operation: HandshakeAllThreads
Event: 14.047 Executing VM operation: HandshakeAllThreads done
Event: 14.151 Executing VM operation: HandshakeAllThreads
Event: 14.151 Executing VM operation: HandshakeAllThreads done

Events (20 events):
Event: 14.096 loading class java/awt/image/WritableRenderedImage done
Event: 14.096 loading class java/awt/image/BufferedImage done
Event: 14.097 loading class java/awt/datatransfer/Transferable
Event: 14.098 loading class java/awt/datatransfer/Transferable done
Event: 14.099 loading class javax/xml/transform/Result
Event: 14.099 loading class javax/xml/transform/Result done
Event: 14.100 loading class javax/xml/datatype/XMLGregorianCalendar
Event: 14.100 loading class javax/xml/datatype/XMLGregorianCalendar done
Event: 14.104 loading class javax/xml/namespace/NamespaceContext
Event: 14.104 loading class javax/xml/namespace/NamespaceContext done
Event: 14.105 loading class javax/xml/datatype/Duration
Event: 14.105 loading class javax/xml/datatype/Duration done
Event: 14.144 loading class java/lang/Short$ShortCache
Event: 14.144 loading class java/lang/Short$ShortCache done
Event: 14.150 loading class java/util/AbstractList$ListItr
Event: 14.151 loading class java/util/AbstractList$ListItr done
Event: 14.189 loading class jdk/internal/ValueBased
Event: 14.189 loading class jdk/internal/ValueBased done
Event: 14.211 loading class java/lang/Package$1PackageInfoProxy
Event: 14.211 loading class java/lang/Package$1PackageInfoProxy done


Dynamic libraries:
0x00007ff686cf0000 - 0x00007ff686cfa000 	C:\Program Files\Android\Android Studio\jbr\bin\java.exe
0x00007fff67110000 - 0x00007fff67308000 	C:\Windows\SYSTEM32\ntdll.dll
0x00007fff66d00000 - 0x00007fff66dbf000 	C:\Windows\System32\KERNEL32.DLL
0x00007fff64910000 - 0x00007fff64c06000 	C:\Windows\System32\KERNELBASE.dll
0x00007fff65070000 - 0x00007fff65170000 	C:\Windows\System32\ucrtbase.dll
0x00007fff51600000 - 0x00007fff51617000 	C:\Program Files\Android\Android Studio\jbr\bin\jli.dll
0x00007fff52080000 - 0x00007fff5209b000 	C:\Program Files\Android\Android Studio\jbr\bin\VCRUNTIME140.dll
0x00007fff66960000 - 0x00007fff66afd000 	C:\Windows\System32\USER32.dll
0x00007fff4fda0000 - 0x00007fff5003a000 	C:\Windows\WinSxS\amd64_microsoft.windows.common-controls_6595b64144ccf1df_6.0.19041.1110_none_60b5254171f9507e\COMCTL32.dll
0x00007fff64ff0000 - 0x00007fff65012000 	C:\Windows\System32\win32u.dll
0x00007fff66c30000 - 0x00007fff66c5c000 	C:\Windows\System32\GDI32.dll
0x00007fff65170000 - 0x00007fff6520e000 	C:\Windows\System32\msvcrt.dll
0x00007fff64e00000 - 0x00007fff64f15000 	C:\Windows\System32\gdi32full.dll
0x00007fff64f20000 - 0x00007fff64fbd000 	C:\Windows\System32\msvcp_win.dll
0x00007fff66930000 - 0x00007fff66960000 	C:\Windows\System32\IMM32.DLL
0x00007fff518e0000 - 0x00007fff518ec000 	C:\Program Files\Android\Android Studio\jbr\bin\vcruntime140_1.dll
0x00007fff2d460000 - 0x00007fff2d4ed000 	C:\Program Files\Android\Android Studio\jbr\bin\msvcp140.dll
0x00007fff0a480000 - 0x00007fff0b0ed000 	C:\Program Files\Android\Android Studio\jbr\bin\server\jvm.dll
0x00007fff65680000 - 0x00007fff6572f000 	C:\Windows\System32\ADVAPI32.dll
0x00007fff66c60000 - 0x00007fff66cfc000 	C:\Windows\System32\sechost.dll
0x00007fff65940000 - 0x00007fff65a66000 	C:\Windows\System32\RPCRT4.dll
0x00007fff5b6e0000 - 0x00007fff5b6e9000 	C:\Windows\SYSTEM32\WSOCK32.dll
0x00007fff59940000 - 0x00007fff59967000 	C:\Windows\SYSTEM32\WINMM.dll
0x00007fff66370000 - 0x00007fff663db000 	C:\Windows\System32\WS2_32.dll
0x00007fff5dcf0000 - 0x00007fff5dcfa000 	C:\Windows\SYSTEM32\VERSION.dll
0x00007fff63090000 - 0x00007fff630a2000 	C:\Windows\SYSTEM32\kernel.appcore.dll
0x00007fff600a0000 - 0x00007fff600aa000 	C:\Program Files\Android\Android Studio\jbr\bin\jimage.dll
0x00007fff62400000 - 0x00007fff625e4000 	C:\Windows\SYSTEM32\DBGHELP.DLL
0x00007fff48a90000 - 0x00007fff48ac4000 	C:\Windows\SYSTEM32\dbgcore.DLL
0x00007fff64c10000 - 0x00007fff64c92000 	C:\Windows\System32\bcryptPrimitives.dll
0x00007fff470a0000 - 0x00007fff470c5000 	C:\Program Files\Android\Android Studio\jbr\bin\java.dll
0x00007fff4c980000 - 0x00007fff4c998000 	C:\Program Files\Android\Android Studio\jbr\bin\zip.dll
0x00007fff65a70000 - 0x00007fff661b4000 	C:\Windows\System32\SHELL32.dll
0x00007fff625f0000 - 0x00007fff62d83000 	C:\Windows\SYSTEM32\windows.storage.dll
0x00007fff665d0000 - 0x00007fff66924000 	C:\Windows\System32\combase.dll
0x00007fff64250000 - 0x00007fff6427e000 	C:\Windows\SYSTEM32\Wldp.dll
0x00007fff66e80000 - 0x00007fff66f2d000 	C:\Windows\System32\SHCORE.dll
0x00007fff66e20000 - 0x00007fff66e75000 	C:\Windows\System32\shlwapi.dll
0x00007fff64730000 - 0x00007fff6474f000 	C:\Windows\SYSTEM32\profapi.dll
0x00007fff47750000 - 0x00007fff47769000 	C:\Program Files\Android\Android Studio\jbr\bin\net.dll
0x00007fff5c8a0000 - 0x00007fff5c9aa000 	C:\Windows\SYSTEM32\WINHTTP.dll
0x00007fff63fb0000 - 0x00007fff6401a000 	C:\Windows\system32\mswsock.dll
0x00007fff47710000 - 0x00007fff47726000 	C:\Program Files\Android\Android Studio\jbr\bin\nio.dll
0x00007fff571a0000 - 0x00007fff571b0000 	C:\Program Files\Android\Android Studio\jbr\bin\verify.dll
0x00007fff4c950000 - 0x00007fff4c977000 	C:\Users\oussama\.gradle\native\e1d6ef7f7dcc3fd88c89a11ec53ec762bb8ba0a96d01ffa2cd45eb1d1d8dd5c5\windows-amd64\native-platform.dll
0x00007fff268a0000 - 0x00007fff269e4000 	C:\Users\oussama\.gradle\native\0d407fdbe67a94daf76414ababcb853783967236a71b16ec16e742cd7a986fd3\windows-amd64\native-platform-file-events.dll
0x00007fff57ba0000 - 0x00007fff57ba9000 	C:\Program Files\Android\Android Studio\jbr\bin\management.dll
0x00007fff575c0000 - 0x00007fff575cb000 	C:\Program Files\Android\Android Studio\jbr\bin\management_ext.dll
0x00007fff670c0000 - 0x00007fff670c8000 	C:\Windows\System32\PSAPI.DLL
0x00007fff641b0000 - 0x00007fff641c8000 	C:\Windows\SYSTEM32\CRYPTSP.dll
0x00007fff63860000 - 0x00007fff63894000 	C:\Windows\system32\rsaenh.dll
0x00007fff64fc0000 - 0x00007fff64fe7000 	C:\Windows\System32\bcrypt.dll
0x00007fff646b0000 - 0x00007fff646de000 	C:\Windows\SYSTEM32\USERENV.dll
0x00007fff641a0000 - 0x00007fff641ac000 	C:\Windows\SYSTEM32\CRYPTBASE.dll
0x00007fff63c50000 - 0x00007fff63c8c000 	C:\Windows\SYSTEM32\IPHLPAPI.DLL
0x00007fff670b0000 - 0x00007fff670b8000 	C:\Windows\System32\NSI.dll
0x00007fff5dd20000 - 0x00007fff5dd37000 	C:\Windows\SYSTEM32\dhcpcsvc6.DLL
0x00007fff5dd00000 - 0x00007fff5dd1d000 	C:\Windows\SYSTEM32\dhcpcsvc.DLL
0x00007fff63c90000 - 0x00007fff63d5b000 	C:\Windows\SYSTEM32\DNSAPI.dll
0x00007fff52100000 - 0x00007fff52107000 	C:\Windows\system32\wshunix.dll

dbghelp: loaded successfully - version: 4.0.5 - missing functions: none
symbol engine: initialized successfully - sym options: 0x614 - pdb path: .;C:\Program Files\Android\Android Studio\jbr\bin;C:\Windows\SYSTEM32;C:\Windows\WinSxS\amd64_microsoft.windows.common-controls_6595b64144ccf1df_6.0.19041.1110_none_60b5254171f9507e;C:\Program Files\Android\Android Studio\jbr\bin\server;C:\Users\oussama\.gradle\native\e1d6ef7f7dcc3fd88c89a11ec53ec762bb8ba0a96d01ffa2cd45eb1d1d8dd5c5\windows-amd64;C:\Users\oussama\.gradle\native\0d407fdbe67a94daf76414ababcb853783967236a71b16ec16e742cd7a986fd3\windows-amd64

VM Arguments:
jvm_args: --add-opens=java.base/java.util=ALL-UNNAMED --add-opens=java.base/java.lang=ALL-UNNAMED --add-opens=java.base/java.lang.invoke=ALL-UNNAMED --add-opens=java.base/java.util=ALL-UNNAMED --add-opens=java.prefs/java.util.prefs=ALL-UNNAMED --add-opens=java.prefs/java.util.prefs=ALL-UNNAMED --add-opens=java.base/java.nio.charset=ALL-UNNAMED --add-opens=java.base/java.net=ALL-UNNAMED --add-opens=java.base/java.util.concurrent.atomic=ALL-UNNAMED -Xmx2048m -Dfile.encoding=UTF-8 -Duser.country=US -Duser.language=en -Duser.variant 
java_command: org.gradle.launcher.daemon.bootstrap.GradleDaemon 7.5
java_class_path (initial): C:\Users\oussama\.gradle\wrapper\dists\gradle-7.5-bin\f1w0cc9nuo0eivz97x2xlu9sv\gradle-7.5\lib\gradle-launcher-7.5.jar
Launcher Type: SUN_STANDARD

[Global flags]
     intx CICompilerCount                          = 3                                         {product} {ergonomic}
     uint ConcGCThreads                            = 1                                         {product} {ergonomic}
     uint G1ConcRefinementThreads                  = 4                                         {product} {ergonomic}
   size_t G1HeapRegionSize                         = 1048576                                   {product} {ergonomic}
    uintx GCDrainStackTargetSize                   = 64                                        {product} {ergonomic}
   size_t InitialHeapSize                          = 134217728                                 {product} {ergonomic}
   size_t MarkStackSize                            = 4194304                                   {product} {ergonomic}
   size_t MaxHeapSize                              = 2147483648                                {product} {command line}
   size_t MaxNewSize                               = 1287651328                                {product} {ergonomic}
   size_t MinHeapDeltaBytes                        = 1048576                                   {product} {ergonomic}
   size_t MinHeapSize                              = 8388608                                   {product} {ergonomic}
    uintx NonNMethodCodeHeapSize                   = 5832780                                {pd product} {ergonomic}
    uintx NonProfiledCodeHeapSize                  = 122912730                              {pd product} {ergonomic}
    uintx ProfiledCodeHeapSize                     = 122912730                              {pd product} {ergonomic}
    uintx ReservedCodeCacheSize                    = 251658240                              {pd product} {ergonomic}
     bool SegmentedCodeCache                       = true                                      {product} {ergonomic}
   size_t SoftMaxHeapSize                          = 2147483648                             {manageable} {ergonomic}
     bool UseCompressedClassPointers               = true                           {product lp64_product} {ergonomic}
     bool UseCompressedOops                        = true                           {product lp64_product} {ergonomic}
     bool UseG1GC                                  = true                                      {product} {ergonomic}
     bool UseLargePagesIndividualAllocation        = false                                  {pd product} {ergonomic}

Logging:
Log output configuration:
 #0: stdout all=warning uptime,level,tags
 #1: stderr all=off uptime,level,tags

Environment Variables:
PATH=C:\Program Files\Microsoft\jdk-11.0.16.101-hotspot\bin;C:\Program Files\Python311\Scripts\;C:\Program Files\Python311\;C:\Windows\system32;C:\Windows;C:\Windows\System32\Wbem;C:\Windows\System32\WindowsPowerShell\v1.0\;C:\Windows\System32\OpenSSH\;C:\Program Files\Microsoft VS Code\bin;C:\ProgramData\chocolatey\bin;C:\Program Files\nodejs\;C:\Program Files (x86)\Common Files\Acronis\SnapAPI\;C:\Program Files (x86)\Common Files\Acronis\VirtualFile\;C:\Program Files (x86)\Common Files\Acronis\VirtualFile64\;C:\Program Files\Microsoft SQL Server\150\Tools\Binn\;C:\Program Files\Microsoft SQL Server\Client SDK\ODBC\170\Tools\Binn\;C:\Program Files (x86)\IncrediBuild;C:\Program Files\Git\cmd;C:\Program Files\dotnet\;C:\Users\oussama\scoop\shims;C:\Users\oussama\AppData\Local\Microsoft\WindowsApps;C:\Users\oussama\AppData\Roaming\npm;C:\Users\oussama\.dotnet\tools;C:\Users\oussama\AppData\Local\Programs\Microsoft VS Code\bin;C:\xampp\php;C:\Users\oussama\AppData\Local\ComposerSetup\bin;C:\Users\oussama\AppData\Roaming\Composer\vendor\bin
USERNAME=oussama
OS=Windows_NT
PROCESSOR_IDENTIFIER=Intel64 Family 6 Model 158 Stepping 11, GenuineIntel
TMP=C:\Users\oussama\AppData\Local\Temp
TEMP=C:\Users\oussama\AppData\Local\Temp



---------------  S Y S T E M  ---------------

OS:
 Windows 10 , 64 bit Build 19041 (10.0.19041.2913)
OS uptime: 14 days 5:23 hours

CPU: total 4 (initial active 4) (4 cores per cpu, 1 threads per core) family 6 model 158 stepping 11 microcode 0xca, cx8, cmov, fxsr, mmx, 3dnowpref, sse, sse2, sse3, ssse3, sse4.1, sse4.2, popcnt, lzcnt, tsc, tscinvbit, avx, avx2, aes, erms, clmul, bmi1, bmi2, adx, fma, vzeroupper, clflush, clflushopt

Memory: 4k page, system-wide physical 8134M (404M free)
TotalPageFile size 24134M (AvailPageFile size 4M)
current process WorkingSet (physical memory assigned to process): 340M, peak: 340M
current process commit charge ("private bytes"): 365M, peak: 367M

vm_info: OpenJDK 64-Bit Server VM (17.0.6+0-b2043.56-9586694) for windows-amd64 JRE (17.0.6+0-b2043.56-9586694), built on Feb  9 2023 20:06:20 by "androidbuild" with MS VC++ 16.10 / 16.11 (VS2019)

END.
