#
# There is insufficient memory for the Java Runtime Environment to continue.
# Native memory allocation (malloc) failed to allocate 1075616 bytes for Chunk::new
# Possible reasons:
#   The system is out of physical RAM or swap space
#   The process is running with CompressedOops enabled, and the Java Heap may be blocking the growth of the native heap
# Possible solutions:
#   Reduce memory load on the system
#   Increase physical memory or swap space
#   Check if swap backing store is full
#   Decrease Java heap size (-Xmx/-Xms)
#   Decrease number of Java threads
#   Decrease Java thread stack sizes (-Xss)
#   Set larger code cache with -XX:ReservedCodeCacheSize=
#   JVM is running with Unscaled Compressed Oops mode in which the Java heap is
#     placed in the first 4GB address space. The Java Heap base address is the
#     maximum limit for the native heap growth. Please use -XX:HeapBaseMinAddress
#     to set the Java Heap base and to place the Java Heap above 4GB virtual address.
# This output file may be truncated or incomplete.
#
#  Out of Memory Error (arena.cpp:189), pid=15820, tid=15724
#
# JRE version: OpenJDK Runtime Environment (17.0.6) (build 17.0.6+0-b2043.56-9586694)
# Java VM: OpenJDK 64-Bit Server VM (17.0.6+0-b2043.56-9586694, mixed mode, tiered, compressed oops, compressed class ptrs, g1 gc, windows-amd64)
# No core dump will be written. Minidumps are not enabled by default on client versions of Windows
#

---------------  S U M M A R Y ------------

Command Line: --add-opens=java.base/java.util=ALL-UNNAMED --add-opens=java.base/java.lang=ALL-UNNAMED --add-opens=java.base/java.lang.invoke=ALL-UNNAMED --add-opens=java.base/java.util=ALL-UNNAMED --add-opens=java.prefs/java.util.prefs=ALL-UNNAMED --add-opens=java.prefs/java.util.prefs=ALL-UNNAMED --add-opens=java.base/java.nio.charset=ALL-UNNAMED --add-opens=java.base/java.net=ALL-UNNAMED --add-opens=java.base/java.util.concurrent.atomic=ALL-UNNAMED -Xmx2048m -Dfile.encoding=UTF-8 -Duser.country=US -Duser.language=en -Duser.variant org.gradle.launcher.daemon.bootstrap.GradleDaemon 7.5

Host: Intel(R) Core(TM) i3-9100F CPU @ 3.60GHz, 4 cores, 7G,  Windows 10 , 64 bit Build 19041 (10.0.19041.2913)
Time: Fri May 26 16:06:23 2023 W. Central Africa Standard Time elapsed time: 27.594013 seconds (0d 0h 0m 27s)

---------------  T H R E A D  ---------------

Current thread (0x000001742a811370):  JavaThread "C2 CompilerThread0" daemon [_thread_in_native, id=15724, stack(0x0000000b6f500000,0x0000000b6f600000)]


Current CompileTask:
C2:  27594 11224       4       org.gradle.api.internal.tasks.compile.incremental.serialization.HierarchicalNameSerializer::readName (51 bytes)

Stack: [0x0000000b6f500000,0x0000000b6f600000]
Native frames: (J=compiled Java code, j=interpreted, Vv=VM code, C=native code)
V  [jvm.dll+0x683b4a]
V  [jvm.dll+0x842654]
V  [jvm.dll+0x843dfe]
V  [jvm.dll+0x844463]
V  [jvm.dll+0x249b75]
V  [jvm.dll+0xabcac]
V  [jvm.dll+0xac27c]
V  [jvm.dll+0x2b0eef]
V  [jvm.dll+0x58a207]
V  [jvm.dll+0x2243b2]
V  [jvm.dll+0x21dd02]
V  [jvm.dll+0x21b51b]
V  [jvm.dll+0x1a4fdd]
V  [jvm.dll+0x22b098]
V  [jvm.dll+0x229159]
V  [jvm.dll+0x7f809c]
V  [jvm.dll+0x7f25fa]
V  [jvm.dll+0x682985]
C  [ucrtbase.dll+0x21bb2]
C  [KERNEL32.DLL+0x17614]
C  [ntdll.dll+0x526a1]


---------------  P R O C E S S  ---------------

Threads class SMR info:
_java_thread_list=0x0000017431d778f0, length=91, elements={
0x00000174107fc8f0, 0x0000017429de5a30, 0x0000017429da5ae0, 0x0000017429dbd910,
0x0000017429dbe1d0, 0x0000017429dbea90, 0x0000017429dbf350, 0x000001742a811370,
0x0000017429dee730, 0x000001742a888400, 0x000001742a9a4540, 0x000001742a9cc040,
0x000001742c347fd0, 0x000001742bce01f0, 0x000001742b24a910, 0x000001742aa43c30,
0x000001742ac8ca20, 0x000001742ac8a3a0, 0x000001742ac8b6e0, 0x000001742ac8c080,
0x000001742ac8c550, 0x000001742ac8ad40, 0x000001742ac89ed0, 0x000001742ac89060,
0x000001742ac8bbb0, 0x000001742ac89a00, 0x000001742ac8a870, 0x000001742ac8b210,
0x000001742c05a720, 0x000001742c05fdc0, 0x000001742c05b0c0, 0x000001742c05bf30,
0x000001742c05abf0, 0x000001742c0615d0, 0x000001742c05ba60, 0x000001742c061aa0,
0x000001742c05d740, 0x000001742c060760, 0x000001742c061100, 0x000001742c05dc10,
0x000001742c05ea80, 0x000001742c05e0e0, 0x000001742c05e5b0, 0x000001742c060c30,
0x000001742c061f70, 0x000001742c05ef50, 0x000001742c05f420, 0x000001742f386680,
0x000001742f38c6c0, 0x000001742f38d530, 0x000001742f386b50, 0x000001742f388830,
0x000001742f388360, 0x000001742f38d060, 0x000001742f38a040, 0x000001742f38b850,
0x000001742f388d00, 0x000001742f38aeb0, 0x000001742f385ce0, 0x000001742f3891d0,
0x000001742f38cb90, 0x000001742f38bd20, 0x000001742f38c1f0, 0x000001742f3896a0,
0x000001742f3861b0, 0x000001742f38b380, 0x000001742f389b70, 0x000001742f3874f0,
0x000001742f3879c0, 0x000001742f387020, 0x000001742f387e90, 0x000001742f38a510,
0x000001742f38a9e0, 0x000001742f297cf0, 0x000001742f299500, 0x000001742f298b60,
0x000001742f292ff0, 0x000001742f2934c0, 0x000001742f2999d0, 0x000001742f299030,
0x000001742f299ea0, 0x000001742f294330, 0x000001742f294800, 0x000001742f293990,
0x000001742f293e60, 0x000001742f2951a0, 0x000001742f297820, 0x0000017433ce11c0,
0x0000017433ce6860, 0x0000017433ce8070, 0x0000017433ce5ec0
}

Java Threads: ( => current thread )
  0x00000174107fc8f0 JavaThread "main" [_thread_blocked, id=21472, stack(0x0000000b6e800000,0x0000000b6e900000)]
  0x0000017429de5a30 JavaThread "Reference Handler" daemon [_thread_blocked, id=23004, stack(0x0000000b6ef00000,0x0000000b6f000000)]
  0x0000017429da5ae0 JavaThread "Finalizer" daemon [_thread_blocked, id=23968, stack(0x0000000b6f000000,0x0000000b6f100000)]
  0x0000017429dbd910 JavaThread "Signal Dispatcher" daemon [_thread_blocked, id=17640, stack(0x0000000b6f100000,0x0000000b6f200000)]
  0x0000017429dbe1d0 JavaThread "Attach Listener" daemon [_thread_blocked, id=1484, stack(0x0000000b6f200000,0x0000000b6f300000)]
  0x0000017429dbea90 JavaThread "Service Thread" daemon [_thread_blocked, id=7852, stack(0x0000000b6f300000,0x0000000b6f400000)]
  0x0000017429dbf350 JavaThread "Monitor Deflation Thread" daemon [_thread_blocked, id=20840, stack(0x0000000b6f400000,0x0000000b6f500000)]
=>0x000001742a811370 JavaThread "C2 CompilerThread0" daemon [_thread_in_native, id=15724, stack(0x0000000b6f500000,0x0000000b6f600000)]
  0x0000017429dee730 JavaThread "C1 CompilerThread0" daemon [_thread_blocked, id=22328, stack(0x0000000b6f600000,0x0000000b6f700000)]
  0x000001742a888400 JavaThread "Sweeper thread" daemon [_thread_blocked, id=7088, stack(0x0000000b6f700000,0x0000000b6f800000)]
  0x000001742a9a4540 JavaThread "Common-Cleaner" daemon [_thread_blocked, id=18708, stack(0x0000000b6f800000,0x0000000b6f900000)]
  0x000001742a9cc040 JavaThread "Notification Thread" daemon [_thread_blocked, id=17216, stack(0x0000000b6f900000,0x0000000b6fa00000)]
  0x000001742c347fd0 JavaThread "Daemon health stats" [_thread_blocked, id=17320, stack(0x0000000b6fe00000,0x0000000b6ff00000)]
  0x000001742bce01f0 JavaThread "Incoming local TCP Connector on port 59073" [_thread_in_native, id=24452, stack(0x0000000b6ff00000,0x0000000b70000000)]
  0x000001742b24a910 JavaThread "Daemon periodic checks" [_thread_blocked, id=7228, stack(0x0000000b70000000,0x0000000b70100000)]
  0x000001742aa43c30 JavaThread "Daemon" [_thread_blocked, id=13908, stack(0x0000000b70100000,0x0000000b70200000)]
  0x000001742ac8ca20 JavaThread "Handler for socket connection from /127.0.0.1:59073 to /127.0.0.1:59074" [_thread_in_native, id=6092, stack(0x0000000b70200000,0x0000000b70300000)]
  0x000001742ac8a3a0 JavaThread "Cancel handler" [_thread_blocked, id=11032, stack(0x0000000b70300000,0x0000000b70400000)]
  0x000001742ac8b6e0 JavaThread "Daemon worker" [_thread_blocked, id=17032, stack(0x0000000b70400000,0x0000000b70500000)]
  0x000001742ac8c080 JavaThread "Asynchronous log dispatcher for DefaultDaemonConnection: socket connection from /127.0.0.1:59073 to /127.0.0.1:59074" [_thread_blocked, id=4120, stack(0x0000000b70500000,0x0000000b70600000)]
  0x000001742ac8c550 JavaThread "Stdin handler" [_thread_blocked, id=11460, stack(0x0000000b70600000,0x0000000b70700000)]
  0x000001742ac8ad40 JavaThread "Daemon client event forwarder" [_thread_blocked, id=21500, stack(0x0000000b70700000,0x0000000b70800000)]
  0x000001742ac89ed0 JavaThread "Cache worker for journal cache (C:\Users\oussama\.gradle\caches\journal-1)" [_thread_blocked, id=6768, stack(0x0000000b70800000,0x0000000b70900000)]
  0x000001742ac89060 JavaThread "File lock request listener" [_thread_in_native, id=2752, stack(0x0000000b70900000,0x0000000b70a00000)]
  0x000001742ac8bbb0 JavaThread "Cache worker for file hash cache (C:\Users\oussama\.gradle\caches\7.5\fileHashes)" [_thread_blocked, id=19208, stack(0x0000000b70a00000,0x0000000b70b00000)]
  0x000001742ac89a00 JavaThread "File watcher server" daemon [_thread_in_native, id=12484, stack(0x0000000b70b00000,0x0000000b70c00000)]
  0x000001742ac8a870 JavaThread "File watcher consumer" daemon [_thread_blocked, id=15864, stack(0x0000000b70c00000,0x0000000b70d00000)]
  0x000001742ac8b210 JavaThread "Cache worker for checksums cache (C:\Users\oussama\Downloads\drive-download-20230523T182349Z-001\.gradle\7.5\checksums)" [_thread_blocked, id=9316, stack(0x0000000b70d00000,0x0000000b70e00000)]
  0x000001742c05a720 JavaThread "Cache worker for cache directory md-rule (C:\Users\oussama\.gradle\caches\7.5\md-rule)" [_thread_blocked, id=11684, stack(0x0000000b70e00000,0x0000000b70f00000)]
  0x000001742c05fdc0 JavaThread "Cache worker for file content cache (C:\Users\oussama\.gradle\caches\7.5\fileContent)" [_thread_blocked, id=16748, stack(0x0000000b70f00000,0x0000000b71000000)]
  0x000001742c05b0c0 JavaThread "Cache worker for file hash cache (C:\Users\oussama\Downloads\drive-download-20230523T182349Z-001\.gradle\7.5\fileHashes)" [_thread_blocked, id=24144, stack(0x0000000b71000000,0x0000000b71100000)]
  0x000001742c05bf30 JavaThread "Cache worker for cache directory md-supplier (C:\Users\oussama\.gradle\caches\7.5\md-supplier)" [_thread_blocked, id=9772, stack(0x0000000b71100000,0x0000000b71200000)]
  0x000001742c05abf0 JavaThread "Cache worker for execution history cache (C:\Users\oussama\.gradle\caches\7.5\executionHistory)" [_thread_blocked, id=14448, stack(0x0000000b71200000,0x0000000b71300000)]
  0x000001742c0615d0 JavaThread "jar transforms" [_thread_blocked, id=15664, stack(0x0000000b71300000,0x0000000b71400000)]
  0x000001742c05ba60 JavaThread "jar transforms Thread 2" [_thread_blocked, id=14820, stack(0x0000000b71400000,0x0000000b71500000)]
  0x000001742c061aa0 JavaThread "jar transforms Thread 3" [_thread_blocked, id=23680, stack(0x0000000b71500000,0x0000000b71600000)]
  0x000001742c05d740 JavaThread "jar transforms Thread 4" [_thread_blocked, id=10652, stack(0x0000000b71700000,0x0000000b71800000)]
  0x000001742c060760 JavaThread "Cache worker for dependencies-accessors (C:\Users\oussama\Downloads\drive-download-20230523T182349Z-001\.gradle\7.5\dependencies-accessors)" [_thread_blocked, id=10712, stack(0x0000000b71800000,0x0000000b71900000)]
  0x000001742c061100 JavaThread "Cache worker for Build Output Cleanup Cache (C:\Users\oussama\Downloads\drive-download-20230523T182349Z-001\.gradle\buildOutputCleanup)" [_thread_blocked, id=17652, stack(0x0000000b71900000,0x0000000b71a00000)]
  0x000001742c05dc10 JavaThread "Unconstrained build operations" [_thread_blocked, id=24408, stack(0x0000000b71b00000,0x0000000b71c00000)]
  0x000001742c05ea80 JavaThread "Unconstrained build operations Thread 2" [_thread_blocked, id=1816, stack(0x0000000b71c00000,0x0000000b71d00000)]
  0x000001742c05e0e0 JavaThread "Unconstrained build operations Thread 3" [_thread_blocked, id=12468, stack(0x0000000b71d00000,0x0000000b71e00000)]
  0x000001742c05e5b0 JavaThread "Unconstrained build operations Thread 4" [_thread_blocked, id=3588, stack(0x0000000b71e00000,0x0000000b71f00000)]
  0x000001742c060c30 JavaThread "Unconstrained build operations Thread 5" [_thread_blocked, id=18080, stack(0x0000000b71f00000,0x0000000b72000000)]
  0x000001742c061f70 JavaThread "Unconstrained build operations Thread 6" [_thread_blocked, id=15596, stack(0x0000000b72000000,0x0000000b72100000)]
  0x000001742c05ef50 JavaThread "Unconstrained build operations Thread 7" [_thread_blocked, id=16808, stack(0x0000000b72100000,0x0000000b72200000)]
  0x000001742c05f420 JavaThread "Unconstrained build operations Thread 8" [_thread_blocked, id=268, stack(0x0000000b72200000,0x0000000b72300000)]
  0x000001742f386680 JavaThread "Unconstrained build operations Thread 9" [_thread_blocked, id=9176, stack(0x0000000b72300000,0x0000000b72400000)]
  0x000001742f38c6c0 JavaThread "Unconstrained build operations Thread 10" [_thread_blocked, id=23976, stack(0x0000000b72400000,0x0000000b72500000)]
  0x000001742f38d530 JavaThread "Unconstrained build operations Thread 11" [_thread_blocked, id=13192, stack(0x0000000b72500000,0x0000000b72600000)]
  0x000001742f386b50 JavaThread "Unconstrained build operations Thread 12" [_thread_blocked, id=13848, stack(0x0000000b72600000,0x0000000b72700000)]
  0x000001742f388830 JavaThread "Unconstrained build operations Thread 13" [_thread_blocked, id=2604, stack(0x0000000b72700000,0x0000000b72800000)]
  0x000001742f388360 JavaThread "Unconstrained build operations Thread 14" [_thread_blocked, id=3724, stack(0x0000000b72800000,0x0000000b72900000)]
  0x000001742f38d060 JavaThread "Unconstrained build operations Thread 15" [_thread_blocked, id=11840, stack(0x0000000b72900000,0x0000000b72a00000)]
  0x000001742f38a040 JavaThread "Unconstrained build operations Thread 16" [_thread_blocked, id=4952, stack(0x0000000b72a00000,0x0000000b72b00000)]
  0x000001742f38b850 JavaThread "Unconstrained build operations Thread 17" [_thread_blocked, id=6100, stack(0x0000000b72b00000,0x0000000b72c00000)]
  0x000001742f388d00 JavaThread "Unconstrained build operations Thread 18" [_thread_blocked, id=21764, stack(0x0000000b72c00000,0x0000000b72d00000)]
  0x000001742f38aeb0 JavaThread "Unconstrained build operations Thread 19" [_thread_blocked, id=23464, stack(0x0000000b72d00000,0x0000000b72e00000)]
  0x000001742f385ce0 JavaThread "Unconstrained build operations Thread 20" [_thread_blocked, id=21632, stack(0x0000000b72e00000,0x0000000b72f00000)]
  0x000001742f3891d0 JavaThread "Unconstrained build operations Thread 21" [_thread_blocked, id=24312, stack(0x0000000b72f00000,0x0000000b73000000)]
  0x000001742f38cb90 JavaThread "Unconstrained build operations Thread 22" [_thread_blocked, id=14228, stack(0x0000000b73000000,0x0000000b73100000)]
  0x000001742f38bd20 JavaThread "Unconstrained build operations Thread 23" [_thread_blocked, id=17488, stack(0x0000000b73100000,0x0000000b73200000)]
  0x000001742f38c1f0 JavaThread "Unconstrained build operations Thread 24" [_thread_blocked, id=9496, stack(0x0000000b73200000,0x0000000b73300000)]
  0x000001742f3896a0 JavaThread "Unconstrained build operations Thread 25" [_thread_blocked, id=24392, stack(0x0000000b73300000,0x0000000b73400000)]
  0x000001742f3861b0 JavaThread "Unconstrained build operations Thread 26" [_thread_blocked, id=23048, stack(0x0000000b73400000,0x0000000b73500000)]
  0x000001742f38b380 JavaThread "Unconstrained build operations Thread 27" [_thread_blocked, id=20948, stack(0x0000000b73500000,0x0000000b73600000)]
  0x000001742f389b70 JavaThread "Unconstrained build operations Thread 28" [_thread_blocked, id=6028, stack(0x0000000b73600000,0x0000000b73700000)]
  0x000001742f3874f0 JavaThread "Unconstrained build operations Thread 29" [_thread_blocked, id=6652, stack(0x0000000b73700000,0x0000000b73800000)]
  0x000001742f3879c0 JavaThread "Unconstrained build operations Thread 30" [_thread_blocked, id=16444, stack(0x0000000b73800000,0x0000000b73900000)]
  0x000001742f387020 JavaThread "Unconstrained build operations Thread 31" [_thread_blocked, id=24544, stack(0x0000000b73900000,0x0000000b73a00000)]
  0x000001742f387e90 JavaThread "Unconstrained build operations Thread 32" [_thread_blocked, id=19372, stack(0x0000000b73a00000,0x0000000b73b00000)]
  0x000001742f38a510 JavaThread "Unconstrained build operations Thread 33" [_thread_blocked, id=18756, stack(0x0000000b73b00000,0x0000000b73c00000)]
  0x000001742f38a9e0 JavaThread "Unconstrained build operations Thread 34" [_thread_blocked, id=17252, stack(0x0000000b73c00000,0x0000000b73d00000)]
  0x000001742f297cf0 JavaThread "Unconstrained build operations Thread 35" [_thread_blocked, id=22404, stack(0x0000000b73d00000,0x0000000b73e00000)]
  0x000001742f299500 JavaThread "Unconstrained build operations Thread 36" [_thread_blocked, id=24388, stack(0x0000000b73e00000,0x0000000b73f00000)]
  0x000001742f298b60 JavaThread "Unconstrained build operations Thread 37" [_thread_blocked, id=21696, stack(0x0000000b73f00000,0x0000000b74000000)]
  0x000001742f292ff0 JavaThread "Unconstrained build operations Thread 38" [_thread_blocked, id=14088, stack(0x0000000b74000000,0x0000000b74100000)]
  0x000001742f2934c0 JavaThread "Unconstrained build operations Thread 39" [_thread_blocked, id=21064, stack(0x0000000b74100000,0x0000000b74200000)]
  0x000001742f2999d0 JavaThread "Unconstrained build operations Thread 40" [_thread_blocked, id=24504, stack(0x0000000b74200000,0x0000000b74300000)]
  0x000001742f299030 JavaThread "build event listener" [_thread_blocked, id=18628, stack(0x0000000b74300000,0x0000000b74400000)]
  0x000001742f299ea0 JavaThread "Memory manager" [_thread_blocked, id=4556, stack(0x0000000b74400000,0x0000000b74500000)]
  0x000001742f294330 JavaThread "included builds" [_thread_in_vm, id=9572, stack(0x0000000b74600000,0x0000000b74700000)]
  0x000001742f294800 JavaThread "Execution worker" [_thread_blocked, id=18760, stack(0x0000000b74700000,0x0000000b74800000)]
  0x000001742f293990 JavaThread "Execution worker Thread 2" [_thread_blocked, id=24092, stack(0x0000000b74800000,0x0000000b74900000)]
  0x000001742f293e60 JavaThread "Execution worker Thread 3" [_thread_blocked, id=21944, stack(0x0000000b74900000,0x0000000b74a00000)]
  0x000001742f2951a0 JavaThread "Cache worker for execution history cache (C:\Users\oussama\Downloads\drive-download-20230523T182349Z-001\.gradle\7.5\executionHistory)" [_thread_blocked, id=16048, stack(0x0000000b74a00000,0x0000000b74b00000)]
  0x000001742f297820 JavaThread "Cache worker for Java compile cache (C:\Users\oussama\.gradle\caches\7.5\javaCompile)" [_thread_blocked, id=14304, stack(0x0000000b74b00000,0x0000000b74c00000)]
  0x0000017433ce11c0 JavaThread "Build operations" [_thread_blocked, id=20552, stack(0x0000000b74c00000,0x0000000b74d00000)]
  0x0000017433ce6860 JavaThread "Build operations Thread 2" [_thread_blocked, id=4600, stack(0x0000000b74d00000,0x0000000b74e00000)]
  0x0000017433ce8070 JavaThread "Build operations Thread 3" [_thread_blocked, id=22212, stack(0x0000000b74e00000,0x0000000b74f00000)]
  0x0000017433ce5ec0 JavaThread "Build operations Thread 4" [_thread_blocked, id=16508, stack(0x0000000b74f00000,0x0000000b75000000)]

Other Threads:
  0x0000017429d9f2b0 VMThread "VM Thread" [stack: 0x0000000b6ee00000,0x0000000b6ef00000] [id=22812]
  0x000001742a9a0200 WatcherThread [stack: 0x0000000b6fa00000,0x0000000b6fb00000] [id=21824]
  0x0000017410857c70 GCTaskThread "GC Thread#0" [stack: 0x0000000b6e900000,0x0000000b6ea00000] [id=1800]
  0x000001742af06260 GCTaskThread "GC Thread#1" [stack: 0x0000000b6fb00000,0x0000000b6fc00000] [id=22192]
  0x000001742adff600 GCTaskThread "GC Thread#2" [stack: 0x0000000b6fc00000,0x0000000b6fd00000] [id=14568]
  0x000001742b811f20 GCTaskThread "GC Thread#3" [stack: 0x0000000b6fd00000,0x0000000b6fe00000] [id=22928]
  0x00000174108693c0 ConcurrentGCThread "G1 Main Marker" [stack: 0x0000000b6ea00000,0x0000000b6eb00000] [id=18944]
  0x000001741086ade0 ConcurrentGCThread "G1 Conc#0" [stack: 0x0000000b6eb00000,0x0000000b6ec00000] [id=15632]
  0x00000174108bec20 ConcurrentGCThread "G1 Refine#0" [stack: 0x0000000b6ec00000,0x0000000b6ed00000] [id=20092]
  0x000001742ccca830 ConcurrentGCThread "G1 Refine#1" [stack: 0x0000000b71600000,0x0000000b71700000] [id=22816]
  0x000001742f83a4d0 ConcurrentGCThread "G1 Refine#2" [stack: 0x0000000b74500000,0x0000000b74600000] [id=21200]
  0x0000017429c13710 ConcurrentGCThread "G1 Service" [stack: 0x0000000b6ed00000,0x0000000b6ee00000] [id=8460]

Threads with active compile tasks:
C2 CompilerThread0    27632 11224       4       org.gradle.api.internal.tasks.compile.incremental.serialization.HierarchicalNameSerializer::readName (51 bytes)

VM state: not at safepoint (normal execution)

VM Mutex/Monitor currently owned by a thread: None

Heap address: 0x0000000080000000, size: 2048 MB, Compressed Oops mode: 32-bit

CDS archive(s) not mapped
Compressed class space mapped at: 0x0000000100000000-0x0000000140000000, reserved size: 1073741824
Narrow klass base: 0x0000000000000000, Narrow klass shift: 3, Narrow klass range: 0x140000000

GC Precious Log:
 CPUs: 4 total, 4 available
 Memory: 8134M
 Large Page Support: Disabled
 NUMA Support: Disabled
 Compressed Oops: Enabled (32-bit)
 Heap Region Size: 1M
 Heap Min Capacity: 8M
 Heap Initial Capacity: 128M
 Heap Max Capacity: 2G
 Pre-touch: Disabled
 Parallel Workers: 4
 Concurrent Workers: 1
 Concurrent Refinement Workers: 4
 Periodic GC: Disabled

Heap:
 garbage-first heap   total 187392K, used 136904K [0x0000000080000000, 0x0000000100000000)
  region size 1024K, 55 young (56320K), 5 survivors (5120K)
 Metaspace       used 91318K, committed 91904K, reserved 1130496K
  class space    used 12350K, committed 12608K, reserved 1048576K

Heap Regions: E=young(eden), S=young(survivor), O=old, HS=humongous(starts), HC=humongous(continues), CS=collection set, F=free, OA=open archive, CA=closed archive, TAMS=top-at-mark-start (previous, next)
|   0|0x0000000080000000, 0x0000000080100000, 0x0000000080100000|100%|HS|  |TAMS 0x0000000080100000, 0x0000000080000000| Complete 
|   1|0x0000000080100000, 0x0000000080200000, 0x0000000080200000|100%|HC|  |TAMS 0x0000000080200000, 0x0000000080100000| Complete 
|   2|0x0000000080200000, 0x0000000080300000, 0x0000000080300000|100%|HC|  |TAMS 0x0000000080300000, 0x0000000080200000| Complete 
|   3|0x0000000080300000, 0x0000000080400000, 0x0000000080400000|100%| O|  |TAMS 0x0000000080400000, 0x0000000080300000| Untracked 
|   4|0x0000000080400000, 0x0000000080500000, 0x0000000080500000|100%| O|  |TAMS 0x0000000080500000, 0x0000000080400000| Untracked 
|   5|0x0000000080500000, 0x0000000080600000, 0x0000000080600000|100%| O|  |TAMS 0x0000000080600000, 0x0000000080500000| Untracked 
|   6|0x0000000080600000, 0x0000000080700000, 0x0000000080700000|100%| O|  |TAMS 0x0000000080700000, 0x0000000080600000| Untracked 
|   7|0x0000000080700000, 0x0000000080800000, 0x0000000080800000|100%| O|  |TAMS 0x0000000080800000, 0x0000000080700000| Untracked 
|   8|0x0000000080800000, 0x0000000080900000, 0x0000000080900000|100%| O|  |TAMS 0x0000000080900000, 0x0000000080800000| Untracked 
|   9|0x0000000080900000, 0x0000000080a00000, 0x0000000080a00000|100%| O|  |TAMS 0x0000000080a00000, 0x0000000080900000| Untracked 
|  10|0x0000000080a00000, 0x0000000080b00000, 0x0000000080b00000|100%| O|  |TAMS 0x0000000080b00000, 0x0000000080a00000| Untracked 
|  11|0x0000000080b00000, 0x0000000080c00000, 0x0000000080c00000|100%| O|  |TAMS 0x0000000080c00000, 0x0000000080b00000| Untracked 
|  12|0x0000000080c00000, 0x0000000080d00000, 0x0000000080d00000|100%| O|  |TAMS 0x0000000080d00000, 0x0000000080c00000| Untracked 
|  13|0x0000000080d00000, 0x0000000080e00000, 0x0000000080e00000|100%| O|  |TAMS 0x0000000080e00000, 0x0000000080d00000| Untracked 
|  14|0x0000000080e00000, 0x0000000080f00000, 0x0000000080f00000|100%| O|  |TAMS 0x0000000080f00000, 0x0000000080e00000| Untracked 
|  15|0x0000000080f00000, 0x0000000081000000, 0x0000000081000000|100%| O|  |TAMS 0x0000000081000000, 0x0000000080f00000| Untracked 
|  16|0x0000000081000000, 0x0000000081100000, 0x0000000081100000|100%| O|  |TAMS 0x0000000081100000, 0x0000000081000000| Untracked 
|  17|0x0000000081100000, 0x0000000081200000, 0x0000000081200000|100%| O|  |TAMS 0x0000000081200000, 0x0000000081100000| Untracked 
|  18|0x0000000081200000, 0x0000000081300000, 0x0000000081300000|100%| O|  |TAMS 0x0000000081300000, 0x0000000081200000| Untracked 
|  19|0x0000000081300000, 0x0000000081400000, 0x0000000081400000|100%| O|  |TAMS 0x0000000081400000, 0x0000000081300000| Untracked 
|  20|0x0000000081400000, 0x0000000081500000, 0x0000000081500000|100%| O|  |TAMS 0x0000000081500000, 0x0000000081400000| Untracked 
|  21|0x0000000081500000, 0x0000000081600000, 0x0000000081600000|100%| O|  |TAMS 0x0000000081600000, 0x0000000081500000| Untracked 
|  22|0x0000000081600000, 0x0000000081700000, 0x0000000081700000|100%| O|  |TAMS 0x0000000081700000, 0x0000000081600000| Untracked 
|  23|0x0000000081700000, 0x0000000081800000, 0x0000000081800000|100%| O|  |TAMS 0x0000000081800000, 0x0000000081700000| Untracked 
|  24|0x0000000081800000, 0x0000000081900000, 0x0000000081900000|100%| O|  |TAMS 0x0000000081900000, 0x0000000081800000| Untracked 
|  25|0x0000000081900000, 0x0000000081a00000, 0x0000000081a00000|100%| O|  |TAMS 0x0000000081a00000, 0x0000000081900000| Untracked 
|  26|0x0000000081a00000, 0x0000000081b00000, 0x0000000081b00000|100%| O|  |TAMS 0x0000000081b00000, 0x0000000081a00000| Untracked 
|  27|0x0000000081b00000, 0x0000000081c00000, 0x0000000081c00000|100%| O|  |TAMS 0x0000000081c00000, 0x0000000081b00000| Untracked 
|  28|0x0000000081c00000, 0x0000000081d00000, 0x0000000081d00000|100%| O|  |TAMS 0x0000000081d00000, 0x0000000081c00000| Untracked 
|  29|0x0000000081d00000, 0x0000000081e00000, 0x0000000081e00000|100%|HS|  |TAMS 0x0000000081e00000, 0x0000000081d00000| Complete 
|  30|0x0000000081e00000, 0x0000000081f00000, 0x0000000081f00000|100%|HS|  |TAMS 0x0000000081f00000, 0x0000000081e00000| Complete 
|  31|0x0000000081f00000, 0x0000000082000000, 0x0000000082000000|100%| O|  |TAMS 0x0000000082000000, 0x0000000081f00000| Untracked 
|  32|0x0000000082000000, 0x0000000082100000, 0x0000000082100000|100%| O|  |TAMS 0x0000000082100000, 0x0000000082000000| Untracked 
|  33|0x0000000082100000, 0x0000000082200000, 0x0000000082200000|100%| O|  |TAMS 0x0000000082200000, 0x0000000082100000| Untracked 
|  34|0x0000000082200000, 0x0000000082300000, 0x0000000082300000|100%| O|  |TAMS 0x0000000082300000, 0x0000000082200000| Untracked 
|  35|0x0000000082300000, 0x0000000082400000, 0x0000000082400000|100%| O|  |TAMS 0x0000000082400000, 0x0000000082300000| Untracked 
|  36|0x0000000082400000, 0x0000000082500000, 0x0000000082500000|100%| O|  |TAMS 0x0000000082500000, 0x0000000082400000| Untracked 
|  37|0x0000000082500000, 0x0000000082600000, 0x0000000082600000|100%| O|  |TAMS 0x0000000082600000, 0x0000000082500000| Untracked 
|  38|0x0000000082600000, 0x0000000082700000, 0x0000000082700000|100%| O|  |TAMS 0x0000000082700000, 0x0000000082600000| Untracked 
|  39|0x0000000082700000, 0x0000000082800000, 0x0000000082800000|100%| O|  |TAMS 0x0000000082800000, 0x0000000082700000| Untracked 
|  40|0x0000000082800000, 0x0000000082900000, 0x0000000082900000|100%| O|  |TAMS 0x0000000082900000, 0x0000000082800000| Untracked 
|  41|0x0000000082900000, 0x0000000082a00000, 0x0000000082a00000|100%| O|  |TAMS 0x0000000082a00000, 0x0000000082900000| Untracked 
|  42|0x0000000082a00000, 0x0000000082a00000, 0x0000000082b00000|  0%| F|  |TAMS 0x0000000082a00000, 0x0000000082a00000| Untracked 
|  43|0x0000000082b00000, 0x0000000082c00000, 0x0000000082c00000|100%| O|  |TAMS 0x0000000082c00000, 0x0000000082b00000| Untracked 
|  44|0x0000000082c00000, 0x0000000082d00000, 0x0000000082d00000|100%| O|  |TAMS 0x0000000082d00000, 0x0000000082c00000| Untracked 
|  45|0x0000000082d00000, 0x0000000082e00000, 0x0000000082e00000|100%| O|  |TAMS 0x0000000082e00000, 0x0000000082d00000| Untracked 
|  46|0x0000000082e00000, 0x0000000082f00000, 0x0000000082f00000|100%| O|  |TAMS 0x0000000082f00000, 0x0000000082e00000| Untracked 
|  47|0x0000000082f00000, 0x0000000083000000, 0x0000000083000000|100%| O|  |TAMS 0x0000000083000000, 0x0000000082f00000| Untracked 
|  48|0x0000000083000000, 0x0000000083100000, 0x0000000083100000|100%| O|  |TAMS 0x0000000083100000, 0x0000000083000000| Untracked 
|  49|0x0000000083100000, 0x0000000083200000, 0x0000000083200000|100%| O|  |TAMS 0x0000000083200000, 0x0000000083100000| Untracked 
|  50|0x0000000083200000, 0x0000000083300000, 0x0000000083300000|100%| O|  |TAMS 0x0000000083300000, 0x0000000083200000| Untracked 
|  51|0x0000000083300000, 0x0000000083400000, 0x0000000083400000|100%| O|  |TAMS 0x0000000083400000, 0x0000000083300000| Untracked 
|  52|0x0000000083400000, 0x0000000083500000, 0x0000000083500000|100%| O|  |TAMS 0x0000000083500000, 0x0000000083400000| Untracked 
|  53|0x0000000083500000, 0x0000000083600000, 0x0000000083600000|100%| O|  |TAMS 0x0000000083600000, 0x0000000083500000| Untracked 
|  54|0x0000000083600000, 0x0000000083700000, 0x0000000083700000|100%| O|  |TAMS 0x0000000083700000, 0x0000000083600000| Untracked 
|  55|0x0000000083700000, 0x0000000083800000, 0x0000000083800000|100%| O|  |TAMS 0x0000000083800000, 0x0000000083700000| Untracked 
|  56|0x0000000083800000, 0x0000000083900000, 0x0000000083900000|100%| O|  |TAMS 0x0000000083900000, 0x0000000083800000| Untracked 
|  57|0x0000000083900000, 0x0000000083a00000, 0x0000000083a00000|100%| O|  |TAMS 0x0000000083a00000, 0x0000000083900000| Untracked 
|  58|0x0000000083a00000, 0x0000000083b00000, 0x0000000083b00000|100%| O|  |TAMS 0x0000000083b00000, 0x0000000083a00000| Untracked 
|  59|0x0000000083b00000, 0x0000000083c00000, 0x0000000083c00000|100%| O|  |TAMS 0x0000000083c00000, 0x0000000083b00000| Untracked 
|  60|0x0000000083c00000, 0x0000000083d00000, 0x0000000083d00000|100%| O|  |TAMS 0x0000000083d00000, 0x0000000083c00000| Untracked 
|  61|0x0000000083d00000, 0x0000000083e00000, 0x0000000083e00000|100%| O|  |TAMS 0x0000000083e00000, 0x0000000083d00000| Untracked 
|  62|0x0000000083e00000, 0x0000000083f00000, 0x0000000083f00000|100%| O|  |TAMS 0x0000000083f00000, 0x0000000083e00000| Untracked 
|  63|0x0000000083f00000, 0x0000000084000000, 0x0000000084000000|100%| O|  |TAMS 0x0000000084000000, 0x0000000083f00000| Untracked 
|  64|0x0000000084000000, 0x0000000084100000, 0x0000000084100000|100%| O|  |TAMS 0x0000000084100000, 0x0000000084000000| Untracked 
|  65|0x0000000084100000, 0x0000000084200000, 0x0000000084200000|100%| O|  |TAMS 0x0000000084200000, 0x0000000084100000| Untracked 
|  66|0x0000000084200000, 0x0000000084300000, 0x0000000084300000|100%| O|  |TAMS 0x0000000084300000, 0x0000000084200000| Untracked 
|  67|0x0000000084300000, 0x0000000084400000, 0x0000000084400000|100%| O|  |TAMS 0x0000000084400000, 0x0000000084300000| Untracked 
|  68|0x0000000084400000, 0x0000000084500000, 0x0000000084500000|100%| O|  |TAMS 0x0000000084500000, 0x0000000084400000| Untracked 
|  69|0x0000000084500000, 0x0000000084600000, 0x0000000084600000|100%| O|  |TAMS 0x000000008456b400, 0x0000000084500000| Untracked 
|  70|0x0000000084600000, 0x0000000084700000, 0x0000000084700000|100%| O|  |TAMS 0x0000000084600000, 0x0000000084600000| Untracked 
|  71|0x0000000084700000, 0x0000000084800000, 0x0000000084800000|100%| O|  |TAMS 0x0000000084700000, 0x0000000084700000| Untracked 
|  72|0x0000000084800000, 0x0000000084900000, 0x0000000084900000|100%| O|  |TAMS 0x0000000084800000, 0x0000000084800000| Untracked 
|  73|0x0000000084900000, 0x0000000084a00000, 0x0000000084a00000|100%| O|  |TAMS 0x0000000084900000, 0x0000000084900000| Untracked 
|  74|0x0000000084a00000, 0x0000000084b00000, 0x0000000084b00000|100%| O|  |TAMS 0x0000000084a00000, 0x0000000084a00000| Untracked 
|  75|0x0000000084b00000, 0x0000000084c00000, 0x0000000084c00000|100%| O|  |TAMS 0x0000000084b00000, 0x0000000084b00000| Untracked 
|  76|0x0000000084c00000, 0x0000000084d00000, 0x0000000084d00000|100%| O|  |TAMS 0x0000000084c00000, 0x0000000084c00000| Untracked 
|  77|0x0000000084d00000, 0x0000000084e00000, 0x0000000084e00000|100%| O|  |TAMS 0x0000000084d00000, 0x0000000084d00000| Untracked 
|  78|0x0000000084e00000, 0x0000000084f00000, 0x0000000084f00000|100%| O|  |TAMS 0x0000000084e00000, 0x0000000084e00000| Untracked 
|  79|0x0000000084f00000, 0x0000000085000000, 0x0000000085000000|100%| O|  |TAMS 0x0000000084f00000, 0x0000000084f00000| Untracked 
|  80|0x0000000085000000, 0x0000000085100000, 0x0000000085100000|100%| O|  |TAMS 0x0000000085000000, 0x0000000085000000| Untracked 
|  81|0x0000000085100000, 0x0000000085200000, 0x0000000085200000|100%| O|  |TAMS 0x0000000085100000, 0x0000000085100000| Untracked 
|  82|0x0000000085200000, 0x000000008524da00, 0x0000000085300000| 30%| O|  |TAMS 0x0000000085200000, 0x0000000085200000| Untracked 
|  83|0x0000000085300000, 0x0000000085300000, 0x0000000085400000|  0%| F|  |TAMS 0x0000000085300000, 0x0000000085300000| Untracked 
|  84|0x0000000085400000, 0x0000000085400000, 0x0000000085500000|  0%| F|  |TAMS 0x0000000085400000, 0x0000000085400000| Untracked 
|  85|0x0000000085500000, 0x0000000085500000, 0x0000000085600000|  0%| F|  |TAMS 0x0000000085500000, 0x0000000085500000| Untracked 
|  86|0x0000000085600000, 0x0000000085600000, 0x0000000085700000|  0%| F|  |TAMS 0x0000000085600000, 0x0000000085600000| Untracked 
|  87|0x0000000085700000, 0x0000000085700000, 0x0000000085800000|  0%| F|  |TAMS 0x0000000085700000, 0x0000000085700000| Untracked 
|  88|0x0000000085800000, 0x0000000085800000, 0x0000000085900000|  0%| F|  |TAMS 0x0000000085800000, 0x0000000085800000| Untracked 
|  89|0x0000000085900000, 0x0000000085900000, 0x0000000085a00000|  0%| F|  |TAMS 0x0000000085900000, 0x0000000085900000| Untracked 
|  90|0x0000000085a00000, 0x0000000085a00000, 0x0000000085b00000|  0%| F|  |TAMS 0x0000000085a00000, 0x0000000085a00000| Untracked 
|  91|0x0000000085b00000, 0x0000000085b00000, 0x0000000085c00000|  0%| F|  |TAMS 0x0000000085b00000, 0x0000000085b00000| Untracked 
|  92|0x0000000085c00000, 0x0000000085c00000, 0x0000000085d00000|  0%| F|  |TAMS 0x0000000085c00000, 0x0000000085c00000| Untracked 
|  93|0x0000000085d00000, 0x0000000085d00000, 0x0000000085e00000|  0%| F|  |TAMS 0x0000000085d00000, 0x0000000085d00000| Untracked 
|  94|0x0000000085e00000, 0x0000000085e00000, 0x0000000085f00000|  0%| F|  |TAMS 0x0000000085e00000, 0x0000000085e00000| Untracked 
|  95|0x0000000085f00000, 0x0000000085f00000, 0x0000000086000000|  0%| F|  |TAMS 0x0000000085f00000, 0x0000000085f00000| Untracked 
|  96|0x0000000086000000, 0x0000000086000000, 0x0000000086100000|  0%| F|  |TAMS 0x0000000086000000, 0x0000000086000000| Untracked 
|  97|0x0000000086100000, 0x0000000086100000, 0x0000000086200000|  0%| F|  |TAMS 0x0000000086100000, 0x0000000086100000| Untracked 
|  98|0x0000000086200000, 0x0000000086200000, 0x0000000086300000|  0%| F|  |TAMS 0x0000000086200000, 0x0000000086200000| Untracked 
|  99|0x0000000086300000, 0x0000000086300000, 0x0000000086400000|  0%| F|  |TAMS 0x0000000086300000, 0x0000000086300000| Untracked 
| 100|0x0000000086400000, 0x0000000086400000, 0x0000000086500000|  0%| F|  |TAMS 0x0000000086400000, 0x0000000086400000| Untracked 
| 101|0x0000000086500000, 0x0000000086500000, 0x0000000086600000|  0%| F|  |TAMS 0x0000000086500000, 0x0000000086500000| Untracked 
| 102|0x0000000086600000, 0x0000000086600000, 0x0000000086700000|  0%| F|  |TAMS 0x0000000086600000, 0x0000000086600000| Untracked 
| 103|0x0000000086700000, 0x0000000086700000, 0x0000000086800000|  0%| F|  |TAMS 0x0000000086700000, 0x0000000086700000| Untracked 
| 104|0x0000000086800000, 0x0000000086800000, 0x0000000086900000|  0%| F|  |TAMS 0x0000000086800000, 0x0000000086800000| Untracked 
| 105|0x0000000086900000, 0x0000000086900000, 0x0000000086a00000|  0%| F|  |TAMS 0x0000000086900000, 0x0000000086900000| Untracked 
| 106|0x0000000086a00000, 0x0000000086a00000, 0x0000000086b00000|  0%| F|  |TAMS 0x0000000086a00000, 0x0000000086a00000| Untracked 
| 107|0x0000000086b00000, 0x0000000086b00000, 0x0000000086c00000|  0%| F|  |TAMS 0x0000000086b00000, 0x0000000086b00000| Untracked 
| 108|0x0000000086c00000, 0x0000000086c00000, 0x0000000086d00000|  0%| F|  |TAMS 0x0000000086c00000, 0x0000000086c00000| Untracked 
| 109|0x0000000086d00000, 0x0000000086d00000, 0x0000000086e00000|  0%| F|  |TAMS 0x0000000086d00000, 0x0000000086d00000| Untracked 
| 110|0x0000000086e00000, 0x0000000086e00000, 0x0000000086f00000|  0%| F|  |TAMS 0x0000000086e00000, 0x0000000086e00000| Untracked 
| 111|0x0000000086f00000, 0x0000000086f00000, 0x0000000087000000|  0%| F|  |TAMS 0x0000000086f00000, 0x0000000086f00000| Untracked 
| 112|0x0000000087000000, 0x0000000087000000, 0x0000000087100000|  0%| F|  |TAMS 0x0000000087000000, 0x0000000087000000| Untracked 
| 113|0x0000000087100000, 0x0000000087164890, 0x0000000087200000| 39%| S|CS|TAMS 0x0000000087100000, 0x0000000087100000| Complete 
| 114|0x0000000087200000, 0x0000000087300000, 0x0000000087300000|100%| S|CS|TAMS 0x0000000087200000, 0x0000000087200000| Complete 
| 115|0x0000000087300000, 0x0000000087400000, 0x0000000087400000|100%| S|CS|TAMS 0x0000000087300000, 0x0000000087300000| Complete 
| 116|0x0000000087400000, 0x0000000087500000, 0x0000000087500000|100%| S|CS|TAMS 0x0000000087400000, 0x0000000087400000| Complete 
| 117|0x0000000087500000, 0x0000000087600000, 0x0000000087600000|100%| S|CS|TAMS 0x0000000087500000, 0x0000000087500000| Complete 
| 118|0x0000000087600000, 0x0000000087600000, 0x0000000087700000|  0%| F|  |TAMS 0x0000000087600000, 0x0000000087600000| Untracked 
| 119|0x0000000087700000, 0x0000000087700000, 0x0000000087800000|  0%| F|  |TAMS 0x0000000087700000, 0x0000000087700000| Untracked 
| 120|0x0000000087800000, 0x0000000087800000, 0x0000000087900000|  0%| F|  |TAMS 0x0000000087800000, 0x0000000087800000| Untracked 
| 121|0x0000000087900000, 0x0000000087900000, 0x0000000087a00000|  0%| F|  |TAMS 0x0000000087900000, 0x0000000087900000| Untracked 
| 122|0x0000000087a00000, 0x0000000087a00000, 0x0000000087b00000|  0%| F|  |TAMS 0x0000000087a00000, 0x0000000087a00000| Untracked 
| 123|0x0000000087b00000, 0x0000000087b00000, 0x0000000087c00000|  0%| F|  |TAMS 0x0000000087b00000, 0x0000000087b00000| Untracked 
| 124|0x0000000087c00000, 0x0000000087c00000, 0x0000000087d00000|  0%| F|  |TAMS 0x0000000087c00000, 0x0000000087c00000| Untracked 
| 125|0x0000000087d00000, 0x0000000087d00000, 0x0000000087e00000|  0%| F|  |TAMS 0x0000000087d00000, 0x0000000087d00000| Untracked 
| 126|0x0000000087e00000, 0x0000000087e00000, 0x0000000087f00000|  0%| F|  |TAMS 0x0000000087e00000, 0x0000000087e00000| Untracked 
| 127|0x0000000087f00000, 0x0000000087f00000, 0x0000000088000000|  0%| F|  |TAMS 0x0000000087f00000, 0x0000000087f00000| Untracked 
| 128|0x0000000088000000, 0x0000000088000000, 0x0000000088100000|  0%| F|  |TAMS 0x0000000088000000, 0x0000000088000000| Untracked 
| 129|0x0000000088100000, 0x0000000088100000, 0x0000000088200000|  0%| F|  |TAMS 0x0000000088100000, 0x0000000088100000| Untracked 
| 130|0x0000000088200000, 0x0000000088200000, 0x0000000088300000|  0%| F|  |TAMS 0x0000000088200000, 0x0000000088200000| Untracked 
| 131|0x0000000088300000, 0x0000000088300000, 0x0000000088400000|  0%| F|  |TAMS 0x0000000088300000, 0x0000000088300000| Untracked 
| 132|0x0000000088400000, 0x0000000088400000, 0x0000000088500000|  0%| F|  |TAMS 0x0000000088400000, 0x0000000088400000| Untracked 
| 133|0x0000000088500000, 0x000000008858db98, 0x0000000088600000| 55%| E|  |TAMS 0x0000000088500000, 0x0000000088500000| Complete 
| 134|0x0000000088600000, 0x0000000088700000, 0x0000000088700000|100%| E|CS|TAMS 0x0000000088600000, 0x0000000088600000| Complete 
| 135|0x0000000088700000, 0x0000000088800000, 0x0000000088800000|100%| E|CS|TAMS 0x0000000088700000, 0x0000000088700000| Complete 
| 136|0x0000000088800000, 0x0000000088900000, 0x0000000088900000|100%| E|CS|TAMS 0x0000000088800000, 0x0000000088800000| Complete 
| 137|0x0000000088900000, 0x0000000088a00000, 0x0000000088a00000|100%| E|CS|TAMS 0x0000000088900000, 0x0000000088900000| Complete 
| 138|0x0000000088a00000, 0x0000000088b00000, 0x0000000088b00000|100%| E|CS|TAMS 0x0000000088a00000, 0x0000000088a00000| Complete 
| 139|0x0000000088b00000, 0x0000000088c00000, 0x0000000088c00000|100%| E|CS|TAMS 0x0000000088b00000, 0x0000000088b00000| Complete 
| 140|0x0000000088c00000, 0x0000000088d00000, 0x0000000088d00000|100%| E|CS|TAMS 0x0000000088c00000, 0x0000000088c00000| Complete 
| 141|0x0000000088d00000, 0x0000000088e00000, 0x0000000088e00000|100%| E|CS|TAMS 0x0000000088d00000, 0x0000000088d00000| Complete 
| 142|0x0000000088e00000, 0x0000000088f00000, 0x0000000088f00000|100%| E|CS|TAMS 0x0000000088e00000, 0x0000000088e00000| Complete 
| 143|0x0000000088f00000, 0x0000000089000000, 0x0000000089000000|100%| E|CS|TAMS 0x0000000088f00000, 0x0000000088f00000| Complete 
| 144|0x0000000089000000, 0x0000000089100000, 0x0000000089100000|100%| E|CS|TAMS 0x0000000089000000, 0x0000000089000000| Complete 
| 145|0x0000000089100000, 0x0000000089200000, 0x0000000089200000|100%| E|CS|TAMS 0x0000000089100000, 0x0000000089100000| Complete 
| 146|0x0000000089200000, 0x0000000089300000, 0x0000000089300000|100%| E|CS|TAMS 0x0000000089200000, 0x0000000089200000| Complete 
| 147|0x0000000089300000, 0x0000000089400000, 0x0000000089400000|100%| E|CS|TAMS 0x0000000089300000, 0x0000000089300000| Complete 
| 148|0x0000000089400000, 0x0000000089500000, 0x0000000089500000|100%| E|CS|TAMS 0x0000000089400000, 0x0000000089400000| Complete 
| 149|0x0000000089500000, 0x0000000089600000, 0x0000000089600000|100%| E|CS|TAMS 0x0000000089500000, 0x0000000089500000| Complete 
| 150|0x0000000089600000, 0x0000000089700000, 0x0000000089700000|100%| E|CS|TAMS 0x0000000089600000, 0x0000000089600000| Complete 
| 151|0x0000000089700000, 0x0000000089800000, 0x0000000089800000|100%| E|CS|TAMS 0x0000000089700000, 0x0000000089700000| Complete 
| 152|0x0000000089800000, 0x0000000089900000, 0x0000000089900000|100%| E|CS|TAMS 0x0000000089800000, 0x0000000089800000| Complete 
| 153|0x0000000089900000, 0x0000000089a00000, 0x0000000089a00000|100%| E|CS|TAMS 0x0000000089900000, 0x0000000089900000| Complete 
| 154|0x0000000089a00000, 0x0000000089b00000, 0x0000000089b00000|100%| E|CS|TAMS 0x0000000089a00000, 0x0000000089a00000| Complete 
| 155|0x0000000089b00000, 0x0000000089c00000, 0x0000000089c00000|100%| E|CS|TAMS 0x0000000089b00000, 0x0000000089b00000| Complete 
| 156|0x0000000089c00000, 0x0000000089d00000, 0x0000000089d00000|100%| E|CS|TAMS 0x0000000089c00000, 0x0000000089c00000| Complete 
| 157|0x0000000089d00000, 0x0000000089e00000, 0x0000000089e00000|100%| E|CS|TAMS 0x0000000089d00000, 0x0000000089d00000| Complete 
| 158|0x0000000089e00000, 0x0000000089f00000, 0x0000000089f00000|100%| E|CS|TAMS 0x0000000089e00000, 0x0000000089e00000| Complete 
| 159|0x0000000089f00000, 0x000000008a000000, 0x000000008a000000|100%| E|CS|TAMS 0x0000000089f00000, 0x0000000089f00000| Complete 
| 160|0x000000008a000000, 0x000000008a100000, 0x000000008a100000|100%| E|CS|TAMS 0x000000008a000000, 0x000000008a000000| Complete 
| 161|0x000000008a100000, 0x000000008a200000, 0x000000008a200000|100%| E|CS|TAMS 0x000000008a100000, 0x000000008a100000| Complete 
| 162|0x000000008a200000, 0x000000008a300000, 0x000000008a300000|100%| E|CS|TAMS 0x000000008a200000, 0x000000008a200000| Complete 
| 163|0x000000008a300000, 0x000000008a400000, 0x000000008a400000|100%| E|CS|TAMS 0x000000008a300000, 0x000000008a300000| Complete 
| 164|0x000000008a400000, 0x000000008a500000, 0x000000008a500000|100%| E|  |TAMS 0x000000008a400000, 0x000000008a400000| Complete 
| 165|0x000000008a500000, 0x000000008a600000, 0x000000008a600000|100%| E|CS|TAMS 0x000000008a500000, 0x000000008a500000| Complete 
| 166|0x000000008a600000, 0x000000008a700000, 0x000000008a700000|100%| E|CS|TAMS 0x000000008a600000, 0x000000008a600000| Complete 
| 167|0x000000008a700000, 0x000000008a800000, 0x000000008a800000|100%| E|CS|TAMS 0x000000008a700000, 0x000000008a700000| Complete 
| 168|0x000000008a800000, 0x000000008a900000, 0x000000008a900000|100%| E|CS|TAMS 0x000000008a800000, 0x000000008a800000| Complete 
| 169|0x000000008a900000, 0x000000008aa00000, 0x000000008aa00000|100%| E|CS|TAMS 0x000000008a900000, 0x000000008a900000| Complete 
| 170|0x000000008aa00000, 0x000000008ab00000, 0x000000008ab00000|100%| E|CS|TAMS 0x000000008aa00000, 0x000000008aa00000| Complete 
| 171|0x000000008ab00000, 0x000000008ac00000, 0x000000008ac00000|100%| E|CS|TAMS 0x000000008ab00000, 0x000000008ab00000| Complete 
| 172|0x000000008ac00000, 0x000000008ad00000, 0x000000008ad00000|100%| E|CS|TAMS 0x000000008ac00000, 0x000000008ac00000| Complete 
| 173|0x000000008ad00000, 0x000000008ae00000, 0x000000008ae00000|100%| E|CS|TAMS 0x000000008ad00000, 0x000000008ad00000| Complete 
| 174|0x000000008ae00000, 0x000000008af00000, 0x000000008af00000|100%| E|CS|TAMS 0x000000008ae00000, 0x000000008ae00000| Complete 
| 175|0x000000008af00000, 0x000000008b000000, 0x000000008b000000|100%| E|CS|TAMS 0x000000008af00000, 0x000000008af00000| Complete 
| 176|0x000000008b000000, 0x000000008b100000, 0x000000008b100000|100%| E|CS|TAMS 0x000000008b000000, 0x000000008b000000| Complete 
| 177|0x000000008b100000, 0x000000008b200000, 0x000000008b200000|100%| E|CS|TAMS 0x000000008b100000, 0x000000008b100000| Complete 
| 178|0x000000008b200000, 0x000000008b300000, 0x000000008b300000|100%| E|CS|TAMS 0x000000008b200000, 0x000000008b200000| Complete 
| 179|0x000000008b300000, 0x000000008b400000, 0x000000008b400000|100%| E|CS|TAMS 0x000000008b300000, 0x000000008b300000| Complete 
| 180|0x000000008b400000, 0x000000008b500000, 0x000000008b500000|100%| E|CS|TAMS 0x000000008b400000, 0x000000008b400000| Complete 
| 181|0x000000008b500000, 0x000000008b600000, 0x000000008b600000|100%| E|CS|TAMS 0x000000008b500000, 0x000000008b500000| Complete 
| 182|0x000000008b600000, 0x000000008b700000, 0x000000008b700000|100%| E|CS|TAMS 0x000000008b600000, 0x000000008b600000| Complete 

Card table byte_map: [0x00000174230c0000,0x00000174234c0000] _byte_map_base: 0x0000017422cc0000

Marking Bits (Prev, Next): (CMBitMap*) 0x0000017410858280, (CMBitMap*) 0x00000174108582c0
 Prev Bits: [0x00000174238c0000, 0x00000174258c0000)
 Next Bits: [0x00000174258c0000, 0x00000174278c0000)

Polling page: 0x000001740e6d0000

Metaspace:

Usage:
  Non-class:     77.14 MB used.
      Class:     12.07 MB used.
       Both:     89.21 MB used.

Virtual space:
  Non-class space:       80.00 MB reserved,      77.50 MB ( 97%) committed,  10 nodes.
      Class space:        1.00 GB reserved,      12.31 MB (  1%) committed,  1 nodes.
             Both:        1.08 GB reserved,      89.81 MB (  8%) committed. 

Chunk freelists:
   Non-Class:  2.42 MB
       Class:  3.56 MB
        Both:  5.98 MB

MaxMetaspaceSize: unlimited
CompressedClassSpaceSize: 1.00 GB
Initial GC threshold: 21.00 MB
Current GC threshold: 146.06 MB
CDS: off
MetaspaceReclaimPolicy: balanced
 - commit_granule_bytes: 65536.
 - commit_granule_words: 8192.
 - virtual_space_node_default_size: 1048576.
 - enlarge_chunks_in_place: 1.
 - new_chunks_are_fully_committed: 0.
 - uncommit_free_chunks: 1.
 - use_allocation_guard: 0.
 - handle_deallocations: 1.


Internal statistics:

num_allocs_failed_limit: 9.
num_arena_births: 846.
num_arena_deaths: 0.
num_vsnodes_births: 11.
num_vsnodes_deaths: 0.
num_space_committed: 1437.
num_space_uncommitted: 0.
num_chunks_returned_to_freelist: 9.
num_chunks_taken_from_freelist: 4063.
num_chunk_merges: 3.
num_chunk_splits: 2626.
num_chunks_enlarged: 1715.
num_purges: 0.
num_inconsistent_stats: 0.

CodeHeap 'non-profiled nmethods': size=120000Kb used=4684Kb max_used=4684Kb free=115315Kb
 bounds [0x000001741b790000, 0x000001741bc30000, 0x0000017422cc0000]
CodeHeap 'profiled nmethods': size=120000Kb used=18321Kb max_used=18321Kb free=101678Kb
 bounds [0x0000017413cc0000, 0x0000017414eb0000, 0x000001741b1f0000]
CodeHeap 'non-nmethods': size=5760Kb used=2408Kb max_used=2484Kb free=3351Kb
 bounds [0x000001741b1f0000, 0x000001741b480000, 0x000001741b790000]
 total_blobs=11258 nmethods=10312 adapters=858
 compilation: enabled
              stopped_count=0, restarted_count=0
 full_count=0

Compilation events (20 events):
Event: 27.542 Thread 0x000001742a811370 nmethod 11213 0x000001741bc1fb10 code [0x000001741bc1fd20, 0x000001741bc20d68]
Event: 27.542 Thread 0x000001742a811370 11239       4       it.unimi.dsi.fastutil.ints.IntOpenHashSet::add (120 bytes)
Event: 27.543 Thread 0x0000017429dee730 11245       2       it.unimi.dsi.fastutil.ints.IntOpenHashSet::<init> (94 bytes)
Event: 27.543 Thread 0x0000017429dee730 nmethod 11245 0x0000017414e9aa90 code [0x0000017414e9aca0, 0x0000017414e9b118]
Event: 27.544 Thread 0x000001742a811370 nmethod 11239 0x000001741bc21590 code [0x000001741bc21720, 0x000001741bc21938]
Event: 27.544 Thread 0x000001742a811370 11226       4       com.google.common.collect.HashBiMap::get (13 bytes)
Event: 27.546 Thread 0x000001742a811370 nmethod 11226 0x000001741bc21b10 code [0x000001741bc21ca0, 0x000001741bc21e98]
Event: 27.546 Thread 0x000001742a811370 11224       4       org.gradle.api.internal.tasks.compile.incremental.serialization.HierarchicalNameSerializer::readName (51 bytes)
Event: 27.553 Thread 0x0000017429dee730 11250       2       it.unimi.dsi.fastutil.HashCommon::nextPowerOfTwo (53 bytes)
Event: 27.553 Thread 0x0000017429dee730 nmethod 11250 0x0000017414e9b310 code [0x0000017414e9b4a0, 0x0000017414e9b638]
Event: 27.557 Thread 0x0000017429dee730 11253       2       org.gradle.internal.serialize.AbstractSerializer::<init> (5 bytes)
Event: 27.558 Thread 0x0000017429dee730 nmethod 11253 0x0000017414e9b710 code [0x0000017414e9b8a0, 0x0000017414e9b998]
Event: 27.572 Thread 0x0000017429dee730 11254       2       org.gradle.internal.serialize.HashCodeSerializer::write (22 bytes)
Event: 27.572 Thread 0x0000017429dee730 nmethod 11254 0x0000017414e9ba10 code [0x0000017414e9bbc0, 0x0000017414e9bda8]
Event: 27.572 Thread 0x0000017429dee730 11255       2       org.gradle.internal.serialize.AbstractEncoder::writeBytes (9 bytes)
Event: 27.573 Thread 0x0000017429dee730 nmethod 11255 0x0000017414e9bf10 code [0x0000017414e9c0a0, 0x0000017414e9c1e8]
Event: 27.573 Thread 0x0000017429dee730 11256       2       org.gradle.internal.serialize.HashCodeSerializer::write (10 bytes)
Event: 27.573 Thread 0x0000017429dee730 nmethod 11256 0x0000017414e9c290 code [0x0000017414e9c460, 0x0000017414e9c668]
Event: 27.582 Thread 0x0000017429dee730 11258       2       com.google.common.collect.HashBiMap::createTable (5 bytes)
Event: 27.582 Thread 0x0000017429dee730 nmethod 11258 0x0000017414e9c810 code [0x0000017414e9c9a0, 0x0000017414e9cb38]

GC Heap History (20 events):
Event: 22.721 GC heap before
{Heap before GC invocations=24 (full 0):
 garbage-first heap   total 129024K, used 92781K [0x0000000080000000, 0x0000000100000000)
  region size 1024K, 42 young (43008K), 3 survivors (3072K)
 Metaspace       used 71262K, committed 71744K, reserved 1114112K
  class space    used 9361K, committed 9600K, reserved 1048576K
}
Event: 22.724 GC heap after
{Heap after GC invocations=25 (full 0):
 garbage-first heap   total 129024K, used 54618K [0x0000000080000000, 0x0000000100000000)
  region size 1024K, 6 young (6144K), 6 survivors (6144K)
 Metaspace       used 71262K, committed 71744K, reserved 1114112K
  class space    used 9361K, committed 9600K, reserved 1048576K
}
Event: 23.152 GC heap before
{Heap before GC invocations=25 (full 0):
 garbage-first heap   total 129024K, used 94554K [0x0000000080000000, 0x0000000100000000)
  region size 1024K, 45 young (46080K), 6 survivors (6144K)
 Metaspace       used 75270K, committed 75840K, reserved 1122304K
  class space    used 10074K, committed 10304K, reserved 1048576K
}
Event: 23.157 GC heap after
{Heap after GC invocations=26 (full 0):
 garbage-first heap   total 129024K, used 57615K [0x0000000080000000, 0x0000000100000000)
  region size 1024K, 6 young (6144K), 6 survivors (6144K)
 Metaspace       used 75270K, committed 75840K, reserved 1122304K
  class space    used 10074K, committed 10304K, reserved 1048576K
}
Event: 23.727 GC heap before
{Heap before GC invocations=26 (full 0):
 garbage-first heap   total 129024K, used 97551K [0x0000000080000000, 0x0000000100000000)
  region size 1024K, 45 young (46080K), 6 survivors (6144K)
 Metaspace       used 79389K, committed 80000K, reserved 1122304K
  class space    used 10713K, committed 11008K, reserved 1048576K
}
Event: 23.734 GC heap after
{Heap after GC invocations=27 (full 0):
 garbage-first heap   total 129024K, used 60701K [0x0000000080000000, 0x0000000100000000)
  region size 1024K, 6 young (6144K), 6 survivors (6144K)
 Metaspace       used 79389K, committed 80000K, reserved 1122304K
  class space    used 10713K, committed 11008K, reserved 1048576K
}
Event: 24.210 GC heap before
{Heap before GC invocations=27 (full 0):
 garbage-first heap   total 129024K, used 99613K [0x0000000080000000, 0x0000000100000000)
  region size 1024K, 44 young (45056K), 6 survivors (6144K)
 Metaspace       used 84491K, committed 85120K, reserved 1130496K
  class space    used 11466K, committed 11776K, reserved 1048576K
}
Event: 24.218 GC heap after
{Heap after GC invocations=28 (full 0):
 garbage-first heap   total 155648K, used 62990K [0x0000000080000000, 0x0000000100000000)
  region size 1024K, 6 young (6144K), 6 survivors (6144K)
 Metaspace       used 84491K, committed 85120K, reserved 1130496K
  class space    used 11466K, committed 11776K, reserved 1048576K
}
Event: 24.727 GC heap before
{Heap before GC invocations=28 (full 0):
 garbage-first heap   total 155648K, used 120334K [0x0000000080000000, 0x0000000100000000)
  region size 1024K, 62 young (63488K), 6 survivors (6144K)
 Metaspace       used 86248K, committed 86912K, reserved 1130496K
  class space    used 11671K, committed 11968K, reserved 1048576K
}
Event: 24.736 GC heap after
{Heap after GC invocations=29 (full 0):
 garbage-first heap   total 155648K, used 70656K [0x0000000080000000, 0x0000000100000000)
  region size 1024K, 8 young (8192K), 8 survivors (8192K)
 Metaspace       used 86248K, committed 86912K, reserved 1130496K
  class space    used 11671K, committed 11968K, reserved 1048576K
}
Event: 25.441 GC heap before
{Heap before GC invocations=29 (full 0):
 garbage-first heap   total 155648K, used 119808K [0x0000000080000000, 0x0000000100000000)
  region size 1024K, 56 young (57344K), 8 survivors (8192K)
 Metaspace       used 88779K, committed 89408K, reserved 1130496K
  class space    used 12125K, committed 12416K, reserved 1048576K
}
Event: 25.453 GC heap after
{Heap after GC invocations=30 (full 0):
 garbage-first heap   total 155648K, used 77975K [0x0000000080000000, 0x0000000100000000)
  region size 1024K, 7 young (7168K), 7 survivors (7168K)
 Metaspace       used 88779K, committed 89408K, reserved 1130496K
  class space    used 12125K, committed 12416K, reserved 1048576K
}
Event: 25.861 GC heap before
{Heap before GC invocations=30 (full 0):
 garbage-first heap   total 155648K, used 120983K [0x0000000080000000, 0x0000000100000000)
  region size 1024K, 50 young (51200K), 7 survivors (7168K)
 Metaspace       used 89049K, committed 89664K, reserved 1130496K
  class space    used 12129K, committed 12416K, reserved 1048576K
}
Event: 25.867 GC heap after
{Heap after GC invocations=31 (full 0):
 garbage-first heap   total 155648K, used 80591K [0x0000000080000000, 0x0000000100000000)
  region size 1024K, 3 young (3072K), 3 survivors (3072K)
 Metaspace       used 89049K, committed 89664K, reserved 1130496K
  class space    used 12129K, committed 12416K, reserved 1048576K
}
Event: 26.398 GC heap before
{Heap before GC invocations=32 (full 0):
 garbage-first heap   total 155648K, used 123599K [0x0000000080000000, 0x0000000100000000)
  region size 1024K, 46 young (47104K), 3 survivors (3072K)
 Metaspace       used 89490K, committed 90176K, reserved 1130496K
  class space    used 12165K, committed 12480K, reserved 1048576K
}
Event: 26.405 GC heap after
{Heap after GC invocations=33 (full 0):
 garbage-first heap   total 155648K, used 83968K [0x0000000080000000, 0x0000000100000000)
  region size 1024K, 6 young (6144K), 6 survivors (6144K)
 Metaspace       used 89490K, committed 90176K, reserved 1130496K
  class space    used 12165K, committed 12480K, reserved 1048576K
}
Event: 26.437 GC heap before
{Heap before GC invocations=33 (full 0):
 garbage-first heap   total 155648K, used 83968K [0x0000000080000000, 0x0000000100000000)
  region size 1024K, 7 young (7168K), 6 survivors (6144K)
 Metaspace       used 89490K, committed 90176K, reserved 1130496K
  class space    used 12165K, committed 12480K, reserved 1048576K
}
Event: 26.441 GC heap after
{Heap after GC invocations=34 (full 0):
 garbage-first heap   total 187392K, used 84278K [0x0000000080000000, 0x0000000100000000)
  region size 1024K, 1 young (1024K), 1 survivors (1024K)
 Metaspace       used 89490K, committed 90176K, reserved 1130496K
  class space    used 12165K, committed 12480K, reserved 1048576K
}
Event: 27.253 GC heap before
{Heap before GC invocations=34 (full 0):
 garbage-first heap   total 187392K, used 148790K [0x0000000080000000, 0x0000000100000000)
  region size 1024K, 65 young (66560K), 1 survivors (1024K)
 Metaspace       used 89849K, committed 90496K, reserved 1130496K
  class space    used 12193K, committed 12480K, reserved 1048576K
}
Event: 27.259 GC heap after
{Heap after GC invocations=35 (full 0):
 garbage-first heap   total 187392K, used 87752K [0x0000000080000000, 0x0000000100000000)
  region size 1024K, 5 young (5120K), 5 survivors (5120K)
 Metaspace       used 89849K, committed 90496K, reserved 1130496K
  class space    used 12193K, committed 12480K, reserved 1048576K
}

Dll operation events (2 events):
Event: 0.036 Loaded shared library C:\Program Files\Android\Android Studio\jbr\bin\java.dll
Event: 3.270 Loaded shared library C:\Program Files\Android\Android Studio\jbr\bin\verify.dll

Deoptimization events (20 events):
Event: 27.365 Thread 0x000001742f294330 Uncommon trap: trap_request=0xffffffc6 fr.pc=0x000001741bb31054 relative=0x0000000000000ed4
Event: 27.365 Thread 0x000001742f294330 Uncommon trap: reason=bimorphic_or_optimized_type_check action=maybe_recompile pc=0x000001741bb31054 method=com.google.common.collect.AbstractMapBasedMultimap$WrappedCollection.refreshIfEmpty()V @ 59 c2
Event: 27.365 Thread 0x000001742f294330 DEOPT PACKING pc=0x000001741bb31054 sp=0x0000000b746fb450
Event: 27.365 Thread 0x000001742f294330 DEOPT UNPACKING pc=0x000001741b2469a3 sp=0x0000000b746fb418 mode 2
Event: 27.367 Thread 0x000001742f294330 Uncommon trap: trap_request=0xffffffc6 fr.pc=0x000001741bbdb0a4 relative=0x0000000000000364
Event: 27.367 Thread 0x000001742f294330 Uncommon trap: reason=bimorphic_or_optimized_type_check action=maybe_recompile pc=0x000001741bbdb0a4 method=java.util.ArrayList$ArrayListSpliterator.tryAdvance(Ljava/util/function/Consumer;)Z @ 48 c2
Event: 27.367 Thread 0x000001742f294330 DEOPT PACKING pc=0x000001741bbdb0a4 sp=0x0000000b746fb320
Event: 27.367 Thread 0x000001742f294330 DEOPT UNPACKING pc=0x000001741b2469a3 sp=0x0000000b746fb2b0 mode 2
Event: 27.432 Thread 0x000001742f294330 Uncommon trap: trap_request=0xffffffc6 fr.pc=0x000001741bb31054 relative=0x0000000000000ed4
Event: 27.432 Thread 0x000001742f294330 Uncommon trap: reason=bimorphic_or_optimized_type_check action=maybe_recompile pc=0x000001741bb31054 method=com.google.common.collect.AbstractMapBasedMultimap$WrappedCollection.refreshIfEmpty()V @ 59 c2
Event: 27.432 Thread 0x000001742f294330 DEOPT PACKING pc=0x000001741bb31054 sp=0x0000000b746fa790
Event: 27.432 Thread 0x000001742f294330 DEOPT UNPACKING pc=0x000001741b2469a3 sp=0x0000000b746fa758 mode 2
Event: 27.432 Thread 0x000001742f294330 Uncommon trap: trap_request=0xffffffc6 fr.pc=0x000001741bb31054 relative=0x0000000000000ed4
Event: 27.432 Thread 0x000001742f294330 Uncommon trap: reason=bimorphic_or_optimized_type_check action=maybe_recompile pc=0x000001741bb31054 method=com.google.common.collect.AbstractMapBasedMultimap$WrappedCollection.refreshIfEmpty()V @ 59 c2
Event: 27.433 Thread 0x000001742f294330 DEOPT PACKING pc=0x000001741bb31054 sp=0x0000000b746fa750
Event: 27.433 Thread 0x000001742f294330 DEOPT UNPACKING pc=0x000001741b2469a3 sp=0x0000000b746fa718 mode 2
Event: 27.433 Thread 0x000001742f294330 Uncommon trap: trap_request=0xffffffc6 fr.pc=0x000001741bb31054 relative=0x0000000000000ed4
Event: 27.433 Thread 0x000001742f294330 Uncommon trap: reason=bimorphic_or_optimized_type_check action=maybe_recompile pc=0x000001741bb31054 method=com.google.common.collect.AbstractMapBasedMultimap$WrappedCollection.refreshIfEmpty()V @ 59 c2
Event: 27.433 Thread 0x000001742f294330 DEOPT PACKING pc=0x000001741bb31054 sp=0x0000000b746fa780
Event: 27.433 Thread 0x000001742f294330 DEOPT UNPACKING pc=0x000001741b2469a3 sp=0x0000000b746fa748 mode 2

Classes unloaded (0 events):
No events

Classes redefined (0 events):
No events

Internal exceptions (20 events):
Event: 24.950 Thread 0x000001742f299030 Exception <a 'java/lang/NoSuchMethodError'{0x0000000088041c80}: static [Ljava/lang/String;.<clinit>()V> (0x0000000088041c80) 
thrown [s\src\hotspot\share\prims\jni.cpp, line 1108]
Event: 24.951 Thread 0x000001742f299030 Exception <a 'java/lang/NoSuchMethodError'{0x0000000088046260}: 'void java.lang.invoke.DirectMethodHandle$Holder.invokeSpecial(java.lang.Object, java.lang.Object, java.lang.Object, int)'> (0x0000000088046260) 
thrown [s\src\hotspot\share\interpreter\linkResolver.cpp, line 771]
Event: 24.958 Thread 0x000001742ac8ad40 Exception <a 'java/lang/NoSuchMethodError'{0x00000000880e0138}: static Lorg/gradle/internal/build/event/types/DefaultTaskSkippedResult;.<clinit>()V> (0x00000000880e0138) 
thrown [s\src\hotspot\share\prims\jni.cpp, line 1108]
Event: 24.977 Thread 0x000001742f294330 Exception <a 'java/lang/NoSuchMethodError'{0x0000000087f51ec8}: 'int java.lang.invoke.DirectMethodHandle$Holder.invokeSpecial(java.lang.Object, java.lang.Object, java.lang.Object, java.lang.Object, java.lang.Object)'> (0x0000000087f51ec8) 
thrown [s\src\hotspot\share\interpreter\linkResolver.cpp, line 771]
Event: 25.300 Thread 0x000001742f294330 Exception <a 'java/lang/NoSuchMethodError'{0x00000000873d0bb8}: 'void java.lang.invoke.DirectMethodHandle$Holder.invokeStatic(java.lang.Object, java.lang.Object, java.lang.Object, java.lang.Object, int, java.lang.Object, java.lang.Object)'> (0x00000000873d0bb8) 
thrown [s\src\hotspot\share\interpreter\linkResolver.cpp, line 771]
Event: 25.329 Thread 0x000001742f3896a0 Exception <a 'java/lang/NoSuchMethodError'{0x0000000086fa6eb8}: 'java.lang.Object java.lang.invoke.DirectMethodHandle$Holder.invokeSpecialIFC(java.lang.Object, java.lang.Object, java.lang.Object)'> (0x0000000086fa6eb8) 
thrown [s\src\hotspot\share\interpreter\linkResolver.cpp, line 771]
Event: 25.329 Thread 0x000001742f294330 Exception <a 'java/lang/NoSuchMethodError'{0x0000000086f74070}: 'java.lang.Object java.lang.invoke.DirectMethodHandle$Holder.invokeSpecialIFC(java.lang.Object, java.lang.Object, java.lang.Object)'> (0x0000000086f74070) 
thrown [s\src\hotspot\share\interpreter\linkResolver.cpp, line 771]
Event: 25.329 Thread 0x000001742f38c1f0 Exception <a 'java/lang/NoSuchMethodError'{0x00000000871e1368}: 'java.lang.Object java.lang.invoke.DirectMethodHandle$Holder.invokeSpecialIFC(java.lang.Object, java.lang.Object, java.lang.Object)'> (0x00000000871e1368) 
thrown [s\src\hotspot\share\interpreter\linkResolver.cpp, line 771]
Event: 25.330 Thread 0x000001742f3861b0 Exception <a 'java/lang/NoSuchMethodError'{0x0000000086fb3e68}: 'java.lang.Object java.lang.invoke.DirectMethodHandle$Holder.invokeSpecialIFC(java.lang.Object, java.lang.Object, java.lang.Object)'> (0x0000000086fb3e68) 
thrown [s\src\hotspot\share\interpreter\linkResolver.cpp, line 771]
Event: 25.515 Thread 0x000001742f3896a0 Exception <a 'java/lang/NoSuchMethodError'{0x00000000891b5f00}: 'void java.lang.invoke.DirectMethodHandle$Holder.invokeVirtual(java.lang.Object, java.lang.Object)'> (0x00000000891b5f00) 
thrown [s\src\hotspot\share\interpreter\linkResolver.cpp, line 771]
Event: 26.180 Thread 0x000001742f294330 Exception <a 'java/lang/NoSuchMethodError'{0x0000000087fd7d10}: 'void java.lang.invoke.DirectMethodHandle$Holder.invokeInterface(java.lang.Object, java.lang.Object, java.lang.Object, java.lang.Object)'> (0x0000000087fd7d10) 
thrown [s\src\hotspot\share\interpreter\linkResolver.cpp, line 771]
Event: 26.427 Thread 0x000001742f294330 Implicit null exception at 0x000001741bbae908 to 0x000001741bbaea94
Event: 26.468 Thread 0x000001742c061f70 Implicit null exception at 0x000001741bbb4460 to 0x000001741bbb44ec
Event: 26.567 Thread 0x000001742f294330 Exception <a 'java/lang/NoSuchMethodError'{0x000000008b1ca260}: static Lcom/android/build/api/variant/BuildConfigField;.<clinit>()V> (0x000000008b1ca260) 
thrown [s\src\hotspot\share\prims\jni.cpp, line 1108]
Event: 26.956 Thread 0x000001742f294330 Exception <a 'java/lang/NoSuchMethodError'{0x0000000088dde450}: static Lcom/android/build/gradle/internal/scope/InternalArtifactType;.<clinit>()V> (0x0000000088dde450) 
thrown [s\src\hotspot\share\prims\jni.cpp, line 1108]
Event: 26.956 Thread 0x000001742f294330 Exception <a 'java/lang/NoSuchMethodError'{0x0000000088ddfe38}: static Lcom/android/build/gradle/internal/scope/InternalArtifactType;.<clinit>()V> (0x0000000088ddfe38) 
thrown [s\src\hotspot\share\prims\jni.cpp, line 1108]
Event: 26.956 Thread 0x000001742f294330 Exception <a 'java/lang/NoSuchMethodError'{0x0000000088de3280}: static Lcom/android/build/api/artifact/Artifact$Single;.<clinit>()V> (0x0000000088de3280) 
thrown [s\src\hotspot\share\prims\jni.cpp, line 1108]
Event: 26.957 Thread 0x000001742f294330 Exception <a 'java/lang/NoSuchMethodError'{0x0000000088de5ab8}: static Ljava/lang/Object;.<clinit>()V> (0x0000000088de5ab8) 
thrown [s\src\hotspot\share\prims\jni.cpp, line 1108]
Event: 26.958 Thread 0x000001742f294330 Exception <a 'java/lang/NoSuchMethodError'{0x0000000088c00498}: static Lcom/android/build/api/artifact/ArtifactKind;.<clinit>()V> (0x0000000088c00498) 
thrown [s\src\hotspot\share\prims\jni.cpp, line 1108]
Event: 26.958 Thread 0x000001742f294330 Exception <a 'java/lang/NoSuchMethodError'{0x0000000088c01bc8}: static Lcom/android/build/api/artifact/ArtifactKind;.<clinit>()V> (0x0000000088c01bc8) 
thrown [s\src\hotspot\share\prims\jni.cpp, line 1108]

VM Operations (20 events):
Event: 26.398 Executing VM operation: G1CollectForAllocation
Event: 26.424 Executing VM operation: G1CollectForAllocation done
Event: 26.437 Executing VM operation: G1CollectForAllocation
Event: 26.441 Executing VM operation: G1CollectForAllocation done
Event: 26.600 Executing VM operation: ICBufferFull
Event: 26.600 Executing VM operation: ICBufferFull done
Event: 26.901 Executing VM operation: ICBufferFull
Event: 26.901 Executing VM operation: ICBufferFull done
Event: 26.914 Executing VM operation: HandshakeAllThreads
Event: 26.914 Executing VM operation: HandshakeAllThreads done
Event: 26.959 Executing VM operation: HandshakeAllThreads
Event: 26.960 Executing VM operation: HandshakeAllThreads done
Event: 26.978 Executing VM operation: HandshakeAllThreads
Event: 26.978 Executing VM operation: HandshakeAllThreads done
Event: 27.206 Executing VM operation: ICBufferFull
Event: 27.206 Executing VM operation: ICBufferFull done
Event: 27.253 Executing VM operation: G1CollectForAllocation
Event: 27.259 Executing VM operation: G1CollectForAllocation done
Event: 27.372 Executing VM operation: HandshakeAllThreads
Event: 27.372 Executing VM operation: HandshakeAllThreads done

Events (20 events):
Event: 25.339 loading class java/util/stream/ReduceOps$6 done
Event: 25.339 loading class java/util/stream/ReduceOps$5ReducingSink
Event: 25.339 loading class java/util/stream/ReduceOps$5ReducingSink done
Event: 25.339 loading class java/util/stream/ReferencePipeline$4$1
Event: 25.339 loading class java/util/stream/ReferencePipeline$4$1 done
Event: 26.065 loading class java/util/stream/SortedOps$SizedRefSortingSink
Event: 26.065 loading class java/util/stream/SortedOps$SizedRefSortingSink done
Event: 26.458 loading class jdk/internal/access/foreign/MemorySegmentProxy
Event: 26.459 loading class jdk/internal/access/foreign/MemorySegmentProxy done
Event: 27.366 loading class java/util/LinkedList$LLSpliterator
Event: 27.366 loading class java/util/LinkedList$LLSpliterator done
Event: 27.458 Thread 0x000001742f297820 Thread added: 0x000001742f297820
Event: 27.503 loading class java/util/PrimitiveIterator$OfInt
Event: 27.504 loading class java/util/PrimitiveIterator
Event: 27.504 loading class java/util/PrimitiveIterator done
Event: 27.504 loading class java/util/PrimitiveIterator$OfInt done
Event: 27.521 Thread 0x0000017433ce11c0 Thread added: 0x0000017433ce11c0
Event: 27.521 Thread 0x0000017433ce6860 Thread added: 0x0000017433ce6860
Event: 27.521 Thread 0x0000017433ce8070 Thread added: 0x0000017433ce8070
Event: 27.522 Thread 0x0000017433ce5ec0 Thread added: 0x0000017433ce5ec0


Dynamic libraries:
0x00007ff69d660000 - 0x00007ff69d66a000 	C:\Program Files\Android\Android Studio\jbr\bin\java.exe
0x00007fff67110000 - 0x00007fff67308000 	C:\Windows\SYSTEM32\ntdll.dll
0x00007fff66d00000 - 0x00007fff66dbf000 	C:\Windows\System32\KERNEL32.DLL
0x00007fff64910000 - 0x00007fff64c06000 	C:\Windows\System32\KERNELBASE.dll
0x00007fff61210000 - 0x00007fff612a1000 	C:\Windows\SYSTEM32\apphelp.dll
0x00007fff65070000 - 0x00007fff65170000 	C:\Windows\System32\ucrtbase.dll
0x00007fff41110000 - 0x00007fff4112b000 	C:\Program Files\Android\Android Studio\jbr\bin\VCRUNTIME140.dll
0x00007fff40dc0000 - 0x00007fff40dd7000 	C:\Program Files\Android\Android Studio\jbr\bin\jli.dll
0x00007fff66960000 - 0x00007fff66afd000 	C:\Windows\System32\USER32.dll
0x00007fff64ff0000 - 0x00007fff65012000 	C:\Windows\System32\win32u.dll
0x00007fff66c30000 - 0x00007fff66c5c000 	C:\Windows\System32\GDI32.dll
0x00007fff64e00000 - 0x00007fff64f15000 	C:\Windows\System32\gdi32full.dll
0x00007fff64f20000 - 0x00007fff64fbd000 	C:\Windows\System32\msvcp_win.dll
0x00007fff4fda0000 - 0x00007fff5003a000 	C:\Windows\WinSxS\amd64_microsoft.windows.common-controls_6595b64144ccf1df_6.0.19041.1110_none_60b5254171f9507e\COMCTL32.dll
0x00007fff65170000 - 0x00007fff6520e000 	C:\Windows\System32\msvcrt.dll
0x00007fff66930000 - 0x00007fff66960000 	C:\Windows\System32\IMM32.DLL
0x00007fff4ccd0000 - 0x00007fff4ccdc000 	C:\Program Files\Android\Android Studio\jbr\bin\vcruntime140_1.dll
0x00007fff2d460000 - 0x00007fff2d4ed000 	C:\Program Files\Android\Android Studio\jbr\bin\msvcp140.dll
0x00007fff0e4b0000 - 0x00007fff0f11d000 	C:\Program Files\Android\Android Studio\jbr\bin\server\jvm.dll
0x00007fff65680000 - 0x00007fff6572f000 	C:\Windows\System32\ADVAPI32.dll
0x00007fff66c60000 - 0x00007fff66cfc000 	C:\Windows\System32\sechost.dll
0x00007fff65940000 - 0x00007fff65a66000 	C:\Windows\System32\RPCRT4.dll
0x00007fff5b6e0000 - 0x00007fff5b6e9000 	C:\Windows\SYSTEM32\WSOCK32.dll
0x00007fff66370000 - 0x00007fff663db000 	C:\Windows\System32\WS2_32.dll
0x00007fff59940000 - 0x00007fff59967000 	C:\Windows\SYSTEM32\WINMM.dll
0x00007fff5dcf0000 - 0x00007fff5dcfa000 	C:\Windows\SYSTEM32\VERSION.dll
0x00007fff63090000 - 0x00007fff630a2000 	C:\Windows\SYSTEM32\kernel.appcore.dll
0x00007fff52100000 - 0x00007fff5210a000 	C:\Program Files\Android\Android Studio\jbr\bin\jimage.dll
0x00007fff62400000 - 0x00007fff625e4000 	C:\Windows\SYSTEM32\DBGHELP.DLL
0x00007fff48a90000 - 0x00007fff48ac4000 	C:\Windows\SYSTEM32\dbgcore.DLL
0x00007fff64c10000 - 0x00007fff64c92000 	C:\Windows\System32\bcryptPrimitives.dll
0x00007fff4c950000 - 0x00007fff4c975000 	C:\Program Files\Android\Android Studio\jbr\bin\java.dll
0x00007fff52080000 - 0x00007fff52098000 	C:\Program Files\Android\Android Studio\jbr\bin\zip.dll
0x00007fff65a70000 - 0x00007fff661b4000 	C:\Windows\System32\SHELL32.dll
0x00007fff625f0000 - 0x00007fff62d83000 	C:\Windows\SYSTEM32\windows.storage.dll
0x00007fff665d0000 - 0x00007fff66924000 	C:\Windows\System32\combase.dll
0x00007fff64250000 - 0x00007fff6427e000 	C:\Windows\SYSTEM32\Wldp.dll
0x00007fff66e80000 - 0x00007fff66f2d000 	C:\Windows\System32\SHCORE.dll
0x00007fff66e20000 - 0x00007fff66e75000 	C:\Windows\System32\shlwapi.dll
0x00007fff64730000 - 0x00007fff6474f000 	C:\Windows\SYSTEM32\profapi.dll
0x00007fff4cef0000 - 0x00007fff4cf09000 	C:\Program Files\Android\Android Studio\jbr\bin\net.dll
0x00007fff5c8a0000 - 0x00007fff5c9aa000 	C:\Windows\SYSTEM32\WINHTTP.dll
0x00007fff63fb0000 - 0x00007fff6401a000 	C:\Windows\system32\mswsock.dll
0x00007fff47750000 - 0x00007fff47766000 	C:\Program Files\Android\Android Studio\jbr\bin\nio.dll
0x00007fff514d0000 - 0x00007fff514e0000 	C:\Program Files\Android\Android Studio\jbr\bin\verify.dll
0x00007fff45ab0000 - 0x00007fff45ad7000 	C:\Users\oussama\.gradle\native\e1d6ef7f7dcc3fd88c89a11ec53ec762bb8ba0a96d01ffa2cd45eb1d1d8dd5c5\windows-amd64\native-platform.dll
0x00007fff264a0000 - 0x00007fff265e4000 	C:\Users\oussama\.gradle\native\0d407fdbe67a94daf76414ababcb853783967236a71b16ec16e742cd7a986fd3\windows-amd64\native-platform-file-events.dll
0x00007fff518e0000 - 0x00007fff518e9000 	C:\Program Files\Android\Android Studio\jbr\bin\management.dll
0x00007fff51890000 - 0x00007fff5189b000 	C:\Program Files\Android\Android Studio\jbr\bin\management_ext.dll
0x00007fff670c0000 - 0x00007fff670c8000 	C:\Windows\System32\PSAPI.DLL
0x00007fff641b0000 - 0x00007fff641c8000 	C:\Windows\SYSTEM32\CRYPTSP.dll
0x00007fff63860000 - 0x00007fff63894000 	C:\Windows\system32\rsaenh.dll
0x00007fff64fc0000 - 0x00007fff64fe7000 	C:\Windows\System32\bcrypt.dll
0x00007fff646b0000 - 0x00007fff646de000 	C:\Windows\SYSTEM32\USERENV.dll
0x00007fff641a0000 - 0x00007fff641ac000 	C:\Windows\SYSTEM32\CRYPTBASE.dll
0x00007fff63c50000 - 0x00007fff63c8c000 	C:\Windows\SYSTEM32\IPHLPAPI.DLL
0x00007fff670b0000 - 0x00007fff670b8000 	C:\Windows\System32\NSI.dll
0x00007fff5dd20000 - 0x00007fff5dd37000 	C:\Windows\SYSTEM32\dhcpcsvc6.DLL
0x00007fff5dd00000 - 0x00007fff5dd1d000 	C:\Windows\SYSTEM32\dhcpcsvc.DLL
0x00007fff63c90000 - 0x00007fff63d5b000 	C:\Windows\SYSTEM32\DNSAPI.dll
0x00007fff4e130000 - 0x00007fff4e137000 	C:\Windows\system32\wshunix.dll
0x00007fff57cf0000 - 0x00007fff57cfa000 	C:\Windows\System32\rasadhlp.dll
0x00007fff57bd0000 - 0x00007fff57c52000 	C:\Windows\System32\fwpuclnt.dll

dbghelp: loaded successfully - version: 4.0.5 - missing functions: none
symbol engine: initialized successfully - sym options: 0x614 - pdb path: .;C:\Program Files\Android\Android Studio\jbr\bin;C:\Windows\SYSTEM32;C:\Windows\WinSxS\amd64_microsoft.windows.common-controls_6595b64144ccf1df_6.0.19041.1110_none_60b5254171f9507e;C:\Program Files\Android\Android Studio\jbr\bin\server;C:\Users\oussama\.gradle\native\e1d6ef7f7dcc3fd88c89a11ec53ec762bb8ba0a96d01ffa2cd45eb1d1d8dd5c5\windows-amd64;C:\Users\oussama\.gradle\native\0d407fdbe67a94daf76414ababcb853783967236a71b16ec16e742cd7a986fd3\windows-amd64

VM Arguments:
jvm_args: --add-opens=java.base/java.util=ALL-UNNAMED --add-opens=java.base/java.lang=ALL-UNNAMED --add-opens=java.base/java.lang.invoke=ALL-UNNAMED --add-opens=java.base/java.util=ALL-UNNAMED --add-opens=java.prefs/java.util.prefs=ALL-UNNAMED --add-opens=java.prefs/java.util.prefs=ALL-UNNAMED --add-opens=java.base/java.nio.charset=ALL-UNNAMED --add-opens=java.base/java.net=ALL-UNNAMED --add-opens=java.base/java.util.concurrent.atomic=ALL-UNNAMED -Xmx2048m -Dfile.encoding=UTF-8 -Duser.country=US -Duser.language=en -Duser.variant 
java_command: org.gradle.launcher.daemon.bootstrap.GradleDaemon 7.5
java_class_path (initial): C:\Users\oussama\.gradle\wrapper\dists\gradle-7.5-bin\f1w0cc9nuo0eivz97x2xlu9sv\gradle-7.5\lib\gradle-launcher-7.5.jar
Launcher Type: SUN_STANDARD

[Global flags]
     intx CICompilerCount                          = 3                                         {product} {ergonomic}
     uint ConcGCThreads                            = 1                                         {product} {ergonomic}
     uint G1ConcRefinementThreads                  = 4                                         {product} {ergonomic}
   size_t G1HeapRegionSize                         = 1048576                                   {product} {ergonomic}
    uintx GCDrainStackTargetSize                   = 64                                        {product} {ergonomic}
   size_t InitialHeapSize                          = 134217728                                 {product} {ergonomic}
   size_t MarkStackSize                            = 4194304                                   {product} {ergonomic}
   size_t MaxHeapSize                              = 2147483648                                {product} {command line}
   size_t MaxNewSize                               = 1287651328                                {product} {ergonomic}
   size_t MinHeapDeltaBytes                        = 1048576                                   {product} {ergonomic}
   size_t MinHeapSize                              = 8388608                                   {product} {ergonomic}
    uintx NonNMethodCodeHeapSize                   = 5832780                                {pd product} {ergonomic}
    uintx NonProfiledCodeHeapSize                  = 122912730                              {pd product} {ergonomic}
    uintx ProfiledCodeHeapSize                     = 122912730                              {pd product} {ergonomic}
    uintx ReservedCodeCacheSize                    = 251658240                              {pd product} {ergonomic}
     bool SegmentedCodeCache                       = true                                      {product} {ergonomic}
   size_t SoftMaxHeapSize                          = 2147483648                             {manageable} {ergonomic}
     bool UseCompressedClassPointers               = true                           {product lp64_product} {ergonomic}
     bool UseCompressedOops                        = true                           {product lp64_product} {ergonomic}
     bool UseG1GC                                  = true                                      {product} {ergonomic}
     bool UseLargePagesIndividualAllocation        = false                                  {pd product} {ergonomic}

Logging:
Log output configuration:
 #0: stdout all=warning uptime,level,tags
 #1: stderr all=off uptime,level,tags

Environment Variables:
PATH=C:\Program Files\Microsoft\jdk-11.0.16.101-hotspot\bin;C:\Program Files\Python311\Scripts\;C:\Program Files\Python311\;C:\Windows\system32;C:\Windows;C:\Windows\System32\Wbem;C:\Windows\System32\WindowsPowerShell\v1.0\;C:\Windows\System32\OpenSSH\;C:\Program Files\Microsoft VS Code\bin;C:\ProgramData\chocolatey\bin;C:\Program Files\nodejs\;C:\Program Files (x86)\Common Files\Acronis\SnapAPI\;C:\Program Files (x86)\Common Files\Acronis\VirtualFile\;C:\Program Files (x86)\Common Files\Acronis\VirtualFile64\;C:\Program Files\Microsoft SQL Server\150\Tools\Binn\;C:\Program Files\Microsoft SQL Server\Client SDK\ODBC\170\Tools\Binn\;C:\Program Files (x86)\IncrediBuild;C:\Program Files\Git\cmd;C:\Program Files\dotnet\;C:\Users\oussama\scoop\shims;C:\Users\oussama\AppData\Local\Microsoft\WindowsApps;C:\Users\oussama\AppData\Roaming\npm;C:\Users\oussama\.dotnet\tools;C:\Users\oussama\AppData\Local\Programs\Microsoft VS Code\bin;C:\xampp\php;C:\Users\oussama\AppData\Local\ComposerSetup\bin;C:\Users\oussama\AppData\Roaming\Composer\vendor\bin
USERNAME=oussama
OS=Windows_NT
PROCESSOR_IDENTIFIER=Intel64 Family 6 Model 158 Stepping 11, GenuineIntel
TMP=C:\Users\oussama\AppData\Local\Temp
TEMP=C:\Users\oussama\AppData\Local\Temp



---------------  S Y S T E M  ---------------

OS:
 Windows 10 , 64 bit Build 19041 (10.0.19041.2913)
OS uptime: 13 days 21:12 hours

CPU: total 4 (initial active 4) (4 cores per cpu, 1 threads per core) family 6 model 158 stepping 11 microcode 0xca, cx8, cmov, fxsr, mmx, 3dnowpref, sse, sse2, sse3, ssse3, sse4.1, sse4.2, popcnt, lzcnt, tsc, tscinvbit, avx, avx2, aes, erms, clmul, bmi1, bmi2, adx, fma, vzeroupper, clflush, clflushopt

Memory: 4k page, system-wide physical 8134M (140M free)
TotalPageFile size 24134M (AvailPageFile size 0M)
current process WorkingSet (physical memory assigned to process): 404M, peak: 405M
current process commit charge ("private bytes"): 440M, peak: 441M

vm_info: OpenJDK 64-Bit Server VM (17.0.6+0-b2043.56-9586694) for windows-amd64 JRE (17.0.6+0-b2043.56-9586694), built on Feb  9 2023 20:06:20 by "androidbuild" with MS VC++ 16.10 / 16.11 (VS2019)

END.
