#
# There is insufficient memory for the Java Runtime Environment to continue.
# Native memory allocation (malloc) failed to allocate 1197776 bytes for Chunk::new
# Possible reasons:
#   The system is out of physical RAM or swap space
#   The process is running with CompressedOops enabled, and the Java Heap may be blocking the growth of the native heap
# Possible solutions:
#   Reduce memory load on the system
#   Increase physical memory or swap space
#   Check if swap backing store is full
#   Decrease Java heap size (-Xmx/-Xms)
#   Decrease number of Java threads
#   Decrease Java thread stack sizes (-Xss)
#   Set larger code cache with -XX:ReservedCodeCacheSize=
#   JVM is running with Unscaled Compressed Oops mode in which the Java heap is
#     placed in the first 4GB address space. The Java Heap base address is the
#     maximum limit for the native heap growth. Please use -XX:HeapBaseMinAddress
#     to set the Java Heap base and to place the Java Heap above 4GB virtual address.
# This output file may be truncated or incomplete.
#
#  Out of Memory Error (arena.cpp:189), pid=23864, tid=9948
#
# JRE version: OpenJDK Runtime Environment (17.0.6) (build 17.0.6+0-b2043.56-9586694)
# Java VM: OpenJDK 64-Bit Server VM (17.0.6+0-b2043.56-9586694, mixed mode, tiered, compressed oops, compressed class ptrs, g1 gc, windows-amd64)
# No core dump will be written. Minidumps are not enabled by default on client versions of Windows
#

---------------  S U M M A R Y ------------

Command Line: --add-opens=java.base/java.util=ALL-UNNAMED --add-opens=java.base/java.lang=ALL-UNNAMED --add-opens=java.base/java.lang.invoke=ALL-UNNAMED --add-opens=java.base/java.util=ALL-UNNAMED --add-opens=java.prefs/java.util.prefs=ALL-UNNAMED --add-opens=java.prefs/java.util.prefs=ALL-UNNAMED --add-opens=java.base/java.nio.charset=ALL-UNNAMED --add-opens=java.base/java.net=ALL-UNNAMED --add-opens=java.base/java.util.concurrent.atomic=ALL-UNNAMED -Xmx2048m -Dfile.encoding=UTF-8 -Duser.country=US -Duser.language=en -Duser.variant org.gradle.launcher.daemon.bootstrap.GradleDaemon 7.5

Host: Intel(R) Core(TM) i3-9100F CPU @ 3.60GHz, 4 cores, 7G,  Windows 10 , 64 bit Build 19041 (10.0.19041.2913)
Time: Fri May 26 23:56:17 2023 W. Central Africa Standard Time elapsed time: 55.533557 seconds (0d 0h 0m 55s)

---------------  T H R E A D  ---------------

Current thread (0x000001e9b840cdc0):  JavaThread "C2 CompilerThread0" daemon [_thread_in_native, id=9948, stack(0x000000dcceb00000,0x000000dccec00000)]


Current CompileTask:
C2:  55533 18078 %     4       org.gradle.internal.instantiation.generator.AbstractClassGenerator::inspectType @ 207 (560 bytes)

Stack: [0x000000dcceb00000,0x000000dccec00000]
Native frames: (J=compiled Java code, j=interpreted, Vv=VM code, C=native code)
V  [jvm.dll+0x683b4a]
V  [jvm.dll+0x842654]
V  [jvm.dll+0x843dfe]
V  [jvm.dll+0x844463]
V  [jvm.dll+0x249b75]
V  [jvm.dll+0xabcac]
V  [jvm.dll+0xac27c]
V  [jvm.dll+0x2b0eef]
V  [jvm.dll+0x58a207]
V  [jvm.dll+0x2243b2]
V  [jvm.dll+0x21dbe9]
V  [jvm.dll+0x21b51b]
V  [jvm.dll+0x1a4fdd]
V  [jvm.dll+0x22b098]
V  [jvm.dll+0x229159]
V  [jvm.dll+0x7f809c]
V  [jvm.dll+0x7f25fa]
V  [jvm.dll+0x682985]
C  [ucrtbase.dll+0x21bb2]
C  [KERNEL32.DLL+0x17614]
C  [ntdll.dll+0x526a1]


---------------  P R O C E S S  ---------------

Threads class SMR info:
_java_thread_list=0x000001e9c1a54a00, length=96, elements={
0x000001e99e2eb720, 0x000001e9b78cd620, 0x000001e9b78cedc0, 0x000001e9b78ed430,
0x000001e9b78edef0, 0x000001e9b78ee7b0, 0x000001e9b840a470, 0x000001e9b840cdc0,
0x000001e9b840e270, 0x000001e9b8449780, 0x000001e9b85bc020, 0x000001e9b85bc900,
0x000001e9b953e030, 0x000001e9baed08e0, 0x000001e9b9be4ba0, 0x000001e9b94e2090,
0x000001e9ba85b860, 0x000001e9ba8a2b40, 0x000001e9bad11030, 0x000001e9bad118d0,
0x000001e9bb538a00, 0x000001e9bb538ed0, 0x000001e9bb5393a0, 0x000001e9bb539870,
0x000001e9bb539d40, 0x000001e9bb53a210, 0x000001e9bb53a6e0, 0x000001e9bb53abb0,
0x000001e9bb53b550, 0x000001e9bb53ba20, 0x000001e9bb538060, 0x000001e9bb538530,
0x000001e9b86da8c0, 0x000001e9b86d8710, 0x000001e9b86df5c0, 0x000001e9b86dc5a0,
0x000001e9b86de750, 0x000001e9b86d9580, 0x000001e9b86dad90, 0x000001e9b86db730,
0x000001e9b86d9a50, 0x000001e9b86dca70, 0x000001e9b86db260, 0x000001e9b86da3f0,
0x000001e9b86dcf40, 0x000001e9b86dc0d0, 0x000001e9b86dd8e0, 0x000001e9b86dddb0,
0x000001e9b86dbc00, 0x000001e9b86df0f0, 0x000001e9b86d9f20, 0x000001e9b86d7d70,
0x000001e9b86d8240, 0x000001e9b86d8be0, 0x000001e9bd6490c0, 0x000001e9bd646a40,
0x000001e9bd643ef0, 0x000001e9bd649a60, 0x000001e9bd645230, 0x000001e9bd645bd0,
0x000001e9bd647d80, 0x000001e9bd648250, 0x000001e9bd643080, 0x000001e9bd6443c0,
0x000001e9bd645700, 0x000001e9bd6460a0, 0x000001e9bd644890, 0x000001e9bd6473e0,
0x000001e9bd648720, 0x000001e9bd646f10, 0x000001e9bd649590, 0x000001e9bd649f30,
0x000001e9bd6478b0, 0x000001e9bd646570, 0x000001e9bd648bf0, 0x000001e9bd64a400,
0x000001e9bd643a20, 0x000001e9bd644d60, 0x000001e9bd64a8d0, 0x000001e9be2e50b0,
0x000001e9be2e7c00, 0x000001e9be2e4be0, 0x000001e9be2e80d0, 0x000001e9be2e9410,
0x000001e9be2e4710, 0x000001e9be2e5580, 0x000001e9be2e5a50, 0x000001e9be2e7260,
0x000001e9be2e98e0, 0x000001e9be2e38a0, 0x000001e9be2e7730, 0x000001e9be2e2560,
0x000001e9be2e68c0, 0x000001e9be2e9db0, 0x000001e9be2e2a30, 0x000001e9bc81b0c0
}

Java Threads: ( => current thread )
  0x000001e99e2eb720 JavaThread "main" [_thread_blocked, id=21488, stack(0x000000dccde00000,0x000000dccdf00000)]
  0x000001e9b78cd620 JavaThread "Reference Handler" daemon [_thread_blocked, id=17648, stack(0x000000dcce500000,0x000000dcce600000)]
  0x000001e9b78cedc0 JavaThread "Finalizer" daemon [_thread_blocked, id=3392, stack(0x000000dcce600000,0x000000dcce700000)]
  0x000001e9b78ed430 JavaThread "Signal Dispatcher" daemon [_thread_blocked, id=24312, stack(0x000000dcce700000,0x000000dcce800000)]
  0x000001e9b78edef0 JavaThread "Attach Listener" daemon [_thread_blocked, id=11736, stack(0x000000dcce800000,0x000000dcce900000)]
  0x000001e9b78ee7b0 JavaThread "Service Thread" daemon [_thread_blocked, id=6664, stack(0x000000dcce900000,0x000000dccea00000)]
  0x000001e9b840a470 JavaThread "Monitor Deflation Thread" daemon [_thread_blocked, id=16108, stack(0x000000dccea00000,0x000000dcceb00000)]
=>0x000001e9b840cdc0 JavaThread "C2 CompilerThread0" daemon [_thread_in_native, id=9948, stack(0x000000dcceb00000,0x000000dccec00000)]
  0x000001e9b840e270 JavaThread "C1 CompilerThread0" daemon [_thread_blocked, id=22524, stack(0x000000dccec00000,0x000000dcced00000)]
  0x000001e9b8449780 JavaThread "Sweeper thread" daemon [_thread_blocked, id=12028, stack(0x000000dcced00000,0x000000dccee00000)]
  0x000001e9b85bc020 JavaThread "Common-Cleaner" daemon [_thread_blocked, id=20516, stack(0x000000dccee00000,0x000000dccef00000)]
  0x000001e9b85bc900 JavaThread "Notification Thread" daemon [_thread_blocked, id=1064, stack(0x000000dccef00000,0x000000dccf000000)]
  0x000001e9b953e030 JavaThread "Daemon health stats" [_thread_blocked, id=6252, stack(0x000000dccf500000,0x000000dccf600000)]
  0x000001e9baed08e0 JavaThread "Incoming local TCP Connector on port 49259" [_thread_in_native, id=24336, stack(0x000000dccf600000,0x000000dccf700000)]
  0x000001e9b9be4ba0 JavaThread "Daemon periodic checks" [_thread_blocked, id=23208, stack(0x000000dccf700000,0x000000dccf800000)]
  0x000001e9b94e2090 JavaThread "Daemon" [_thread_blocked, id=18048, stack(0x000000dccf800000,0x000000dccf900000)]
  0x000001e9ba85b860 JavaThread "Handler for socket connection from /127.0.0.1:49259 to /127.0.0.1:49261" [_thread_in_native, id=9516, stack(0x000000dccf900000,0x000000dccfa00000)]
  0x000001e9ba8a2b40 JavaThread "Cancel handler" [_thread_blocked, id=7496, stack(0x000000dccfa00000,0x000000dccfb00000)]
  0x000001e9bad11030 JavaThread "Daemon worker" [_thread_blocked, id=11932, stack(0x000000dccfb00000,0x000000dccfc00000)]
  0x000001e9bad118d0 JavaThread "Asynchronous log dispatcher for DefaultDaemonConnection: socket connection from /127.0.0.1:49259 to /127.0.0.1:49261" [_thread_blocked, id=19520, stack(0x000000dccfc00000,0x000000dccfd00000)]
  0x000001e9bb538a00 JavaThread "Stdin handler" [_thread_blocked, id=1988, stack(0x000000dccfd00000,0x000000dccfe00000)]
  0x000001e9bb538ed0 JavaThread "Daemon client event forwarder" [_thread_blocked, id=4400, stack(0x000000dccfe00000,0x000000dccff00000)]
  0x000001e9bb5393a0 JavaThread "Cache worker for journal cache (C:\Users\oussama\.gradle\caches\journal-1)" [_thread_blocked, id=19152, stack(0x000000dccff00000,0x000000dcd0000000)]
  0x000001e9bb539870 JavaThread "File lock request listener" [_thread_in_native, id=13336, stack(0x000000dcd0000000,0x000000dcd0100000)]
  0x000001e9bb539d40 JavaThread "Cache worker for file hash cache (C:\Users\oussama\.gradle\caches\7.5\fileHashes)" [_thread_blocked, id=5524, stack(0x000000dccf100000,0x000000dccf200000)]
  0x000001e9bb53a210 JavaThread "File watcher server" daemon [_thread_in_native, id=5028, stack(0x000000dcd0100000,0x000000dcd0200000)]
  0x000001e9bb53a6e0 JavaThread "File watcher consumer" daemon [_thread_blocked, id=22320, stack(0x000000dcd0200000,0x000000dcd0300000)]
  0x000001e9bb53abb0 JavaThread "Cache worker for checksums cache (C:\Users\oussama\Downloads\drive-download-20230523T182349Z-001\.gradle\7.5\checksums)" [_thread_blocked, id=5240, stack(0x000000dcd0300000,0x000000dcd0400000)]
  0x000001e9bb53b550 JavaThread "Cache worker for cache directory md-rule (C:\Users\oussama\.gradle\caches\7.5\md-rule)" [_thread_blocked, id=18528, stack(0x000000dcd0400000,0x000000dcd0500000)]
  0x000001e9bb53ba20 JavaThread "Cache worker for file content cache (C:\Users\oussama\.gradle\caches\7.5\fileContent)" [_thread_blocked, id=7848, stack(0x000000dcd0500000,0x000000dcd0600000)]
  0x000001e9bb538060 JavaThread "Cache worker for file hash cache (C:\Users\oussama\Downloads\drive-download-20230523T182349Z-001\.gradle\7.5\fileHashes)" [_thread_blocked, id=23076, stack(0x000000dcd0600000,0x000000dcd0700000)]
  0x000001e9bb538530 JavaThread "Cache worker for cache directory md-supplier (C:\Users\oussama\.gradle\caches\7.5\md-supplier)" [_thread_blocked, id=18676, stack(0x000000dcd0700000,0x000000dcd0800000)]
  0x000001e9b86da8c0 JavaThread "Cache worker for execution history cache (C:\Users\oussama\.gradle\caches\7.5\executionHistory)" [_thread_blocked, id=24156, stack(0x000000dcd0800000,0x000000dcd0900000)]
  0x000001e9b86d8710 JavaThread "jar transforms" [_thread_blocked, id=9972, stack(0x000000dcd0900000,0x000000dcd0a00000)]
  0x000001e9b86df5c0 JavaThread "jar transforms Thread 2" [_thread_blocked, id=3664, stack(0x000000dcd0a00000,0x000000dcd0b00000)]
  0x000001e9b86dc5a0 JavaThread "jar transforms Thread 3" [_thread_blocked, id=23496, stack(0x000000dcd0d00000,0x000000dcd0e00000)]
  0x000001e9b86de750 JavaThread "jar transforms Thread 4" [_thread_blocked, id=24460, stack(0x000000dcd0e00000,0x000000dcd0f00000)]
  0x000001e9b86d9580 JavaThread "Cache worker for dependencies-accessors (C:\Users\oussama\Downloads\drive-download-20230523T182349Z-001\.gradle\7.5\dependencies-accessors)" [_thread_blocked, id=19612, stack(0x000000dcd0f00000,0x000000dcd1000000)]
  0x000001e9b86dad90 JavaThread "Cache worker for Build Output Cleanup Cache (C:\Users\oussama\Downloads\drive-download-20230523T182349Z-001\.gradle\buildOutputCleanup)" [_thread_blocked, id=15596, stack(0x000000dcd1100000,0x000000dcd1200000)]
  0x000001e9b86db730 JavaThread "Unconstrained build operations" [_thread_blocked, id=16488, stack(0x000000dcd1200000,0x000000dcd1300000)]
  0x000001e9b86d9a50 JavaThread "Unconstrained build operations Thread 2" [_thread_blocked, id=22948, stack(0x000000dcd1300000,0x000000dcd1400000)]
  0x000001e9b86dca70 JavaThread "Unconstrained build operations Thread 3" [_thread_blocked, id=16444, stack(0x000000dcd1400000,0x000000dcd1500000)]
  0x000001e9b86db260 JavaThread "Unconstrained build operations Thread 4" [_thread_blocked, id=22916, stack(0x000000dcd1500000,0x000000dcd1600000)]
  0x000001e9b86da3f0 JavaThread "Unconstrained build operations Thread 5" [_thread_blocked, id=10672, stack(0x000000dcd1600000,0x000000dcd1700000)]
  0x000001e9b86dcf40 JavaThread "Unconstrained build operations Thread 6" [_thread_blocked, id=22036, stack(0x000000dcd1700000,0x000000dcd1800000)]
  0x000001e9b86dc0d0 JavaThread "Unconstrained build operations Thread 7" [_thread_blocked, id=10996, stack(0x000000dcd1800000,0x000000dcd1900000)]
  0x000001e9b86dd8e0 JavaThread "Unconstrained build operations Thread 8" [_thread_blocked, id=21664, stack(0x000000dcd1900000,0x000000dcd1a00000)]
  0x000001e9b86dddb0 JavaThread "Unconstrained build operations Thread 9" [_thread_blocked, id=4212, stack(0x000000dcd1a00000,0x000000dcd1b00000)]
  0x000001e9b86dbc00 JavaThread "Unconstrained build operations Thread 10" [_thread_blocked, id=1272, stack(0x000000dcd1b00000,0x000000dcd1c00000)]
  0x000001e9b86df0f0 JavaThread "Unconstrained build operations Thread 11" [_thread_blocked, id=9380, stack(0x000000dcd1c00000,0x000000dcd1d00000)]
  0x000001e9b86d9f20 JavaThread "Unconstrained build operations Thread 12" [_thread_blocked, id=4156, stack(0x000000dcd1d00000,0x000000dcd1e00000)]
  0x000001e9b86d7d70 JavaThread "Unconstrained build operations Thread 13" [_thread_blocked, id=14456, stack(0x000000dcd1e00000,0x000000dcd1f00000)]
  0x000001e9b86d8240 JavaThread "Unconstrained build operations Thread 14" [_thread_blocked, id=23308, stack(0x000000dcd1f00000,0x000000dcd2000000)]
  0x000001e9b86d8be0 JavaThread "Unconstrained build operations Thread 15" [_thread_blocked, id=23696, stack(0x000000dcd2000000,0x000000dcd2100000)]
  0x000001e9bd6490c0 JavaThread "Unconstrained build operations Thread 16" [_thread_blocked, id=23616, stack(0x000000dcd2100000,0x000000dcd2200000)]
  0x000001e9bd646a40 JavaThread "Unconstrained build operations Thread 17" [_thread_blocked, id=17208, stack(0x000000dcd2200000,0x000000dcd2300000)]
  0x000001e9bd643ef0 JavaThread "Unconstrained build operations Thread 18" [_thread_blocked, id=5380, stack(0x000000dcd2300000,0x000000dcd2400000)]
  0x000001e9bd649a60 JavaThread "Unconstrained build operations Thread 19" [_thread_blocked, id=23908, stack(0x000000dcd2400000,0x000000dcd2500000)]
  0x000001e9bd645230 JavaThread "Unconstrained build operations Thread 20" [_thread_blocked, id=24220, stack(0x000000dcd2500000,0x000000dcd2600000)]
  0x000001e9bd645bd0 JavaThread "Unconstrained build operations Thread 21" [_thread_blocked, id=6608, stack(0x000000dcd2600000,0x000000dcd2700000)]
  0x000001e9bd647d80 JavaThread "Unconstrained build operations Thread 22" [_thread_blocked, id=23420, stack(0x000000dcd2700000,0x000000dcd2800000)]
  0x000001e9bd648250 JavaThread "Unconstrained build operations Thread 23" [_thread_blocked, id=6064, stack(0x000000dcd2800000,0x000000dcd2900000)]
  0x000001e9bd643080 JavaThread "Unconstrained build operations Thread 24" [_thread_blocked, id=1368, stack(0x000000dcd2900000,0x000000dcd2a00000)]
  0x000001e9bd6443c0 JavaThread "Unconstrained build operations Thread 25" [_thread_blocked, id=11512, stack(0x000000dcd2a00000,0x000000dcd2b00000)]
  0x000001e9bd645700 JavaThread "Unconstrained build operations Thread 26" [_thread_blocked, id=268, stack(0x000000dcd2b00000,0x000000dcd2c00000)]
  0x000001e9bd6460a0 JavaThread "Unconstrained build operations Thread 27" [_thread_blocked, id=14720, stack(0x000000dcd2c00000,0x000000dcd2d00000)]
  0x000001e9bd644890 JavaThread "Unconstrained build operations Thread 28" [_thread_blocked, id=21144, stack(0x000000dcd2d00000,0x000000dcd2e00000)]
  0x000001e9bd6473e0 JavaThread "Unconstrained build operations Thread 29" [_thread_blocked, id=9840, stack(0x000000dcd2e00000,0x000000dcd2f00000)]
  0x000001e9bd648720 JavaThread "Unconstrained build operations Thread 30" [_thread_blocked, id=13840, stack(0x000000dcd2f00000,0x000000dcd3000000)]
  0x000001e9bd646f10 JavaThread "Unconstrained build operations Thread 31" [_thread_blocked, id=16768, stack(0x000000dcd3000000,0x000000dcd3100000)]
  0x000001e9bd649590 JavaThread "Unconstrained build operations Thread 32" [_thread_blocked, id=17132, stack(0x000000dcd3100000,0x000000dcd3200000)]
  0x000001e9bd649f30 JavaThread "Unconstrained build operations Thread 33" [_thread_blocked, id=14756, stack(0x000000dcd3200000,0x000000dcd3300000)]
  0x000001e9bd6478b0 JavaThread "Unconstrained build operations Thread 34" [_thread_blocked, id=10096, stack(0x000000dcd3300000,0x000000dcd3400000)]
  0x000001e9bd646570 JavaThread "Unconstrained build operations Thread 35" [_thread_blocked, id=21180, stack(0x000000dcd3400000,0x000000dcd3500000)]
  0x000001e9bd648bf0 JavaThread "Unconstrained build operations Thread 36" [_thread_blocked, id=13892, stack(0x000000dcd3500000,0x000000dcd3600000)]
  0x000001e9bd64a400 JavaThread "Unconstrained build operations Thread 37" [_thread_blocked, id=3880, stack(0x000000dcd3600000,0x000000dcd3700000)]
  0x000001e9bd643a20 JavaThread "Unconstrained build operations Thread 38" [_thread_blocked, id=5492, stack(0x000000dcd3700000,0x000000dcd3800000)]
  0x000001e9bd644d60 JavaThread "Unconstrained build operations Thread 39" [_thread_blocked, id=14964, stack(0x000000dcd3800000,0x000000dcd3900000)]
  0x000001e9bd64a8d0 JavaThread "Unconstrained build operations Thread 40" [_thread_blocked, id=16264, stack(0x000000dcd3900000,0x000000dcd3a00000)]
  0x000001e9be2e50b0 JavaThread "build event listener" [_thread_blocked, id=12840, stack(0x000000dcd3a00000,0x000000dcd3b00000)]
  0x000001e9be2e7c00 JavaThread "Memory manager" [_thread_blocked, id=20624, stack(0x000000dcd3b00000,0x000000dcd3c00000)]
  0x000001e9be2e4be0 JavaThread "included builds" [_thread_blocked, id=9656, stack(0x000000dcd3c00000,0x000000dcd3d00000)]
  0x000001e9be2e80d0 JavaThread "Execution worker" [_thread_blocked, id=6296, stack(0x000000dcd3d00000,0x000000dcd3e00000)]
  0x000001e9be2e9410 JavaThread "Execution worker Thread 2" [_thread_blocked, id=16552, stack(0x000000dcd3e00000,0x000000dcd3f00000)]
  0x000001e9be2e4710 JavaThread "Execution worker Thread 3" [_thread_blocked, id=12728, stack(0x000000dcd3f00000,0x000000dcd4000000)]
  0x000001e9be2e5580 JavaThread "Cache worker for execution history cache (C:\Users\oussama\Downloads\drive-download-20230523T182349Z-001\.gradle\7.5\executionHistory)" [_thread_blocked, id=17416, stack(0x000000dcd4000000,0x000000dcd4100000)]
  0x000001e9be2e5a50 JavaThread "Cache worker for Java compile cache (C:\Users\oussama\.gradle\caches\7.5\javaCompile)" [_thread_blocked, id=2936, stack(0x000000dcd4100000,0x000000dcd4200000)]
  0x000001e9be2e7260 JavaThread "Build operations" [_thread_blocked, id=22556, stack(0x000000dcd4300000,0x000000dcd4400000)]
  0x000001e9be2e98e0 JavaThread "Build operations Thread 2" [_thread_blocked, id=22076, stack(0x000000dcd4400000,0x000000dcd4500000)]
  0x000001e9be2e38a0 JavaThread "Build operations Thread 3" [_thread_blocked, id=17080, stack(0x000000dcd4500000,0x000000dcd4600000)]
  0x000001e9be2e7730 JavaThread "Build operations Thread 4" [_thread_blocked, id=10220, stack(0x000000dcd4600000,0x000000dcd4700000)]
  0x000001e9be2e2560 JavaThread "WorkerExecutor Queue" [_thread_blocked, id=15184, stack(0x000000dcd4700000,0x000000dcd4800000)]
  0x000001e9be2e68c0 JavaThread "WorkerExecutor Queue Thread 2" [_thread_in_Java, id=16868, stack(0x000000dcd4800000,0x000000dcd4900000)]
  0x000001e9be2e9db0 JavaThread "WorkerExecutor Queue Thread 3" [_thread_blocked, id=23424, stack(0x000000dcd4900000,0x000000dcd4a00000)]
  0x000001e9be2e2a30 JavaThread "WorkerExecutor Queue Thread 4" [_thread_blocked, id=20856, stack(0x000000dcd4a00000,0x000000dcd4b00000)]
  0x000001e9bc81b0c0 JavaThread "WorkerExecutor Queue Thread 6" [_thread_blocked, id=5680, stack(0x000000dcd1000000,0x000000dcd1100000)]

Other Threads:
  0x000001e9b78a9970 VMThread "VM Thread" [stack: 0x000000dcce400000,0x000000dcce500000] [id=6540]
  0x000001e9b85bcdd0 WatcherThread [stack: 0x000000dccf000000,0x000000dccf100000] [id=4432]
  0x000001e99e349690 GCTaskThread "GC Thread#0" [stack: 0x000000dccdf00000,0x000000dcce000000] [id=9104]
  0x000001e9b8745cf0 GCTaskThread "GC Thread#1" [stack: 0x000000dccf200000,0x000000dccf300000] [id=22212]
  0x000001e9b8d81e60 GCTaskThread "GC Thread#2" [stack: 0x000000dccf300000,0x000000dccf400000] [id=11672]
  0x000001e9b87760a0 GCTaskThread "GC Thread#3" [stack: 0x000000dccf400000,0x000000dccf500000] [id=15508]
  0x000001e99e35a4e0 ConcurrentGCThread "G1 Main Marker" [stack: 0x000000dcce000000,0x000000dcce100000] [id=13304]
  0x000001e99e35be10 ConcurrentGCThread "G1 Conc#0" [stack: 0x000000dcce100000,0x000000dcce200000] [id=11744]
  0x000001e9b77040b0 ConcurrentGCThread "G1 Refine#0" [stack: 0x000000dcce200000,0x000000dcce300000] [id=14824]
  0x000001e9c0eb0be0 ConcurrentGCThread "G1 Refine#1" [stack: 0x000000dcd4200000,0x000000dcd4300000] [id=8556]
  0x000001e9b77048e0 ConcurrentGCThread "G1 Service" [stack: 0x000000dcce300000,0x000000dcce400000] [id=24016]

Threads with active compile tasks:
C2 CompilerThread0    55595 18078 %     4       org.gradle.internal.instantiation.generator.AbstractClassGenerator::inspectType @ 207 (560 bytes)

VM state: not at safepoint (normal execution)

VM Mutex/Monitor currently owned by a thread: None

Heap address: 0x0000000080000000, size: 2048 MB, Compressed Oops mode: 32-bit

CDS archive(s) not mapped
Compressed class space mapped at: 0x0000000100000000-0x0000000140000000, reserved size: 1073741824
Narrow klass base: 0x0000000000000000, Narrow klass shift: 3, Narrow klass range: 0x140000000

GC Precious Log:
 CPUs: 4 total, 4 available
 Memory: 8134M
 Large Page Support: Disabled
 NUMA Support: Disabled
 Compressed Oops: Enabled (32-bit)
 Heap Region Size: 1M
 Heap Min Capacity: 8M
 Heap Initial Capacity: 128M
 Heap Max Capacity: 2G
 Pre-touch: Disabled
 Parallel Workers: 4
 Concurrent Workers: 1
 Concurrent Refinement Workers: 4
 Periodic GC: Disabled

Heap:
 garbage-first heap   total 236544K, used 140251K [0x0000000080000000, 0x0000000100000000)
  region size 1024K, 23 young (23552K), 4 survivors (4096K)
 Metaspace       used 118127K, committed 118848K, reserved 1155072K
  class space    used 16092K, committed 16448K, reserved 1048576K

Heap Regions: E=young(eden), S=young(survivor), O=old, HS=humongous(starts), HC=humongous(continues), CS=collection set, F=free, OA=open archive, CA=closed archive, TAMS=top-at-mark-start (previous, next)
|   0|0x0000000080000000, 0x0000000080100000, 0x0000000080100000|100%|HS|  |TAMS 0x0000000080100000, 0x0000000080000000| Complete 
|   1|0x0000000080100000, 0x0000000080200000, 0x0000000080200000|100%|HC|  |TAMS 0x0000000080200000, 0x0000000080100000| Complete 
|   2|0x0000000080200000, 0x0000000080300000, 0x0000000080300000|100%|HC|  |TAMS 0x0000000080300000, 0x0000000080200000| Complete 
|   3|0x0000000080300000, 0x0000000080400000, 0x0000000080400000|100%| O|  |TAMS 0x0000000080400000, 0x0000000080300000| Untracked 
|   4|0x0000000080400000, 0x0000000080500000, 0x0000000080500000|100%| O|  |TAMS 0x0000000080500000, 0x0000000080400000| Untracked 
|   5|0x0000000080500000, 0x0000000080600000, 0x0000000080600000|100%| O|  |TAMS 0x0000000080600000, 0x0000000080500000| Untracked 
|   6|0x0000000080600000, 0x0000000080700000, 0x0000000080700000|100%| O|  |TAMS 0x0000000080700000, 0x0000000080600000| Untracked 
|   7|0x0000000080700000, 0x0000000080800000, 0x0000000080800000|100%| O|  |TAMS 0x0000000080800000, 0x0000000080700000| Untracked 
|   8|0x0000000080800000, 0x0000000080900000, 0x0000000080900000|100%| O|  |TAMS 0x0000000080900000, 0x0000000080800000| Untracked 
|   9|0x0000000080900000, 0x0000000080a00000, 0x0000000080a00000|100%| O|  |TAMS 0x0000000080a00000, 0x0000000080900000| Untracked 
|  10|0x0000000080a00000, 0x0000000080b00000, 0x0000000080b00000|100%| O|  |TAMS 0x0000000080b00000, 0x0000000080a00000| Untracked 
|  11|0x0000000080b00000, 0x0000000080c00000, 0x0000000080c00000|100%| O|  |TAMS 0x0000000080c00000, 0x0000000080b00000| Untracked 
|  12|0x0000000080c00000, 0x0000000080d00000, 0x0000000080d00000|100%| O|  |TAMS 0x0000000080d00000, 0x0000000080c00000| Untracked 
|  13|0x0000000080d00000, 0x0000000080e00000, 0x0000000080e00000|100%| O|  |TAMS 0x0000000080e00000, 0x0000000080d00000| Untracked 
|  14|0x0000000080e00000, 0x0000000080f00000, 0x0000000080f00000|100%| O|  |TAMS 0x0000000080f00000, 0x0000000080e00000| Untracked 
|  15|0x0000000080f00000, 0x0000000081000000, 0x0000000081000000|100%| O|  |TAMS 0x0000000081000000, 0x0000000080f00000| Untracked 
|  16|0x0000000081000000, 0x0000000081100000, 0x0000000081100000|100%| O|  |TAMS 0x0000000081100000, 0x0000000081000000| Untracked 
|  17|0x0000000081100000, 0x0000000081200000, 0x0000000081200000|100%| O|  |TAMS 0x0000000081200000, 0x0000000081100000| Untracked 
|  18|0x0000000081200000, 0x0000000081300000, 0x0000000081300000|100%| O|  |TAMS 0x0000000081300000, 0x0000000081200000| Untracked 
|  19|0x0000000081300000, 0x0000000081400000, 0x0000000081400000|100%|HS|  |TAMS 0x0000000081400000, 0x0000000081300000| Complete 
|  20|0x0000000081400000, 0x0000000081500000, 0x0000000081500000|100%| O|  |TAMS 0x0000000081500000, 0x0000000081400000| Untracked 
|  21|0x0000000081500000, 0x0000000081600000, 0x0000000081600000|100%| O|  |TAMS 0x0000000081600000, 0x0000000081500000| Untracked 
|  22|0x0000000081600000, 0x0000000081700000, 0x0000000081700000|100%| O|  |TAMS 0x0000000081700000, 0x0000000081600000| Untracked 
|  23|0x0000000081700000, 0x0000000081800000, 0x0000000081800000|100%| O|  |TAMS 0x0000000081800000, 0x0000000081700000| Untracked 
|  24|0x0000000081800000, 0x0000000081900000, 0x0000000081900000|100%| O|  |TAMS 0x0000000081900000, 0x0000000081800000| Untracked 
|  25|0x0000000081900000, 0x0000000081a00000, 0x0000000081a00000|100%| O|  |TAMS 0x0000000081a00000, 0x0000000081900000| Untracked 
|  26|0x0000000081a00000, 0x0000000081b00000, 0x0000000081b00000|100%| O|  |TAMS 0x0000000081b00000, 0x0000000081a00000| Untracked 
|  27|0x0000000081b00000, 0x0000000081c00000, 0x0000000081c00000|100%|HS|  |TAMS 0x0000000081c00000, 0x0000000081b00000| Complete 
|  28|0x0000000081c00000, 0x0000000081d00000, 0x0000000081d00000|100%| O|  |TAMS 0x0000000081d00000, 0x0000000081c00000| Untracked 
|  29|0x0000000081d00000, 0x0000000081e00000, 0x0000000081e00000|100%| O|  |TAMS 0x0000000081e00000, 0x0000000081d00000| Untracked 
|  30|0x0000000081e00000, 0x0000000081f00000, 0x0000000081f00000|100%| O|  |TAMS 0x0000000081f00000, 0x0000000081e00000| Untracked 
|  31|0x0000000081f00000, 0x0000000082000000, 0x0000000082000000|100%| O|  |TAMS 0x0000000082000000, 0x0000000081f00000| Untracked 
|  32|0x0000000082000000, 0x0000000082100000, 0x0000000082100000|100%| O|  |TAMS 0x0000000082100000, 0x0000000082000000| Untracked 
|  33|0x0000000082100000, 0x0000000082200000, 0x0000000082200000|100%| O|  |TAMS 0x0000000082200000, 0x0000000082100000| Untracked 
|  34|0x0000000082200000, 0x0000000082300000, 0x0000000082300000|100%| O|  |TAMS 0x0000000082300000, 0x0000000082200000| Untracked 
|  35|0x0000000082300000, 0x0000000082400000, 0x0000000082400000|100%| O|  |TAMS 0x0000000082400000, 0x0000000082300000| Untracked 
|  36|0x0000000082400000, 0x0000000082500000, 0x0000000082500000|100%| O|  |TAMS 0x0000000082500000, 0x0000000082400000| Untracked 
|  37|0x0000000082500000, 0x0000000082600000, 0x0000000082600000|100%| O|  |TAMS 0x0000000082600000, 0x0000000082500000| Untracked 
|  38|0x0000000082600000, 0x0000000082700000, 0x0000000082700000|100%| O|  |TAMS 0x0000000082700000, 0x0000000082600000| Untracked 
|  39|0x0000000082700000, 0x0000000082800000, 0x0000000082800000|100%| O|  |TAMS 0x0000000082800000, 0x0000000082700000| Untracked 
|  40|0x0000000082800000, 0x0000000082900000, 0x0000000082900000|100%| O|  |TAMS 0x0000000082900000, 0x0000000082800000| Untracked 
|  41|0x0000000082900000, 0x0000000082a00000, 0x0000000082a00000|100%| O|  |TAMS 0x0000000082a00000, 0x0000000082900000| Untracked 
|  42|0x0000000082a00000, 0x0000000082b00000, 0x0000000082b00000|100%| O|  |TAMS 0x0000000082b00000, 0x0000000082a00000| Untracked 
|  43|0x0000000082b00000, 0x0000000082c00000, 0x0000000082c00000|100%| O|  |TAMS 0x0000000082c00000, 0x0000000082b00000| Untracked 
|  44|0x0000000082c00000, 0x0000000082d00000, 0x0000000082d00000|100%| O|  |TAMS 0x0000000082d00000, 0x0000000082c00000| Untracked 
|  45|0x0000000082d00000, 0x0000000082e00000, 0x0000000082e00000|100%| O|  |TAMS 0x0000000082e00000, 0x0000000082d00000| Untracked 
|  46|0x0000000082e00000, 0x0000000082f00000, 0x0000000082f00000|100%| O|  |TAMS 0x0000000082f00000, 0x0000000082e00000| Untracked 
|  47|0x0000000082f00000, 0x0000000083000000, 0x0000000083000000|100%| O|  |TAMS 0x0000000083000000, 0x0000000082f00000| Untracked 
|  48|0x0000000083000000, 0x0000000083100000, 0x0000000083100000|100%| O|  |TAMS 0x0000000083100000, 0x0000000083000000| Untracked 
|  49|0x0000000083100000, 0x0000000083200000, 0x0000000083200000|100%| O|  |TAMS 0x0000000083200000, 0x0000000083100000| Untracked 
|  50|0x0000000083200000, 0x0000000083300000, 0x0000000083300000|100%| O|  |TAMS 0x0000000083300000, 0x0000000083200000| Untracked 
|  51|0x0000000083300000, 0x0000000083400000, 0x0000000083400000|100%| O|  |TAMS 0x0000000083400000, 0x0000000083300000| Untracked 
|  52|0x0000000083400000, 0x0000000083500000, 0x0000000083500000|100%| O|  |TAMS 0x0000000083500000, 0x0000000083400000| Untracked 
|  53|0x0000000083500000, 0x0000000083600000, 0x0000000083600000|100%| O|  |TAMS 0x0000000083600000, 0x0000000083500000| Untracked 
|  54|0x0000000083600000, 0x0000000083700000, 0x0000000083700000|100%| O|  |TAMS 0x0000000083700000, 0x0000000083600000| Untracked 
|  55|0x0000000083700000, 0x0000000083800000, 0x0000000083800000|100%| O|  |TAMS 0x0000000083800000, 0x0000000083700000| Untracked 
|  56|0x0000000083800000, 0x0000000083900000, 0x0000000083900000|100%| O|  |TAMS 0x0000000083900000, 0x0000000083800000| Untracked 
|  57|0x0000000083900000, 0x0000000083a00000, 0x0000000083a00000|100%| O|  |TAMS 0x0000000083a00000, 0x0000000083900000| Untracked 
|  58|0x0000000083a00000, 0x0000000083b00000, 0x0000000083b00000|100%| O|  |TAMS 0x0000000083b00000, 0x0000000083a00000| Untracked 
|  59|0x0000000083b00000, 0x0000000083c00000, 0x0000000083c00000|100%| O|  |TAMS 0x0000000083c00000, 0x0000000083b00000| Untracked 
|  60|0x0000000083c00000, 0x0000000083d00000, 0x0000000083d00000|100%| O|  |TAMS 0x0000000083d00000, 0x0000000083c00000| Untracked 
|  61|0x0000000083d00000, 0x0000000083e00000, 0x0000000083e00000|100%| O|  |TAMS 0x0000000083e00000, 0x0000000083d00000| Untracked 
|  62|0x0000000083e00000, 0x0000000083f00000, 0x0000000083f00000|100%| O|  |TAMS 0x0000000083f00000, 0x0000000083e00000| Untracked 
|  63|0x0000000083f00000, 0x0000000084000000, 0x0000000084000000|100%| O|  |TAMS 0x0000000084000000, 0x0000000083f00000| Untracked 
|  64|0x0000000084000000, 0x0000000084100000, 0x0000000084100000|100%| O|  |TAMS 0x0000000084100000, 0x0000000084000000| Untracked 
|  65|0x0000000084100000, 0x0000000084200000, 0x0000000084200000|100%| O|  |TAMS 0x0000000084200000, 0x0000000084100000| Untracked 
|  66|0x0000000084200000, 0x0000000084300000, 0x0000000084300000|100%| O|  |TAMS 0x0000000084300000, 0x0000000084200000| Untracked 
|  67|0x0000000084300000, 0x0000000084400000, 0x0000000084400000|100%| O|  |TAMS 0x0000000084400000, 0x0000000084300000| Untracked 
|  68|0x0000000084400000, 0x0000000084500000, 0x0000000084500000|100%| O|  |TAMS 0x0000000084500000, 0x0000000084400000| Untracked 
|  69|0x0000000084500000, 0x0000000084600000, 0x0000000084600000|100%| O|  |TAMS 0x0000000084600000, 0x0000000084500000| Untracked 
|  70|0x0000000084600000, 0x0000000084700000, 0x0000000084700000|100%| O|  |TAMS 0x0000000084700000, 0x0000000084600000| Untracked 
|  71|0x0000000084700000, 0x0000000084800000, 0x0000000084800000|100%| O|  |TAMS 0x0000000084800000, 0x0000000084700000| Untracked 
|  72|0x0000000084800000, 0x0000000084900000, 0x0000000084900000|100%| O|  |TAMS 0x0000000084900000, 0x0000000084800000| Untracked 
|  73|0x0000000084900000, 0x0000000084a00000, 0x0000000084a00000|100%| O|  |TAMS 0x0000000084a00000, 0x0000000084900000| Untracked 
|  74|0x0000000084a00000, 0x0000000084b00000, 0x0000000084b00000|100%| O|  |TAMS 0x0000000084b00000, 0x0000000084a00000| Untracked 
|  75|0x0000000084b00000, 0x0000000084c00000, 0x0000000084c00000|100%|HS|  |TAMS 0x0000000084c00000, 0x0000000084b00000| Complete 
|  76|0x0000000084c00000, 0x0000000084d00000, 0x0000000084d00000|100%|HC|  |TAMS 0x0000000084d00000, 0x0000000084c00000| Complete 
|  77|0x0000000084d00000, 0x0000000084e00000, 0x0000000084e00000|100%| O|  |TAMS 0x0000000084e00000, 0x0000000084d00000| Untracked 
|  78|0x0000000084e00000, 0x0000000084f00000, 0x0000000084f00000|100%| O|  |TAMS 0x0000000084f00000, 0x0000000084e00000| Untracked 
|  79|0x0000000084f00000, 0x0000000085000000, 0x0000000085000000|100%| O|  |TAMS 0x0000000085000000, 0x0000000084f00000| Untracked 
|  80|0x0000000085000000, 0x0000000085100000, 0x0000000085100000|100%| O|  |TAMS 0x0000000085100000, 0x0000000085000000| Untracked 
|  81|0x0000000085100000, 0x0000000085200000, 0x0000000085200000|100%| O|  |TAMS 0x0000000085200000, 0x0000000085100000| Untracked 
|  82|0x0000000085200000, 0x0000000085200000, 0x0000000085300000|  0%| F|  |TAMS 0x0000000085200000, 0x0000000085200000| Untracked 
|  83|0x0000000085300000, 0x0000000085400000, 0x0000000085400000|100%| O|  |TAMS 0x0000000085400000, 0x0000000085300000| Untracked 
|  84|0x0000000085400000, 0x0000000085500000, 0x0000000085500000|100%| O|  |TAMS 0x0000000085500000, 0x0000000085400000| Untracked 
|  85|0x0000000085500000, 0x0000000085500000, 0x0000000085600000|  0%| F|  |TAMS 0x0000000085500000, 0x0000000085500000| Untracked 
|  86|0x0000000085600000, 0x0000000085700000, 0x0000000085700000|100%| O|  |TAMS 0x0000000085700000, 0x0000000085600000| Untracked 
|  87|0x0000000085700000, 0x0000000085800000, 0x0000000085800000|100%| O|  |TAMS 0x0000000085800000, 0x0000000085700000| Untracked 
|  88|0x0000000085800000, 0x0000000085800000, 0x0000000085900000|  0%| F|  |TAMS 0x0000000085800000, 0x0000000085800000| Untracked 
|  89|0x0000000085900000, 0x0000000085a00000, 0x0000000085a00000|100%| O|  |TAMS 0x0000000085a00000, 0x0000000085900000| Untracked 
|  90|0x0000000085a00000, 0x0000000085b00000, 0x0000000085b00000|100%| O|  |TAMS 0x0000000085b00000, 0x0000000085a00000| Untracked 
|  91|0x0000000085b00000, 0x0000000085c00000, 0x0000000085c00000|100%| O|  |TAMS 0x0000000085c00000, 0x0000000085b00000| Untracked 
|  92|0x0000000085c00000, 0x0000000085c00000, 0x0000000085d00000|  0%| F|  |TAMS 0x0000000085c00000, 0x0000000085c00000| Untracked 
|  93|0x0000000085d00000, 0x0000000085e00000, 0x0000000085e00000|100%| O|  |TAMS 0x0000000085e00000, 0x0000000085d00000| Untracked 
|  94|0x0000000085e00000, 0x0000000085f00000, 0x0000000085f00000|100%| O|  |TAMS 0x0000000085f00000, 0x0000000085e00000| Untracked 
|  95|0x0000000085f00000, 0x0000000086000000, 0x0000000086000000|100%| O|  |TAMS 0x0000000086000000, 0x0000000085f00000| Untracked 
|  96|0x0000000086000000, 0x0000000086100000, 0x0000000086100000|100%| O|  |TAMS 0x0000000086100000, 0x0000000086000000| Untracked 
|  97|0x0000000086100000, 0x0000000086100000, 0x0000000086200000|  0%| F|  |TAMS 0x0000000086100000, 0x0000000086100000| Untracked 
|  98|0x0000000086200000, 0x0000000086200000, 0x0000000086300000|  0%| F|  |TAMS 0x0000000086200000, 0x0000000086200000| Untracked 
|  99|0x0000000086300000, 0x0000000086400000, 0x0000000086400000|100%| O|  |TAMS 0x0000000086300000, 0x0000000086300000| Untracked 
| 100|0x0000000086400000, 0x0000000086400000, 0x0000000086500000|  0%| F|  |TAMS 0x0000000086400000, 0x0000000086400000| Untracked 
| 101|0x0000000086500000, 0x0000000086500000, 0x0000000086600000|  0%| F|  |TAMS 0x0000000086500000, 0x0000000086500000| Untracked 
| 102|0x0000000086600000, 0x0000000086600000, 0x0000000086700000|  0%| F|  |TAMS 0x0000000086600000, 0x0000000086600000| Untracked 
| 103|0x0000000086700000, 0x0000000086700000, 0x0000000086800000|  0%| F|  |TAMS 0x0000000086700000, 0x0000000086700000| Untracked 
| 104|0x0000000086800000, 0x0000000086900000, 0x0000000086900000|100%| O|  |TAMS 0x0000000086900000, 0x0000000086800000| Untracked 
| 105|0x0000000086900000, 0x0000000086a00000, 0x0000000086a00000|100%| O|  |TAMS 0x0000000086a00000, 0x0000000086900000| Untracked 
| 106|0x0000000086a00000, 0x0000000086b00000, 0x0000000086b00000|100%| O|  |TAMS 0x0000000086b00000, 0x0000000086a00000| Untracked 
| 107|0x0000000086b00000, 0x0000000086b00000, 0x0000000086c00000|  0%| F|  |TAMS 0x0000000086b00000, 0x0000000086b00000| Untracked 
| 108|0x0000000086c00000, 0x0000000086d00000, 0x0000000086d00000|100%| O|  |TAMS 0x0000000086c00000, 0x0000000086c00000| Untracked 
| 109|0x0000000086d00000, 0x0000000086e00000, 0x0000000086e00000|100%| O|  |TAMS 0x0000000086e00000, 0x0000000086d00000| Untracked 
| 110|0x0000000086e00000, 0x0000000086f00000, 0x0000000086f00000|100%| O|  |TAMS 0x0000000086f00000, 0x0000000086e00000| Untracked 
| 111|0x0000000086f00000, 0x0000000087000000, 0x0000000087000000|100%| O|  |TAMS 0x0000000087000000, 0x0000000086f00000| Untracked 
| 112|0x0000000087000000, 0x0000000087100000, 0x0000000087100000|100%| O|  |TAMS 0x0000000087100000, 0x0000000087000000| Untracked 
| 113|0x0000000087100000, 0x0000000087200000, 0x0000000087200000|100%| O|  |TAMS 0x0000000087200000, 0x0000000087100000| Untracked 
| 114|0x0000000087200000, 0x0000000087300000, 0x0000000087300000|100%| O|  |TAMS 0x0000000087200000, 0x0000000087200000| Untracked 
| 115|0x0000000087300000, 0x0000000087400000, 0x0000000087400000|100%| O|  |TAMS 0x0000000087300000, 0x0000000087300000| Untracked 
| 116|0x0000000087400000, 0x0000000087500000, 0x0000000087500000|100%| O|  |TAMS 0x0000000087400000, 0x0000000087400000| Untracked 
| 117|0x0000000087500000, 0x0000000087600000, 0x0000000087600000|100%| O|  |TAMS 0x0000000087500000, 0x0000000087500000| Untracked 
| 118|0x0000000087600000, 0x0000000087700000, 0x0000000087700000|100%| O|  |TAMS 0x0000000087700000, 0x0000000087600000| Untracked 
| 119|0x0000000087700000, 0x0000000087800000, 0x0000000087800000|100%| O|  |TAMS 0x0000000087800000, 0x0000000087700000| Untracked 
| 120|0x0000000087800000, 0x0000000087900000, 0x0000000087900000|100%| O|  |TAMS 0x0000000087900000, 0x0000000087800000| Untracked 
| 121|0x0000000087900000, 0x0000000087a00000, 0x0000000087a00000|100%| O|  |TAMS 0x00000000879f9a00, 0x0000000087900000| Untracked 
| 122|0x0000000087a00000, 0x0000000087b00000, 0x0000000087b00000|100%| O|  |TAMS 0x0000000087a00000, 0x0000000087a00000| Untracked 
| 123|0x0000000087b00000, 0x0000000087c00000, 0x0000000087c00000|100%| O|  |TAMS 0x0000000087b00000, 0x0000000087b00000| Untracked 
| 124|0x0000000087c00000, 0x0000000087d00000, 0x0000000087d00000|100%| O|  |TAMS 0x0000000087c00000, 0x0000000087c00000| Untracked 
| 125|0x0000000087d00000, 0x0000000087e00000, 0x0000000087e00000|100%| O|  |TAMS 0x0000000087d00000, 0x0000000087d00000| Untracked 
| 126|0x0000000087e00000, 0x0000000087f00000, 0x0000000087f00000|100%| O|  |TAMS 0x0000000087e00000, 0x0000000087e00000| Untracked 
| 127|0x0000000087f00000, 0x0000000087f90200, 0x0000000088000000| 56%| O|  |TAMS 0x0000000087f00000, 0x0000000087f00000| Untracked 
| 128|0x0000000088000000, 0x0000000088000000, 0x0000000088100000|  0%| F|  |TAMS 0x0000000088000000, 0x0000000088000000| Untracked 
| 129|0x0000000088100000, 0x0000000088100000, 0x0000000088200000|  0%| F|  |TAMS 0x0000000088100000, 0x0000000088100000| Untracked 
| 130|0x0000000088200000, 0x0000000088200000, 0x0000000088300000|  0%| F|  |TAMS 0x0000000088200000, 0x0000000088200000| Untracked 
| 131|0x0000000088300000, 0x0000000088300000, 0x0000000088400000|  0%| F|  |TAMS 0x0000000088300000, 0x0000000088300000| Untracked 
| 132|0x0000000088400000, 0x0000000088400000, 0x0000000088500000|  0%| F|  |TAMS 0x0000000088400000, 0x0000000088400000| Untracked 
| 133|0x0000000088500000, 0x0000000088500000, 0x0000000088600000|  0%| F|  |TAMS 0x0000000088500000, 0x0000000088500000| Untracked 
| 134|0x0000000088600000, 0x0000000088600000, 0x0000000088700000|  0%| F|  |TAMS 0x0000000088600000, 0x0000000088600000| Untracked 
| 135|0x0000000088700000, 0x0000000088700000, 0x0000000088800000|  0%| F|  |TAMS 0x0000000088700000, 0x0000000088700000| Untracked 
| 136|0x0000000088800000, 0x0000000088800000, 0x0000000088900000|  0%| F|  |TAMS 0x0000000088800000, 0x0000000088800000| Untracked 
| 137|0x0000000088900000, 0x0000000088900000, 0x0000000088a00000|  0%| F|  |TAMS 0x0000000088900000, 0x0000000088900000| Untracked 
| 138|0x0000000088a00000, 0x0000000088a00000, 0x0000000088b00000|  0%| F|  |TAMS 0x0000000088a00000, 0x0000000088a00000| Untracked 
| 139|0x0000000088b00000, 0x0000000088b00000, 0x0000000088c00000|  0%| F|  |TAMS 0x0000000088b00000, 0x0000000088b00000| Untracked 
| 140|0x0000000088c00000, 0x0000000088c00000, 0x0000000088d00000|  0%| F|  |TAMS 0x0000000088c00000, 0x0000000088c00000| Untracked 
| 141|0x0000000088d00000, 0x0000000088d00000, 0x0000000088e00000|  0%| F|  |TAMS 0x0000000088d00000, 0x0000000088d00000| Untracked 
| 142|0x0000000088e00000, 0x0000000088e00000, 0x0000000088f00000|  0%| F|  |TAMS 0x0000000088e00000, 0x0000000088e00000| Untracked 
| 143|0x0000000088f00000, 0x0000000088f00000, 0x0000000089000000|  0%| F|  |TAMS 0x0000000088f00000, 0x0000000088f00000| Untracked 
| 144|0x0000000089000000, 0x0000000089000000, 0x0000000089100000|  0%| F|  |TAMS 0x0000000089000000, 0x0000000089000000| Untracked 
| 145|0x0000000089100000, 0x0000000089100000, 0x0000000089200000|  0%| F|  |TAMS 0x0000000089100000, 0x0000000089100000| Untracked 
| 146|0x0000000089200000, 0x0000000089200000, 0x0000000089300000|  0%| F|  |TAMS 0x0000000089200000, 0x0000000089200000| Untracked 
| 147|0x0000000089300000, 0x0000000089300000, 0x0000000089400000|  0%| F|  |TAMS 0x0000000089300000, 0x0000000089300000| Untracked 
| 148|0x0000000089400000, 0x0000000089400000, 0x0000000089500000|  0%| F|  |TAMS 0x0000000089400000, 0x0000000089400000| Untracked 
| 149|0x0000000089500000, 0x0000000089500000, 0x0000000089600000|  0%| F|  |TAMS 0x0000000089500000, 0x0000000089500000| Untracked 
| 150|0x0000000089600000, 0x0000000089600000, 0x0000000089700000|  0%| F|  |TAMS 0x0000000089600000, 0x0000000089600000| Untracked 
| 151|0x0000000089700000, 0x0000000089700000, 0x0000000089800000|  0%| F|  |TAMS 0x0000000089700000, 0x0000000089700000| Untracked 
| 152|0x0000000089800000, 0x0000000089800000, 0x0000000089900000|  0%| F|  |TAMS 0x0000000089800000, 0x0000000089800000| Untracked 
| 153|0x0000000089900000, 0x0000000089900000, 0x0000000089a00000|  0%| F|  |TAMS 0x0000000089900000, 0x0000000089900000| Untracked 
| 154|0x0000000089a00000, 0x0000000089a00000, 0x0000000089b00000|  0%| F|  |TAMS 0x0000000089a00000, 0x0000000089a00000| Untracked 
| 155|0x0000000089b00000, 0x0000000089b00000, 0x0000000089c00000|  0%| F|  |TAMS 0x0000000089b00000, 0x0000000089b00000| Untracked 
| 156|0x0000000089c00000, 0x0000000089c00000, 0x0000000089d00000|  0%| F|  |TAMS 0x0000000089c00000, 0x0000000089c00000| Untracked 
| 157|0x0000000089d00000, 0x0000000089d00000, 0x0000000089e00000|  0%| F|  |TAMS 0x0000000089d00000, 0x0000000089d00000| Untracked 
| 158|0x0000000089e00000, 0x0000000089e00000, 0x0000000089f00000|  0%| F|  |TAMS 0x0000000089e00000, 0x0000000089e00000| Untracked 
| 159|0x0000000089f00000, 0x0000000089f00000, 0x000000008a000000|  0%| F|  |TAMS 0x0000000089f00000, 0x0000000089f00000| Untracked 
| 160|0x000000008a000000, 0x000000008a066b38, 0x000000008a100000| 40%| S|CS|TAMS 0x000000008a000000, 0x000000008a000000| Complete 
| 161|0x000000008a100000, 0x000000008a200000, 0x000000008a200000|100%| S|CS|TAMS 0x000000008a100000, 0x000000008a100000| Complete 
| 162|0x000000008a200000, 0x000000008a300000, 0x000000008a300000|100%| S|CS|TAMS 0x000000008a200000, 0x000000008a200000| Complete 
| 163|0x000000008a300000, 0x000000008a400000, 0x000000008a400000|100%| S|CS|TAMS 0x000000008a300000, 0x000000008a300000| Complete 
| 164|0x000000008a400000, 0x000000008a400000, 0x000000008a500000|  0%| F|  |TAMS 0x000000008a400000, 0x000000008a400000| Untracked 
| 165|0x000000008a500000, 0x000000008a500000, 0x000000008a600000|  0%| F|  |TAMS 0x000000008a500000, 0x000000008a500000| Untracked 
| 166|0x000000008a600000, 0x000000008a600000, 0x000000008a700000|  0%| F|  |TAMS 0x000000008a600000, 0x000000008a600000| Untracked 
| 167|0x000000008a700000, 0x000000008a700000, 0x000000008a800000|  0%| F|  |TAMS 0x000000008a700000, 0x000000008a700000| Untracked 
| 168|0x000000008a800000, 0x000000008a800000, 0x000000008a900000|  0%| F|  |TAMS 0x000000008a800000, 0x000000008a800000| Untracked 
| 169|0x000000008a900000, 0x000000008a900000, 0x000000008aa00000|  0%| F|  |TAMS 0x000000008a900000, 0x000000008a900000| Untracked 
| 170|0x000000008aa00000, 0x000000008aa00000, 0x000000008ab00000|  0%| F|  |TAMS 0x000000008aa00000, 0x000000008aa00000| Untracked 
| 171|0x000000008ab00000, 0x000000008ab00000, 0x000000008ac00000|  0%| F|  |TAMS 0x000000008ab00000, 0x000000008ab00000| Untracked 
| 172|0x000000008ac00000, 0x000000008ac00000, 0x000000008ad00000|  0%| F|  |TAMS 0x000000008ac00000, 0x000000008ac00000| Untracked 
| 173|0x000000008ad00000, 0x000000008ad00000, 0x000000008ae00000|  0%| F|  |TAMS 0x000000008ad00000, 0x000000008ad00000| Untracked 
| 174|0x000000008ae00000, 0x000000008ae00000, 0x000000008af00000|  0%| F|  |TAMS 0x000000008ae00000, 0x000000008ae00000| Untracked 
| 175|0x000000008af00000, 0x000000008af00000, 0x000000008b000000|  0%| F|  |TAMS 0x000000008af00000, 0x000000008af00000| Untracked 
| 176|0x000000008b000000, 0x000000008b000000, 0x000000008b100000|  0%| F|  |TAMS 0x000000008b000000, 0x000000008b000000| Untracked 
| 177|0x000000008b100000, 0x000000008b100000, 0x000000008b200000|  0%| F|  |TAMS 0x000000008b100000, 0x000000008b100000| Untracked 
| 178|0x000000008b200000, 0x000000008b200000, 0x000000008b300000|  0%| F|  |TAMS 0x000000008b200000, 0x000000008b200000| Untracked 
| 179|0x000000008b300000, 0x000000008b300000, 0x000000008b400000|  0%| F|  |TAMS 0x000000008b300000, 0x000000008b300000| Untracked 
| 180|0x000000008b400000, 0x000000008b400000, 0x000000008b500000|  0%| F|  |TAMS 0x000000008b400000, 0x000000008b400000| Untracked 
| 181|0x000000008b500000, 0x000000008b500000, 0x000000008b600000|  0%| F|  |TAMS 0x000000008b500000, 0x000000008b500000| Untracked 
| 182|0x000000008b600000, 0x000000008b600000, 0x000000008b700000|  0%| F|  |TAMS 0x000000008b600000, 0x000000008b600000| Untracked 
| 183|0x000000008b700000, 0x000000008b700000, 0x000000008b800000|  0%| F|  |TAMS 0x000000008b700000, 0x000000008b700000| Untracked 
| 184|0x000000008b800000, 0x000000008b800000, 0x000000008b900000|  0%| F|  |TAMS 0x000000008b800000, 0x000000008b800000| Untracked 
| 185|0x000000008b900000, 0x000000008b900000, 0x000000008ba00000|  0%| F|  |TAMS 0x000000008b900000, 0x000000008b900000| Untracked 
| 186|0x000000008ba00000, 0x000000008ba00000, 0x000000008bb00000|  0%| F|  |TAMS 0x000000008ba00000, 0x000000008ba00000| Untracked 
| 187|0x000000008bb00000, 0x000000008bb00000, 0x000000008bc00000|  0%| F|  |TAMS 0x000000008bb00000, 0x000000008bb00000| Untracked 
| 188|0x000000008bc00000, 0x000000008bc00000, 0x000000008bd00000|  0%| F|  |TAMS 0x000000008bc00000, 0x000000008bc00000| Untracked 
| 189|0x000000008bd00000, 0x000000008bd00000, 0x000000008be00000|  0%| F|  |TAMS 0x000000008bd00000, 0x000000008bd00000| Untracked 
| 190|0x000000008be00000, 0x000000008be00000, 0x000000008bf00000|  0%| F|  |TAMS 0x000000008be00000, 0x000000008be00000| Untracked 
| 191|0x000000008bf00000, 0x000000008bf00000, 0x000000008c000000|  0%| F|  |TAMS 0x000000008bf00000, 0x000000008bf00000| Untracked 
| 192|0x000000008c000000, 0x000000008c000000, 0x000000008c100000|  0%| F|  |TAMS 0x000000008c000000, 0x000000008c000000| Untracked 
| 193|0x000000008c100000, 0x000000008c100000, 0x000000008c200000|  0%| F|  |TAMS 0x000000008c100000, 0x000000008c100000| Untracked 
| 194|0x000000008c200000, 0x000000008c200000, 0x000000008c300000|  0%| F|  |TAMS 0x000000008c200000, 0x000000008c200000| Untracked 
| 195|0x000000008c300000, 0x000000008c300000, 0x000000008c400000|  0%| F|  |TAMS 0x000000008c300000, 0x000000008c300000| Untracked 
| 196|0x000000008c400000, 0x000000008c400000, 0x000000008c500000|  0%| F|  |TAMS 0x000000008c400000, 0x000000008c400000| Untracked 
| 197|0x000000008c500000, 0x000000008c500000, 0x000000008c600000|  0%| F|  |TAMS 0x000000008c500000, 0x000000008c500000| Untracked 
| 198|0x000000008c600000, 0x000000008c600000, 0x000000008c700000|  0%| F|  |TAMS 0x000000008c600000, 0x000000008c600000| Untracked 
| 199|0x000000008c700000, 0x000000008c700000, 0x000000008c800000|  0%| F|  |TAMS 0x000000008c700000, 0x000000008c700000| Untracked 
| 200|0x000000008c800000, 0x000000008c800000, 0x000000008c900000|  0%| F|  |TAMS 0x000000008c800000, 0x000000008c800000| Untracked 
| 201|0x000000008c900000, 0x000000008c900000, 0x000000008ca00000|  0%| F|  |TAMS 0x000000008c900000, 0x000000008c900000| Untracked 
| 202|0x000000008ca00000, 0x000000008ca00000, 0x000000008cb00000|  0%| F|  |TAMS 0x000000008ca00000, 0x000000008ca00000| Untracked 
| 203|0x000000008cb00000, 0x000000008cb00000, 0x000000008cc00000|  0%| F|  |TAMS 0x000000008cb00000, 0x000000008cb00000| Untracked 
| 204|0x000000008cc00000, 0x000000008cc00000, 0x000000008cd00000|  0%| F|  |TAMS 0x000000008cc00000, 0x000000008cc00000| Untracked 
| 205|0x000000008cd00000, 0x000000008cd00000, 0x000000008ce00000|  0%| F|  |TAMS 0x000000008cd00000, 0x000000008cd00000| Untracked 
| 206|0x000000008ce00000, 0x000000008ce00000, 0x000000008cf00000|  0%| F|  |TAMS 0x000000008ce00000, 0x000000008ce00000| Untracked 
| 207|0x000000008cf00000, 0x000000008cf00000, 0x000000008d000000|  0%| F|  |TAMS 0x000000008cf00000, 0x000000008cf00000| Untracked 
| 208|0x000000008d000000, 0x000000008d000000, 0x000000008d100000|  0%| F|  |TAMS 0x000000008d000000, 0x000000008d000000| Untracked 
| 209|0x000000008d100000, 0x000000008d100000, 0x000000008d200000|  0%| F|  |TAMS 0x000000008d100000, 0x000000008d100000| Untracked 
| 210|0x000000008d200000, 0x000000008d200000, 0x000000008d300000|  0%| F|  |TAMS 0x000000008d200000, 0x000000008d200000| Untracked 
| 211|0x000000008d300000, 0x000000008d300000, 0x000000008d400000|  0%| F|  |TAMS 0x000000008d300000, 0x000000008d300000| Untracked 
| 212|0x000000008d400000, 0x000000008d4ea7d8, 0x000000008d500000| 91%| E|  |TAMS 0x000000008d400000, 0x000000008d400000| Complete 
| 213|0x000000008d500000, 0x000000008d600000, 0x000000008d600000|100%| E|CS|TAMS 0x000000008d500000, 0x000000008d500000| Complete 
| 214|0x000000008d600000, 0x000000008d700000, 0x000000008d700000|100%| E|CS|TAMS 0x000000008d600000, 0x000000008d600000| Complete 
| 215|0x000000008d700000, 0x000000008d800000, 0x000000008d800000|100%| E|CS|TAMS 0x000000008d700000, 0x000000008d700000| Complete 
| 216|0x000000008d800000, 0x000000008d900000, 0x000000008d900000|100%| E|CS|TAMS 0x000000008d800000, 0x000000008d800000| Complete 
| 217|0x000000008d900000, 0x000000008da00000, 0x000000008da00000|100%| E|CS|TAMS 0x000000008d900000, 0x000000008d900000| Complete 
| 218|0x000000008da00000, 0x000000008db00000, 0x000000008db00000|100%| E|CS|TAMS 0x000000008da00000, 0x000000008da00000| Complete 
| 219|0x000000008db00000, 0x000000008dc00000, 0x000000008dc00000|100%| E|CS|TAMS 0x000000008db00000, 0x000000008db00000| Complete 
| 220|0x000000008dc00000, 0x000000008dd00000, 0x000000008dd00000|100%| E|CS|TAMS 0x000000008dc00000, 0x000000008dc00000| Complete 
| 221|0x000000008dd00000, 0x000000008de00000, 0x000000008de00000|100%| E|CS|TAMS 0x000000008dd00000, 0x000000008dd00000| Complete 
| 222|0x000000008de00000, 0x000000008df00000, 0x000000008df00000|100%| E|CS|TAMS 0x000000008de00000, 0x000000008de00000| Complete 
| 223|0x000000008df00000, 0x000000008e000000, 0x000000008e000000|100%| E|CS|TAMS 0x000000008df00000, 0x000000008df00000| Complete 
| 224|0x000000008e000000, 0x000000008e100000, 0x000000008e100000|100%| E|CS|TAMS 0x000000008e000000, 0x000000008e000000| Complete 
| 225|0x000000008e100000, 0x000000008e200000, 0x000000008e200000|100%| E|CS|TAMS 0x000000008e100000, 0x000000008e100000| Complete 
| 226|0x000000008e200000, 0x000000008e300000, 0x000000008e300000|100%| E|CS|TAMS 0x000000008e200000, 0x000000008e200000| Complete 
| 227|0x000000008e300000, 0x000000008e400000, 0x000000008e400000|100%| E|CS|TAMS 0x000000008e300000, 0x000000008e300000| Complete 
| 228|0x000000008e400000, 0x000000008e500000, 0x000000008e500000|100%| E|CS|TAMS 0x000000008e400000, 0x000000008e400000| Complete 
| 229|0x000000008e500000, 0x000000008e600000, 0x000000008e600000|100%| E|CS|TAMS 0x000000008e500000, 0x000000008e500000| Complete 
| 230|0x000000008e600000, 0x000000008e700000, 0x000000008e700000|100%| E|  |TAMS 0x000000008e600000, 0x000000008e600000| Complete 

Card table byte_map: [0x000001e9b0bc0000,0x000001e9b0fc0000] _byte_map_base: 0x000001e9b07c0000

Marking Bits (Prev, Next): (CMBitMap*) 0x000001e99e349bf0, (CMBitMap*) 0x000001e99e349bb0
 Prev Bits: [0x000001e9b33c0000, 0x000001e9b53c0000)
 Next Bits: [0x000001e9b13c0000, 0x000001e9b33c0000)

Polling page: 0x000001e99dac0000

Metaspace:

Usage:
  Non-class:     99.64 MB used.
      Class:     15.72 MB used.
       Both:    115.36 MB used.

Virtual space:
  Non-class space:      104.00 MB reserved,     100.00 MB ( 96%) committed,  13 nodes.
      Class space:        1.00 GB reserved,      16.06 MB (  2%) committed,  1 nodes.
             Both:        1.10 GB reserved,     116.06 MB ( 10%) committed. 

Chunk freelists:
   Non-Class:  16.00 KB
       Class:  3.99 MB
        Both:  4.01 MB

MaxMetaspaceSize: unlimited
CompressedClassSpaceSize: 1.00 GB
Initial GC threshold: 21.00 MB
Current GC threshold: 177.31 MB
CDS: off
MetaspaceReclaimPolicy: balanced
 - commit_granule_bytes: 65536.
 - commit_granule_words: 8192.
 - virtual_space_node_default_size: 1048576.
 - enlarge_chunks_in_place: 1.
 - new_chunks_are_fully_committed: 0.
 - uncommit_free_chunks: 1.
 - use_allocation_guard: 0.
 - handle_deallocations: 1.


Internal statistics:

num_allocs_failed_limit: 9.
num_arena_births: 1052.
num_arena_deaths: 2.
num_vsnodes_births: 14.
num_vsnodes_deaths: 0.
num_space_committed: 1857.
num_space_uncommitted: 0.
num_chunks_returned_to_freelist: 11.
num_chunks_taken_from_freelist: 5434.
num_chunk_merges: 6.
num_chunk_splits: 3689.
num_chunks_enlarged: 2577.
num_purges: 2.
num_inconsistent_stats: 0.

CodeHeap 'non-profiled nmethods': size=120000Kb used=9028Kb max_used=9028Kb free=110972Kb
 bounds [0x000001e9a9290000, 0x000001e9a9b70000, 0x000001e9b07c0000]
CodeHeap 'profiled nmethods': size=120000Kb used=30047Kb max_used=30067Kb free=89952Kb
 bounds [0x000001e9a17c0000, 0x000001e9a3520000, 0x000001e9a8cf0000]
CodeHeap 'non-nmethods': size=5760Kb used=2434Kb max_used=2532Kb free=3325Kb
 bounds [0x000001e9a8cf0000, 0x000001e9a8f90000, 0x000001e9a9290000]
 total_blobs=16005 nmethods=15032 adapters=883
 compilation: enabled
              stopped_count=0, restarted_count=0
 full_count=0

Compilation events (20 events):
Event: 55.405 Thread 0x000001e9b840e270 18128       3       com.sun.crypto.provider.HmacCore::engineGetMacLength (8 bytes)
Event: 55.405 Thread 0x000001e9b840e270 nmethod 18128 0x000001e9a2fda090 code [0x000001e9a2fda2a0, 0x000001e9a2fdaac8]
Event: 55.405 Thread 0x000001e9b840e270 18129       3       com.sun.crypto.provider.HmacCore::engineReset (20 bytes)
Event: 55.405 Thread 0x000001e9b840e270 nmethod 18129 0x000001e9a2fd9990 code [0x000001e9a2fd9b40, 0x000001e9a2fd9f28]
Event: 55.406 Thread 0x000001e9b840e270 18130       3       javax.crypto.Mac::doFinal (64 bytes)
Event: 55.406 Thread 0x000001e9b840e270 nmethod 18130 0x000001e9a2fd8e90 code [0x000001e9a2fd90c0, 0x000001e9a2fd96e8]
Event: 55.406 Thread 0x000001e9b840e270 18131       3       javax.crypto.Mac::doFinal (38 bytes)
Event: 55.406 Thread 0x000001e9b840e270 nmethod 18131 0x000001e9a2fd8310 code [0x000001e9a2fd8500, 0x000001e9a2fd8bd8]
Event: 55.406 Thread 0x000001e9b840e270 18132   !   3       com.sun.crypto.provider.HmacCore::engineDoFinal (78 bytes)
Event: 55.406 Thread 0x000001e9b840e270 nmethod 18132 0x000001e9a2fd6c90 code [0x000001e9a2fd6ee0, 0x000001e9a2fd7cf8]
Event: 55.411 Thread 0x000001e9b840e270 18133 % !   3       com.sun.crypto.provider.PBKDF2KeyImpl::deriveKey @ 191 (295 bytes)
Event: 55.412 Thread 0x000001e9b840e270 nmethod 18133% 0x000001e9a2fd4790 code [0x000001e9a2fd4a60, 0x000001e9a2fd5f58]
Event: 55.412 Thread 0x000001e9b840e270 18134   !   3       com.sun.crypto.provider.PBKDF2KeyImpl::deriveKey (295 bytes)
Event: 55.413 Thread 0x000001e9b840e270 nmethod 18134 0x000001e9a2fd2c10 code [0x000001e9a2fd2ec0, 0x000001e9a2fd3e18]
Event: 55.432 Thread 0x000001e9b840cdc0 nmethod 17991 0x000001e9a9b56490 code [0x000001e9a9b56b00, 0x000001e9a9b5c6c8]
Event: 55.432 Thread 0x000001e9b840cdc0 18078 %     4       org.gradle.internal.instantiation.generator.AbstractClassGenerator::inspectType @ 207 (560 bytes)
Event: 55.458 Thread 0x000001e9b840e270 18142       2       sun.security.util.DerInputStream::getOID (8 bytes)
Event: 55.462 Thread 0x000001e9b840e270 nmethod 18142 0x000001e9a2fd2810 code [0x000001e9a2fd29c0, 0x000001e9a2fd2af8]
Event: 55.522 Thread 0x000001e9b840e270 18147       2       java.security.MessageDigest::digest (10 bytes)
Event: 55.525 Thread 0x000001e9b840e270 nmethod 18147 0x000001e9a2fd2390 code [0x000001e9a2fd2540, 0x000001e9a2fd26d8]

GC Heap History (20 events):
Event: 50.298 GC heap before
{Heap before GC invocations=43 (full 0):
 garbage-first heap   total 196608K, used 156265K [0x0000000080000000, 0x0000000100000000)
  region size 1024K, 56 young (57344K), 8 survivors (8192K)
 Metaspace       used 96164K, committed 96896K, reserved 1138688K
  class space    used 12777K, committed 13120K, reserved 1048576K
}
Event: 50.306 GC heap after
{Heap after GC invocations=44 (full 0):
 garbage-first heap   total 196608K, used 110248K [0x0000000080000000, 0x0000000100000000)
  region size 1024K, 4 young (4096K), 4 survivors (4096K)
 Metaspace       used 96164K, committed 96896K, reserved 1138688K
  class space    used 12777K, committed 13120K, reserved 1048576K
}
Event: 50.340 GC heap before
{Heap before GC invocations=44 (full 0):
 garbage-first heap   total 196608K, used 115368K [0x0000000080000000, 0x0000000100000000)
  region size 1024K, 9 young (9216K), 4 survivors (4096K)
 Metaspace       used 96213K, committed 96896K, reserved 1138688K
  class space    used 12780K, committed 13120K, reserved 1048576K
}
Event: 50.345 GC heap after
{Heap after GC invocations=45 (full 0):
 garbage-first heap   total 196608K, used 111570K [0x0000000080000000, 0x0000000100000000)
  region size 1024K, 2 young (2048K), 2 survivors (2048K)
 Metaspace       used 96213K, committed 96896K, reserved 1138688K
  class space    used 12780K, committed 13120K, reserved 1048576K
}
Event: 50.823 GC heap before
{Heap before GC invocations=45 (full 0):
 garbage-first heap   total 196608K, used 158674K [0x0000000080000000, 0x0000000100000000)
  region size 1024K, 48 young (49152K), 2 survivors (2048K)
 Metaspace       used 96474K, committed 97216K, reserved 1138688K
  class space    used 12831K, committed 13184K, reserved 1048576K
}
Event: 50.829 GC heap after
{Heap after GC invocations=46 (full 0):
 garbage-first heap   total 196608K, used 116736K [0x0000000080000000, 0x0000000100000000)
  region size 1024K, 6 young (6144K), 6 survivors (6144K)
 Metaspace       used 96474K, committed 97216K, reserved 1138688K
  class space    used 12831K, committed 13184K, reserved 1048576K
}
Event: 51.300 GC heap before
{Heap before GC invocations=46 (full 0):
 garbage-first heap   total 196608K, used 159744K [0x0000000080000000, 0x0000000100000000)
  region size 1024K, 49 young (50176K), 6 survivors (6144K)
 Metaspace       used 96503K, committed 97216K, reserved 1138688K
  class space    used 12833K, committed 13184K, reserved 1048576K
}
Event: 51.307 GC heap after
{Heap after GC invocations=47 (full 0):
 garbage-first heap   total 196608K, used 119539K [0x0000000080000000, 0x0000000100000000)
  region size 1024K, 3 young (3072K), 3 survivors (3072K)
 Metaspace       used 96503K, committed 97216K, reserved 1138688K
  class space    used 12833K, committed 13184K, reserved 1048576K
}
Event: 51.496 GC heap before
{Heap before GC invocations=47 (full 0):
 garbage-first heap   total 196608K, used 132851K [0x0000000080000000, 0x0000000100000000)
  region size 1024K, 16 young (16384K), 3 survivors (3072K)
 Metaspace       used 96716K, committed 97408K, reserved 1138688K
  class space    used 12858K, committed 13184K, reserved 1048576K
}
Event: 51.499 GC heap after
{Heap after GC invocations=48 (full 0):
 garbage-first heap   total 196608K, used 121846K [0x0000000080000000, 0x0000000100000000)
  region size 1024K, 3 young (3072K), 3 survivors (3072K)
 Metaspace       used 96716K, committed 97408K, reserved 1138688K
  class space    used 12858K, committed 13184K, reserved 1048576K
}
Event: 52.012 GC heap before
{Heap before GC invocations=48 (full 0):
 garbage-first heap   total 196608K, used 165878K [0x0000000080000000, 0x0000000100000000)
  region size 1024K, 45 young (46080K), 3 survivors (3072K)
 Metaspace       used 101299K, committed 102016K, reserved 1138688K
  class space    used 13513K, committed 13824K, reserved 1048576K
}
Event: 52.020 GC heap after
{Heap after GC invocations=49 (full 0):
 garbage-first heap   total 196608K, used 126950K [0x0000000080000000, 0x0000000100000000)
  region size 1024K, 6 young (6144K), 6 survivors (6144K)
 Metaspace       used 101299K, committed 102016K, reserved 1138688K
  class space    used 13513K, committed 13824K, reserved 1048576K
}
Event: 52.513 GC heap before
{Heap before GC invocations=49 (full 0):
 garbage-first heap   total 196608K, used 161766K [0x0000000080000000, 0x0000000100000000)
  region size 1024K, 41 young (41984K), 6 survivors (6144K)
 Metaspace       used 107740K, committed 108416K, reserved 1146880K
  class space    used 14663K, committed 14976K, reserved 1048576K
}
Event: 52.521 GC heap after
{Heap after GC invocations=50 (full 0):
 garbage-first heap   total 236544K, used 130558K [0x0000000080000000, 0x0000000100000000)
  region size 1024K, 4 young (4096K), 4 survivors (4096K)
 Metaspace       used 107740K, committed 108416K, reserved 1146880K
  class space    used 14663K, committed 14976K, reserved 1048576K
}
Event: 53.516 GC heap before
{Heap before GC invocations=51 (full 0):
 garbage-first heap   total 236544K, used 185854K [0x0000000080000000, 0x0000000100000000)
  region size 1024K, 61 young (62464K), 4 survivors (4096K)
 Metaspace       used 110691K, committed 111360K, reserved 1146880K
  class space    used 14969K, committed 15296K, reserved 1048576K
}
Event: 53.528 GC heap after
{Heap after GC invocations=52 (full 0):
 garbage-first heap   total 236544K, used 129625K [0x0000000080000000, 0x0000000100000000)
  region size 1024K, 5 young (5120K), 5 survivors (5120K)
 Metaspace       used 110691K, committed 111360K, reserved 1146880K
  class space    used 14969K, committed 15296K, reserved 1048576K
}
Event: 53.642 GC heap before
{Heap before GC invocations=52 (full 0):
 garbage-first heap   total 236544K, used 134745K [0x0000000080000000, 0x0000000100000000)
  region size 1024K, 11 young (11264K), 5 survivors (5120K)
 Metaspace       used 111123K, committed 111872K, reserved 1146880K
  class space    used 15033K, committed 15360K, reserved 1048576K
}
Event: 53.649 GC heap after
{Heap after GC invocations=53 (full 0):
 garbage-first heap   total 236544K, used 121408K [0x0000000080000000, 0x0000000100000000)
  region size 1024K, 2 young (2048K), 2 survivors (2048K)
 Metaspace       used 111123K, committed 111872K, reserved 1146880K
  class space    used 15033K, committed 15360K, reserved 1048576K
}
Event: 55.035 GC heap before
{Heap before GC invocations=53 (full 0):
 garbage-first heap   total 236544K, used 187968K [0x0000000080000000, 0x0000000100000000)
  region size 1024K, 67 young (68608K), 2 survivors (2048K)
 Metaspace       used 116117K, committed 116864K, reserved 1155072K
  class space    used 15844K, committed 16192K, reserved 1048576K
}
Event: 55.044 GC heap after
{Heap after GC invocations=54 (full 0):
 garbage-first heap   total 236544K, used 122843K [0x0000000080000000, 0x0000000100000000)
  region size 1024K, 4 young (4096K), 4 survivors (4096K)
 Metaspace       used 116117K, committed 116864K, reserved 1155072K
  class space    used 15844K, committed 16192K, reserved 1048576K
}

Dll operation events (2 events):
Event: 0.019 Loaded shared library C:\Program Files\Android\Android Studio\jbr\bin\java.dll
Event: 0.481 Loaded shared library C:\Program Files\Android\Android Studio\jbr\bin\verify.dll

Deoptimization events (20 events):
Event: 55.364 Thread 0x000001e9be2e68c0 DEOPT PACKING pc=0x000001e9a93e0b7c sp=0x000000dcd48fcf30
Event: 55.364 Thread 0x000001e9be2e68c0 DEOPT UNPACKING pc=0x000001e9a8d469a3 sp=0x000000dcd48fcf18 mode 2
Event: 55.367 Thread 0x000001e9be2e68c0 Uncommon trap: trap_request=0xffffffde fr.pc=0x000001e9a959c568 relative=0x00000000000016a8
Event: 55.367 Thread 0x000001e9be2e68c0 Uncommon trap: reason=class_check action=maybe_recompile pc=0x000001e9a959c568 method=sun.nio.fs.WindowsDirectoryStream$WindowsDirectoryIterator.acceptEntry(Ljava/lang/String;Ljava/nio/file/attribute/BasicFileAttributes;)Ljava/nio/file/Path; @ 44 c2
Event: 55.367 Thread 0x000001e9be2e68c0 DEOPT PACKING pc=0x000001e9a959c568 sp=0x000000dcd48fcf20
Event: 55.367 Thread 0x000001e9be2e68c0 DEOPT UNPACKING pc=0x000001e9a8d469a3 sp=0x000000dcd48fce10 mode 2
Event: 55.369 Thread 0x000001e9be2e68c0 Uncommon trap: trap_request=0xffffff45 fr.pc=0x000001e9a941a178 relative=0x0000000000000538
Event: 55.369 Thread 0x000001e9be2e68c0 Uncommon trap: reason=unstable_if action=reinterpret pc=0x000001e9a941a178 method=java.lang.StringLatin1.regionMatchesCI([BI[BII)Z @ 72 c2
Event: 55.369 Thread 0x000001e9be2e68c0 DEOPT PACKING pc=0x000001e9a941a178 sp=0x000000dcd48fcd90
Event: 55.369 Thread 0x000001e9be2e68c0 DEOPT UNPACKING pc=0x000001e9a8d469a3 sp=0x000000dcd48fcc00 mode 2
Event: 55.369 Thread 0x000001e9be2e68c0 Uncommon trap: trap_request=0xffffff45 fr.pc=0x000001e9a9381c58 relative=0x0000000000000498
Event: 55.369 Thread 0x000001e9be2e68c0 Uncommon trap: reason=unstable_if action=reinterpret pc=0x000001e9a9381c58 method=java.lang.StringLatin1.regionMatchesCI([BI[BII)Z @ 72 c2
Event: 55.369 Thread 0x000001e9be2e68c0 DEOPT PACKING pc=0x000001e9a9381c58 sp=0x000000dcd48fcbf0
Event: 55.369 Thread 0x000001e9be2e68c0 DEOPT UNPACKING pc=0x000001e9a8d469a3 sp=0x000000dcd48fcb58 mode 2
Event: 55.370 Thread 0x000001e9be2e68c0 Uncommon trap: trap_request=0xffffffde fr.pc=0x000001e9a959c568 relative=0x00000000000016a8
Event: 55.370 Thread 0x000001e9be2e68c0 Uncommon trap: reason=class_check action=maybe_recompile pc=0x000001e9a959c568 method=sun.nio.fs.WindowsDirectoryStream$WindowsDirectoryIterator.acceptEntry(Ljava/lang/String;Ljava/nio/file/attribute/BasicFileAttributes;)Ljava/nio/file/Path; @ 44 c2
Event: 55.370 Thread 0x000001e9be2e68c0 DEOPT PACKING pc=0x000001e9a959c568 sp=0x000000dcd48fcf20
Event: 55.370 Thread 0x000001e9be2e68c0 DEOPT UNPACKING pc=0x000001e9a8d469a3 sp=0x000000dcd48fce10 mode 2
Event: 55.380 Thread 0x000001e9be2e68c0 DEOPT PACKING pc=0x000001e9a940027c sp=0x000000dcd48fd040
Event: 55.380 Thread 0x000001e9be2e68c0 DEOPT UNPACKING pc=0x000001e9a8d47143 sp=0x000000dcd48fc460 mode 0

Classes unloaded (1 events):
Event: 49.242 Thread 0x000001e9b78a9970 Unloading class 0x0000000100b6c400 'java/lang/invoke/LambdaForm$DMH+0x0000000100b6c400'

Classes redefined (0 events):
No events

Internal exceptions (20 events):
Event: 54.156 Thread 0x000001e9be2e2560 Exception <a 'sun/nio/fs/WindowsException'{0x000000008d9dfcd8}> (0x000000008d9dfcd8) 
thrown [s\src\hotspot\share\prims\jni.cpp, line 517]
Event: 54.158 Thread 0x000001e9be2e2560 Exception <a 'sun/nio/fs/WindowsException'{0x000000008d9e6148}> (0x000000008d9e6148) 
thrown [s\src\hotspot\share\prims\jni.cpp, line 517]
Event: 54.159 Thread 0x000001e9be2e2560 Exception <a 'sun/nio/fs/WindowsException'{0x000000008d9ebde0}> (0x000000008d9ebde0) 
thrown [s\src\hotspot\share\prims\jni.cpp, line 517]
Event: 54.162 Thread 0x000001e9be2e68c0 Exception <a 'sun/nio/fs/WindowsException'{0x000000008d7d4880}> (0x000000008d7d4880) 
thrown [s\src\hotspot\share\prims\jni.cpp, line 517]
Event: 54.163 Thread 0x000001e9be2e68c0 Exception <a 'sun/nio/fs/WindowsException'{0x000000008d7da0b8}> (0x000000008d7da0b8) 
thrown [s\src\hotspot\share\prims\jni.cpp, line 517]
Event: 54.166 Thread 0x000001e9be2e68c0 Exception <a 'sun/nio/fs/WindowsException'{0x000000008d7e1118}> (0x000000008d7e1118) 
thrown [s\src\hotspot\share\prims\jni.cpp, line 517]
Event: 54.169 Thread 0x000001e9be2e68c0 Exception <a 'sun/nio/fs/WindowsException'{0x000000008d7e7888}> (0x000000008d7e7888) 
thrown [s\src\hotspot\share\prims\jni.cpp, line 517]
Event: 54.172 Thread 0x000001e9be2e68c0 Exception <a 'sun/nio/fs/WindowsException'{0x000000008d7ed020}> (0x000000008d7ed020) 
thrown [s\src\hotspot\share\prims\jni.cpp, line 517]
Event: 54.173 Thread 0x000001e9be2e68c0 Exception <a 'sun/nio/fs/WindowsException'{0x000000008d7f31b0}> (0x000000008d7f31b0) 
thrown [s\src\hotspot\share\prims\jni.cpp, line 517]
Event: 54.174 Thread 0x000001e9be2e68c0 Exception <a 'sun/nio/fs/WindowsException'{0x000000008d4c52d8}> (0x000000008d4c52d8) 
thrown [s\src\hotspot\share\prims\jni.cpp, line 517]
Event: 54.251 Thread 0x000001e9be2e9410 Exception <a 'java/lang/NoSuchMethodError'{0x000000008d0522e8}: static Lkotlin/InitializedLazyImpl;.<clinit>()V> (0x000000008d0522e8) 
thrown [s\src\hotspot\share\prims\jni.cpp, line 1108]
Event: 54.339 Thread 0x000001e9be2e2a30 Exception <a 'sun/nio/fs/WindowsException'{0x000000008c9da348}> (0x000000008c9da348) 
thrown [s\src\hotspot\share\prims\jni.cpp, line 517]
Event: 54.418 Thread 0x000001e9be2e2a30 Exception <a 'java/lang/NoSuchMethodError'{0x000000008c153630}: 'long java.lang.invoke.DirectMethodHandle$Holder.invokeStatic(java.lang.Object, java.lang.Object, java.lang.Object)'> (0x000000008c153630) 
thrown [s\src\hotspot\share\interpreter\linkResolver.cpp, line 771]
Event: 54.482 Thread 0x000001e9be2e2a30 Exception <a 'java/lang/IncompatibleClassChangeError'{0x000000008b9414e8}: Found class java.lang.Object, but interface was expected> (0x000000008b9414e8) 
thrown [s\src\hotspot\share\interpreter\linkResolver.cpp, line 838]
Event: 54.554 Thread 0x000001e9be2e2a30 Exception <a 'sun/nio/fs/WindowsException'{0x000000008b653440}> (0x000000008b653440) 
thrown [s\src\hotspot\share\prims\jni.cpp, line 517]
Event: 55.315 Thread 0x000001e9be2e4be0 Exception <a 'java/lang/NoSuchMethodError'{0x000000008d8ff2e8}: static Lcom/android/build/api/variant/impl/VariantOutputImpl$SerializedForm;.<clinit>()V> (0x000000008d8ff2e8) 
thrown [s\src\hotspot\share\prims\jni.cpp, line 1108]
Event: 55.316 Thread 0x000001e9be2e4be0 Exception <a 'java/lang/NoSuchMethodError'{0x000000008d713598}: static Lcom/android/build/api/variant/impl/VariantOutputConfigurationImpl;.<clinit>()V> (0x000000008d713598) 
thrown [s\src\hotspot\share\prims\jni.cpp, line 1108]
Event: 55.365 Thread 0x000001e9be2e68c0 Exception <a 'sun/nio/fs/WindowsException'{0x000000008d53fd08}> (0x000000008d53fd08) 
thrown [s\src\hotspot\share\prims\jni.cpp, line 517]
Event: 55.506 Thread 0x000001e9be2e68c0 Exception <a 'java/lang/NoSuchMethodError'{0x000000008d5ef9c8}: 'java.lang.Object java.lang.invoke.DirectMethodHandle$Holder.newInvokeSpecial(java.lang.Object, java.lang.Object, java.lang.Object, java.lang.Object, java.lang.Object, int, java.lang.Object)'> (0x000000008d5ef9c8) 
thrown [s\src\hotspot\share\interpreter\linkResolver.cpp, line 771]
Event: 55.509 Thread 0x000001e9be2e68c0 Exception <a 'java/lang/NoSuchMethodError'{0x000000008d5f8c88}: 'java.lang.Object java.lang.invoke.Invokers$Holder.linkToTargetMethod(java.lang.Object, java.lang.Object, java.lang.Object, java.lang.Object, int, java.lang.Object, java.lang.Object)'> (0x000000008d5f8c88) 
thrown [s\src\hotspot\share\interpreter\linkResolver.cpp, line 771]

VM Operations (20 events):
Event: 54.448 Executing VM operation: HandshakeAllThreads
Event: 54.449 Executing VM operation: HandshakeAllThreads done
Event: 54.510 Executing VM operation: HandshakeAllThreads
Event: 54.510 Executing VM operation: HandshakeAllThreads done
Event: 54.517 Executing VM operation: ICBufferFull
Event: 54.518 Executing VM operation: ICBufferFull done
Event: 55.034 Executing VM operation: G1CollectForAllocation
Event: 55.044 Executing VM operation: G1CollectForAllocation done
Event: 55.357 Executing VM operation: HandshakeAllThreads
Event: 55.358 Executing VM operation: HandshakeAllThreads done
Event: 55.358 Executing VM operation: HandshakeAllThreads
Event: 55.358 Executing VM operation: HandshakeAllThreads done
Event: 55.366 Executing VM operation: HandshakeAllThreads
Event: 55.366 Executing VM operation: HandshakeAllThreads done
Event: 55.373 Executing VM operation: HandshakeAllThreads
Event: 55.374 Executing VM operation: HandshakeAllThreads done
Event: 55.378 Executing VM operation: ICBufferFull
Event: 55.378 Executing VM operation: ICBufferFull done
Event: 55.382 Executing VM operation: HandshakeAllThreads
Event: 55.382 Executing VM operation: HandshakeAllThreads done

Events (20 events):
Event: 55.456 loading class javax/crypto/spec/SecretKeySpec
Event: 55.456 loading class javax/crypto/spec/SecretKeySpec done
Event: 55.456 loading class javax/crypto/spec/SecretKeySpec$1
Event: 55.456 loading class jdk/internal/access/JavaxCryptoSpecAccess
Event: 55.457 loading class jdk/internal/access/JavaxCryptoSpecAccess done
Event: 55.457 loading class javax/crypto/spec/SecretKeySpec$1 done
Event: 55.457 loading class javax/crypto/NullCipher
Event: 55.457 loading class javax/crypto/NullCipher done
Event: 55.457 loading class sun/security/util/ArrayUtil
Event: 55.458 loading class sun/security/util/ArrayUtil done
Event: 55.461 loading class sun/security/pkcs12/PKCS12KeyStore$CertEntry
Event: 55.463 loading class sun/security/pkcs12/PKCS12KeyStore$CertEntry done
Event: 55.465 loading class sun/security/pkcs12/MacData
Event: 55.471 loading class sun/security/pkcs12/MacData done
Event: 55.512 loading class com/sun/crypto/provider/HmacPKCS12PBECore$HmacPKCS12PBE_SHA256
Event: 55.514 loading class com/sun/crypto/provider/HmacPKCS12PBECore
Event: 55.516 loading class com/sun/crypto/provider/HmacPKCS12PBECore done
Event: 55.516 loading class com/sun/crypto/provider/HmacPKCS12PBECore$HmacPKCS12PBE_SHA256 done
Event: 55.518 loading class com/sun/crypto/provider/PKCS12PBECipherCore
Event: 55.520 loading class com/sun/crypto/provider/PKCS12PBECipherCore done


Dynamic libraries:
0x00007ff686cf0000 - 0x00007ff686cfa000 	C:\Program Files\Android\Android Studio\jbr\bin\java.exe
0x00007fff67110000 - 0x00007fff67308000 	C:\Windows\SYSTEM32\ntdll.dll
0x00007fff66d00000 - 0x00007fff66dbf000 	C:\Windows\System32\KERNEL32.DLL
0x00007fff64910000 - 0x00007fff64c06000 	C:\Windows\System32\KERNELBASE.dll
0x00007fff65070000 - 0x00007fff65170000 	C:\Windows\System32\ucrtbase.dll
0x00007fff45270000 - 0x00007fff4528b000 	C:\Program Files\Android\Android Studio\jbr\bin\VCRUNTIME140.dll
0x00007fff40dc0000 - 0x00007fff40dd7000 	C:\Program Files\Android\Android Studio\jbr\bin\jli.dll
0x00007fff4fda0000 - 0x00007fff5003a000 	C:\Windows\WinSxS\amd64_microsoft.windows.common-controls_6595b64144ccf1df_6.0.19041.1110_none_60b5254171f9507e\COMCTL32.dll
0x00007fff65170000 - 0x00007fff6520e000 	C:\Windows\System32\msvcrt.dll
0x00007fff66960000 - 0x00007fff66afd000 	C:\Windows\System32\USER32.dll
0x00007fff66c30000 - 0x00007fff66c5c000 	C:\Windows\System32\GDI32.dll
0x00007fff64ff0000 - 0x00007fff65012000 	C:\Windows\System32\win32u.dll
0x00007fff64e00000 - 0x00007fff64f15000 	C:\Windows\System32\gdi32full.dll
0x00007fff64f20000 - 0x00007fff64fbd000 	C:\Windows\System32\msvcp_win.dll
0x00007fff66930000 - 0x00007fff66960000 	C:\Windows\System32\IMM32.DLL
0x00007fff4e130000 - 0x00007fff4e13c000 	C:\Program Files\Android\Android Studio\jbr\bin\vcruntime140_1.dll
0x00007fff2c700000 - 0x00007fff2c78d000 	C:\Program Files\Android\Android Studio\jbr\bin\msvcp140.dll
0x00007fff0a480000 - 0x00007fff0b0ed000 	C:\Program Files\Android\Android Studio\jbr\bin\server\jvm.dll
0x00007fff65680000 - 0x00007fff6572f000 	C:\Windows\System32\ADVAPI32.dll
0x00007fff66c60000 - 0x00007fff66cfc000 	C:\Windows\System32\sechost.dll
0x00007fff65940000 - 0x00007fff65a66000 	C:\Windows\System32\RPCRT4.dll
0x00007fff5b6e0000 - 0x00007fff5b6e9000 	C:\Windows\SYSTEM32\WSOCK32.dll
0x00007fff59940000 - 0x00007fff59967000 	C:\Windows\SYSTEM32\WINMM.dll
0x00007fff5dcf0000 - 0x00007fff5dcfa000 	C:\Windows\SYSTEM32\VERSION.dll
0x00007fff66370000 - 0x00007fff663db000 	C:\Windows\System32\WS2_32.dll
0x00007fff63090000 - 0x00007fff630a2000 	C:\Windows\SYSTEM32\kernel.appcore.dll
0x00007fff600a0000 - 0x00007fff600aa000 	C:\Program Files\Android\Android Studio\jbr\bin\jimage.dll
0x00007fff62400000 - 0x00007fff625e4000 	C:\Windows\SYSTEM32\DBGHELP.DLL
0x00007fff48a90000 - 0x00007fff48ac4000 	C:\Windows\SYSTEM32\dbgcore.DLL
0x00007fff64c10000 - 0x00007fff64c92000 	C:\Windows\System32\bcryptPrimitives.dll
0x00007fff470a0000 - 0x00007fff470c5000 	C:\Program Files\Android\Android Studio\jbr\bin\java.dll
0x00007fff4c980000 - 0x00007fff4c998000 	C:\Program Files\Android\Android Studio\jbr\bin\zip.dll
0x00007fff65a70000 - 0x00007fff661b4000 	C:\Windows\System32\SHELL32.dll
0x00007fff625f0000 - 0x00007fff62d83000 	C:\Windows\SYSTEM32\windows.storage.dll
0x00007fff665d0000 - 0x00007fff66924000 	C:\Windows\System32\combase.dll
0x00007fff64250000 - 0x00007fff6427e000 	C:\Windows\SYSTEM32\Wldp.dll
0x00007fff66e80000 - 0x00007fff66f2d000 	C:\Windows\System32\SHCORE.dll
0x00007fff66e20000 - 0x00007fff66e75000 	C:\Windows\System32\shlwapi.dll
0x00007fff64730000 - 0x00007fff6474f000 	C:\Windows\SYSTEM32\profapi.dll
0x00007fff47750000 - 0x00007fff47769000 	C:\Program Files\Android\Android Studio\jbr\bin\net.dll
0x00007fff5c8a0000 - 0x00007fff5c9aa000 	C:\Windows\SYSTEM32\WINHTTP.dll
0x00007fff63fb0000 - 0x00007fff6401a000 	C:\Windows\system32\mswsock.dll
0x00007fff47710000 - 0x00007fff47726000 	C:\Program Files\Android\Android Studio\jbr\bin\nio.dll
0x00007fff571a0000 - 0x00007fff571b0000 	C:\Program Files\Android\Android Studio\jbr\bin\verify.dll
0x00007fff4c950000 - 0x00007fff4c977000 	C:\Users\oussama\.gradle\native\e1d6ef7f7dcc3fd88c89a11ec53ec762bb8ba0a96d01ffa2cd45eb1d1d8dd5c5\windows-amd64\native-platform.dll
0x00007fff11d10000 - 0x00007fff11e54000 	C:\Users\oussama\.gradle\native\0d407fdbe67a94daf76414ababcb853783967236a71b16ec16e742cd7a986fd3\windows-amd64\native-platform-file-events.dll
0x00007fff57ba0000 - 0x00007fff57ba9000 	C:\Program Files\Android\Android Studio\jbr\bin\management.dll
0x00007fff575c0000 - 0x00007fff575cb000 	C:\Program Files\Android\Android Studio\jbr\bin\management_ext.dll
0x00007fff670c0000 - 0x00007fff670c8000 	C:\Windows\System32\PSAPI.DLL
0x00007fff641b0000 - 0x00007fff641c8000 	C:\Windows\SYSTEM32\CRYPTSP.dll
0x00007fff63860000 - 0x00007fff63894000 	C:\Windows\system32\rsaenh.dll
0x00007fff64fc0000 - 0x00007fff64fe7000 	C:\Windows\System32\bcrypt.dll
0x00007fff646b0000 - 0x00007fff646de000 	C:\Windows\SYSTEM32\USERENV.dll
0x00007fff641a0000 - 0x00007fff641ac000 	C:\Windows\SYSTEM32\CRYPTBASE.dll
0x00007fff63c50000 - 0x00007fff63c8c000 	C:\Windows\SYSTEM32\IPHLPAPI.DLL
0x00007fff670b0000 - 0x00007fff670b8000 	C:\Windows\System32\NSI.dll
0x00007fff5dd20000 - 0x00007fff5dd37000 	C:\Windows\SYSTEM32\dhcpcsvc6.DLL
0x00007fff5dd00000 - 0x00007fff5dd1d000 	C:\Windows\SYSTEM32\dhcpcsvc.DLL
0x00007fff63c90000 - 0x00007fff63d5b000 	C:\Windows\SYSTEM32\DNSAPI.dll
0x00007fff52100000 - 0x00007fff52107000 	C:\Windows\system32\wshunix.dll

dbghelp: loaded successfully - version: 4.0.5 - missing functions: none
symbol engine: initialized successfully - sym options: 0x614 - pdb path: .;C:\Program Files\Android\Android Studio\jbr\bin;C:\Windows\SYSTEM32;C:\Windows\WinSxS\amd64_microsoft.windows.common-controls_6595b64144ccf1df_6.0.19041.1110_none_60b5254171f9507e;C:\Program Files\Android\Android Studio\jbr\bin\server;C:\Users\oussama\.gradle\native\e1d6ef7f7dcc3fd88c89a11ec53ec762bb8ba0a96d01ffa2cd45eb1d1d8dd5c5\windows-amd64;C:\Users\oussama\.gradle\native\0d407fdbe67a94daf76414ababcb853783967236a71b16ec16e742cd7a986fd3\windows-amd64

VM Arguments:
jvm_args: --add-opens=java.base/java.util=ALL-UNNAMED --add-opens=java.base/java.lang=ALL-UNNAMED --add-opens=java.base/java.lang.invoke=ALL-UNNAMED --add-opens=java.base/java.util=ALL-UNNAMED --add-opens=java.prefs/java.util.prefs=ALL-UNNAMED --add-opens=java.prefs/java.util.prefs=ALL-UNNAMED --add-opens=java.base/java.nio.charset=ALL-UNNAMED --add-opens=java.base/java.net=ALL-UNNAMED --add-opens=java.base/java.util.concurrent.atomic=ALL-UNNAMED -Xmx2048m -Dfile.encoding=UTF-8 -Duser.country=US -Duser.language=en -Duser.variant 
java_command: org.gradle.launcher.daemon.bootstrap.GradleDaemon 7.5
java_class_path (initial): C:\Users\oussama\.gradle\wrapper\dists\gradle-7.5-bin\f1w0cc9nuo0eivz97x2xlu9sv\gradle-7.5\lib\gradle-launcher-7.5.jar
Launcher Type: SUN_STANDARD

[Global flags]
     intx CICompilerCount                          = 3                                         {product} {ergonomic}
     uint ConcGCThreads                            = 1                                         {product} {ergonomic}
     uint G1ConcRefinementThreads                  = 4                                         {product} {ergonomic}
   size_t G1HeapRegionSize                         = 1048576                                   {product} {ergonomic}
    uintx GCDrainStackTargetSize                   = 64                                        {product} {ergonomic}
   size_t InitialHeapSize                          = 134217728                                 {product} {ergonomic}
   size_t MarkStackSize                            = 4194304                                   {product} {ergonomic}
   size_t MaxHeapSize                              = 2147483648                                {product} {command line}
   size_t MaxNewSize                               = 1287651328                                {product} {ergonomic}
   size_t MinHeapDeltaBytes                        = 1048576                                   {product} {ergonomic}
   size_t MinHeapSize                              = 8388608                                   {product} {ergonomic}
    uintx NonNMethodCodeHeapSize                   = 5832780                                {pd product} {ergonomic}
    uintx NonProfiledCodeHeapSize                  = 122912730                              {pd product} {ergonomic}
    uintx ProfiledCodeHeapSize                     = 122912730                              {pd product} {ergonomic}
    uintx ReservedCodeCacheSize                    = 251658240                              {pd product} {ergonomic}
     bool SegmentedCodeCache                       = true                                      {product} {ergonomic}
   size_t SoftMaxHeapSize                          = 2147483648                             {manageable} {ergonomic}
     bool UseCompressedClassPointers               = true                           {product lp64_product} {ergonomic}
     bool UseCompressedOops                        = true                           {product lp64_product} {ergonomic}
     bool UseG1GC                                  = true                                      {product} {ergonomic}
     bool UseLargePagesIndividualAllocation        = false                                  {pd product} {ergonomic}

Logging:
Log output configuration:
 #0: stdout all=warning uptime,level,tags
 #1: stderr all=off uptime,level,tags

Environment Variables:
PATH=C:\Program Files\Microsoft\jdk-11.0.16.101-hotspot\bin;C:\Program Files\Python311\Scripts\;C:\Program Files\Python311\;C:\Windows\system32;C:\Windows;C:\Windows\System32\Wbem;C:\Windows\System32\WindowsPowerShell\v1.0\;C:\Windows\System32\OpenSSH\;C:\Program Files\Microsoft VS Code\bin;C:\ProgramData\chocolatey\bin;C:\Program Files\nodejs\;C:\Program Files (x86)\Common Files\Acronis\SnapAPI\;C:\Program Files (x86)\Common Files\Acronis\VirtualFile\;C:\Program Files (x86)\Common Files\Acronis\VirtualFile64\;C:\Program Files\Microsoft SQL Server\150\Tools\Binn\;C:\Program Files\Microsoft SQL Server\Client SDK\ODBC\170\Tools\Binn\;C:\Program Files (x86)\IncrediBuild;C:\Program Files\Git\cmd;C:\Program Files\dotnet\;C:\Users\oussama\scoop\shims;C:\Users\oussama\AppData\Local\Microsoft\WindowsApps;C:\Users\oussama\AppData\Roaming\npm;C:\Users\oussama\.dotnet\tools;C:\Users\oussama\AppData\Local\Programs\Microsoft VS Code\bin;C:\xampp\php;C:\Users\oussama\AppData\Local\ComposerSetup\bin;C:\Users\oussama\AppData\Roaming\Composer\vendor\bin
USERNAME=oussama
OS=Windows_NT
PROCESSOR_IDENTIFIER=Intel64 Family 6 Model 158 Stepping 11, GenuineIntel
TMP=C:\Users\oussama\AppData\Local\Temp
TEMP=C:\Users\oussama\AppData\Local\Temp



---------------  S Y S T E M  ---------------

OS:
 Windows 10 , 64 bit Build 19041 (10.0.19041.2913)
OS uptime: 14 days 5:01 hours

CPU: total 4 (initial active 4) (4 cores per cpu, 1 threads per core) family 6 model 158 stepping 11 microcode 0xca, cx8, cmov, fxsr, mmx, 3dnowpref, sse, sse2, sse3, ssse3, sse4.1, sse4.2, popcnt, lzcnt, tsc, tscinvbit, avx, avx2, aes, erms, clmul, bmi1, bmi2, adx, fma, vzeroupper, clflush, clflushopt

Memory: 4k page, system-wide physical 8134M (281M free)
TotalPageFile size 24134M (AvailPageFile size 1M)
current process WorkingSet (physical memory assigned to process): 404M, peak: 453M
current process commit charge ("private bytes"): 564M, peak: 567M

vm_info: OpenJDK 64-Bit Server VM (17.0.6+0-b2043.56-9586694) for windows-amd64 JRE (17.0.6+0-b2043.56-9586694), built on Feb  9 2023 20:06:20 by "androidbuild" with MS VC++ 16.10 / 16.11 (VS2019)

END.
