#
# There is insufficient memory for the Java Runtime Environment to continue.
# Native memory allocation (malloc) failed to allocate 1194576 bytes for Chunk::new
# Possible reasons:
#   The system is out of physical RAM or swap space
#   The process is running with CompressedOops enabled, and the Java Heap may be blocking the growth of the native heap
# Possible solutions:
#   Reduce memory load on the system
#   Increase physical memory or swap space
#   Check if swap backing store is full
#   Decrease Java heap size (-Xmx/-Xms)
#   Decrease number of Java threads
#   Decrease Java thread stack sizes (-Xss)
#   Set larger code cache with -XX:ReservedCodeCacheSize=
#   JVM is running with Unscaled Compressed Oops mode in which the Java heap is
#     placed in the first 4GB address space. The Java Heap base address is the
#     maximum limit for the native heap growth. Please use -XX:HeapBaseMinAddress
#     to set the Java Heap base and to place the Java Heap above 4GB virtual address.
# This output file may be truncated or incomplete.
#
#  Out of Memory Error (arena.cpp:189), pid=9832, tid=19144
#
# JRE version: OpenJDK Runtime Environment (17.0.6) (build 17.0.6+0-b2043.56-9586694)
# Java VM: OpenJDK 64-Bit Server VM (17.0.6+0-b2043.56-9586694, mixed mode, tiered, compressed oops, compressed class ptrs, g1 gc, windows-amd64)
# No core dump will be written. Minidumps are not enabled by default on client versions of Windows
#

---------------  S U M M A R Y ------------

Command Line: --add-opens=java.base/java.util=ALL-UNNAMED --add-opens=java.base/java.lang=ALL-UNNAMED --add-opens=java.base/java.lang.invoke=ALL-UNNAMED --add-opens=java.prefs/java.util.prefs=ALL-UNNAMED --add-opens=java.base/java.nio.charset=ALL-UNNAMED --add-opens=java.base/java.net=ALL-UNNAMED --add-opens=java.base/java.util.concurrent.atomic=ALL-UNNAMED -Xmx2048m -Dfile.encoding=UTF-8 -Duser.country=US -Duser.language=en -Duser.variant -javaagent:C:\Users\oussama\.gradle\wrapper\dists\gradle-8.2-milestone-1-bin\99cywuoc4xy2d7kadu1u5y1lx\gradle-8.2-milestone-1\lib\agents\gradle-instrumentation-agent-8.2.jar org.gradle.launcher.daemon.bootstrap.GradleDaemon 8.2-milestone-1

Host: Intel(R) Core(TM) i3-9100F CPU @ 3.60GHz, 4 cores, 7G,  Windows 10 , 64 bit Build 19041 (10.0.19041.2913)
Time: Tue May 30 11:04:45 2023 W. Central Africa Standard Time elapsed time: 22.143827 seconds (0d 0h 0m 22s)

---------------  T H R E A D  ---------------

Current thread (0x000001c3547b0a50):  JavaThread "C2 CompilerThread0" daemon [_thread_in_native, id=19144, stack(0x000000aa50500000,0x000000aa50600000)]


Current CompileTask:
C2:  22143 9718       4       org.gradle.cache.internal.btree.CachingBlockStore::read (56 bytes)

Stack: [0x000000aa50500000,0x000000aa50600000]
Native frames: (J=compiled Java code, j=interpreted, Vv=VM code, C=native code)
V  [jvm.dll+0x683b4a]
V  [jvm.dll+0x842654]
V  [jvm.dll+0x843dfe]
V  [jvm.dll+0x844463]
V  [jvm.dll+0x249b75]
V  [jvm.dll+0xabcac]
V  [jvm.dll+0xac27c]
V  [jvm.dll+0x368802]
V  [jvm.dll+0x332f31]
V  [jvm.dll+0x3323da]
V  [jvm.dll+0x21c201]
V  [jvm.dll+0x21b621]
V  [jvm.dll+0x1a4fdd]
V  [jvm.dll+0x22b098]
V  [jvm.dll+0x229159]
V  [jvm.dll+0x7f809c]
V  [jvm.dll+0x7f25fa]
V  [jvm.dll+0x682985]
C  [ucrtbase.dll+0x21bb2]
C  [KERNEL32.DLL+0x17614]
C  [ntdll.dll+0x526a1]


---------------  P R O C E S S  ---------------

Threads class SMR info:
_java_thread_list=0x000001c35d8d0120, length=52, elements={
0x000001c33b1dd360, 0x000001c3547c5620, 0x000001c3547c62e0, 0x000001c3547d21c0,
0x000001c3547d2a80, 0x000001c3547af4f0, 0x000001c3547afdb0, 0x000001c3547b0a50,
0x000001c3547b1400, 0x000001c3547b1d00, 0x000001c354728870, 0x000001c3553520d0,
0x000001c358b15840, 0x000001c3568ffd90, 0x000001c35855bcb0, 0x000001c357b59700,
0x000001c355c007d0, 0x000001c356446950, 0x000001c3564471f0, 0x000001c355dee3a0,
0x000001c355dee870, 0x000001c355deed40, 0x000001c355ded530, 0x000001c355df0550,
0x000001c355def210, 0x000001c355ded060, 0x000001c355df0080, 0x000001c355def6e0,
0x000001c355defbb0, 0x000001c358be9230, 0x000001c358befc10, 0x000001c358beda60,
0x000001c358bea570, 0x000001c358beaf10, 0x000001c358be8890, 0x000001c358beaa40,
0x000001c358beb3e0, 0x000001c358bec250, 0x000001c358bf00e0, 0x000001c358be9bd0,
0x000001c358be8d60, 0x000001c358becbf0, 0x000001c358bef270, 0x000001c358bea0a0,
0x000001c355eef6c0, 0x000001c355eea9c0, 0x000001c355eeae90, 0x000001c355eeb830,
0x000001c355eed040, 0x000001c355eec1d0, 0x000001c355eee850, 0x000001c355eed510
}

Java Threads: ( => current thread )
  0x000001c33b1dd360 JavaThread "main" [_thread_blocked, id=8268, stack(0x000000aa4f800000,0x000000aa4f900000)]
  0x000001c3547c5620 JavaThread "Reference Handler" daemon [_thread_blocked, id=14416, stack(0x000000aa4ff00000,0x000000aa50000000)]
  0x000001c3547c62e0 JavaThread "Finalizer" daemon [_thread_blocked, id=2392, stack(0x000000aa50000000,0x000000aa50100000)]
  0x000001c3547d21c0 JavaThread "Signal Dispatcher" daemon [_thread_blocked, id=3588, stack(0x000000aa50100000,0x000000aa50200000)]
  0x000001c3547d2a80 JavaThread "Attach Listener" daemon [_thread_blocked, id=20808, stack(0x000000aa50200000,0x000000aa50300000)]
  0x000001c3547af4f0 JavaThread "Service Thread" daemon [_thread_blocked, id=18712, stack(0x000000aa50300000,0x000000aa50400000)]
  0x000001c3547afdb0 JavaThread "Monitor Deflation Thread" daemon [_thread_blocked, id=928, stack(0x000000aa50400000,0x000000aa50500000)]
=>0x000001c3547b0a50 JavaThread "C2 CompilerThread0" daemon [_thread_in_native, id=19144, stack(0x000000aa50500000,0x000000aa50600000)]
  0x000001c3547b1400 JavaThread "C1 CompilerThread0" daemon [_thread_blocked, id=23000, stack(0x000000aa50600000,0x000000aa50700000)]
  0x000001c3547b1d00 JavaThread "Sweeper thread" daemon [_thread_blocked, id=9068, stack(0x000000aa50700000,0x000000aa50800000)]
  0x000001c354728870 JavaThread "Common-Cleaner" daemon [_thread_blocked, id=20896, stack(0x000000aa50800000,0x000000aa50900000)]
  0x000001c3553520d0 JavaThread "Notification Thread" daemon [_thread_blocked, id=6732, stack(0x000000aa50900000,0x000000aa50a00000)]
  0x000001c358b15840 JavaThread "Daemon health stats" [_thread_blocked, id=15196, stack(0x000000aa50f00000,0x000000aa51000000)]
  0x000001c3568ffd90 JavaThread "Incoming local TCP Connector on port 56326" [_thread_in_native, id=21304, stack(0x000000aa50d00000,0x000000aa50e00000)]
  0x000001c35855bcb0 JavaThread "Daemon periodic checks" [_thread_blocked, id=20140, stack(0x000000aa51000000,0x000000aa51100000)]
  0x000001c357b59700 JavaThread "Daemon" [_thread_blocked, id=1684, stack(0x000000aa51100000,0x000000aa51200000)]
  0x000001c355c007d0 JavaThread "Handler for socket connection from /127.0.0.1:56326 to /127.0.0.1:56327" [_thread_in_native, id=23936, stack(0x000000aa51200000,0x000000aa51300000)]
  0x000001c356446950 JavaThread "Cancel handler" [_thread_blocked, id=21440, stack(0x000000aa51300000,0x000000aa51400000)]
  0x000001c3564471f0 JavaThread "Daemon worker" [_thread_blocked, id=12652, stack(0x000000aa51400000,0x000000aa51500000)]
  0x000001c355dee3a0 JavaThread "Asynchronous log dispatcher for DefaultDaemonConnection: socket connection from /127.0.0.1:56326 to /127.0.0.1:56327" [_thread_blocked, id=19388, stack(0x000000aa51500000,0x000000aa51600000)]
  0x000001c355dee870 JavaThread "Stdin handler" [_thread_blocked, id=25368, stack(0x000000aa51600000,0x000000aa51700000)]
  0x000001c355deed40 JavaThread "Daemon client event forwarder" [_thread_blocked, id=16076, stack(0x000000aa51700000,0x000000aa51800000)]
  0x000001c355ded530 JavaThread "Cache worker for journal cache (C:\Users\oussama\.gradle\caches\journal-1)" [_thread_blocked, id=21488, stack(0x000000aa51800000,0x000000aa51900000)]
  0x000001c355df0550 JavaThread "File lock request listener" [_thread_in_native, id=20584, stack(0x000000aa51900000,0x000000aa51a00000)]
  0x000001c355def210 JavaThread "Cache worker for file hash cache (C:\Users\oussama\.gradle\caches\8.2-milestone-1\fileHashes)" [_thread_blocked, id=21528, stack(0x000000aa51a00000,0x000000aa51b00000)]
  0x000001c355ded060 JavaThread "File watcher server" daemon [_thread_in_native, id=16008, stack(0x000000aa51b00000,0x000000aa51c00000)]
  0x000001c355df0080 JavaThread "File watcher consumer" daemon [_thread_blocked, id=18868, stack(0x000000aa51c00000,0x000000aa51d00000)]
  0x000001c355def6e0 JavaThread "Cache worker for checksums cache (C:\Users\oussama\Downloads\drive-download-20230523T182349Z-001\.gradle\8.2-milestone-1\checksums)" [_thread_blocked, id=23632, stack(0x000000aa51d00000,0x000000aa51e00000)]
  0x000001c355defbb0 JavaThread "Cache worker for cache directory md-rule (C:\Users\oussama\.gradle\caches\8.2-milestone-1\md-rule)" [_thread_blocked, id=4540, stack(0x000000aa51e00000,0x000000aa51f00000)]
  0x000001c358be9230 JavaThread "Cache worker for file content cache (C:\Users\oussama\.gradle\caches\8.2-milestone-1\fileContent)" [_thread_blocked, id=13668, stack(0x000000aa51f00000,0x000000aa52000000)]
  0x000001c358befc10 JavaThread "Cache worker for file hash cache (C:\Users\oussama\Downloads\drive-download-20230523T182349Z-001\.gradle\8.2-milestone-1\fileHashes)" [_thread_blocked, id=22984, stack(0x000000aa52000000,0x000000aa52100000)]
  0x000001c358beda60 JavaThread "Cache worker for cache directory md-supplier (C:\Users\oussama\.gradle\caches\8.2-milestone-1\md-supplier)" [_thread_blocked, id=20028, stack(0x000000aa52100000,0x000000aa52200000)]
  0x000001c358bea570 JavaThread "Cache worker for execution history cache (C:\Users\oussama\.gradle\caches\8.2-milestone-1\executionHistory)" [_thread_blocked, id=15716, stack(0x000000aa52200000,0x000000aa52300000)]
  0x000001c358beaf10 JavaThread "jar transforms" [_thread_blocked, id=10128, stack(0x000000aa52400000,0x000000aa52500000)]
  0x000001c358be8890 JavaThread "jar transforms Thread 2" [_thread_blocked, id=5108, stack(0x000000aa52500000,0x000000aa52600000)]
  0x000001c358beaa40 JavaThread "jar transforms Thread 3" [_thread_blocked, id=1240, stack(0x000000aa52700000,0x000000aa52800000)]
  0x000001c358beb3e0 JavaThread "jar transforms Thread 4" [_thread_blocked, id=17840, stack(0x000000aa52800000,0x000000aa52900000)]
  0x000001c358bec250 JavaThread "Cache worker for dependencies-accessors (C:\Users\oussama\Downloads\drive-download-20230523T182349Z-001\.gradle\8.2-milestone-1\dependencies-accessors)" [_thread_blocked, id=7696, stack(0x000000aa52900000,0x000000aa52a00000)]
  0x000001c358bf00e0 JavaThread "Cache worker for Build Output Cleanup Cache (C:\Users\oussama\Downloads\drive-download-20230523T182349Z-001\.gradle\buildOutputCleanup)" [_thread_blocked, id=20744, stack(0x000000aa52600000,0x000000aa52700000)]
  0x000001c358be9bd0 JavaThread "Unconstrained build operations" [_thread_blocked, id=16564, stack(0x000000aa52a00000,0x000000aa52b00000)]
  0x000001c358be8d60 JavaThread "Unconstrained build operations Thread 2" [_thread_blocked, id=9152, stack(0x000000aa52b00000,0x000000aa52c00000)]
  0x000001c358becbf0 JavaThread "Unconstrained build operations Thread 3" [_thread_blocked, id=21772, stack(0x000000aa52c00000,0x000000aa52d00000)]
  0x000001c358bef270 JavaThread "build event listener" [_thread_blocked, id=23804, stack(0x000000aa52d00000,0x000000aa52e00000)]
  0x000001c358bea0a0 JavaThread "Memory manager" [_thread_blocked, id=8220, stack(0x000000aa52f00000,0x000000aa53000000)]
  0x000001c355eef6c0 JavaThread "included builds" [_thread_blocked, id=23844, stack(0x000000aa53000000,0x000000aa53100000)]
  0x000001c355eea9c0 JavaThread "Execution worker" [_thread_blocked, id=21168, stack(0x000000aa53100000,0x000000aa53200000)]
  0x000001c355eeae90 JavaThread "Execution worker Thread 2" [_thread_blocked, id=24056, stack(0x000000aa53200000,0x000000aa53300000)]
  0x000001c355eeb830 JavaThread "Execution worker Thread 3" [_thread_blocked, id=5352, stack(0x000000aa53300000,0x000000aa53400000)]
  0x000001c355eed040 JavaThread "Cache worker for execution history cache (C:\Users\oussama\Downloads\drive-download-20230523T182349Z-001\.gradle\8.2-milestone-1\executionHistory)" [_thread_blocked, id=21560, stack(0x000000aa53500000,0x000000aa53600000)]
  0x000001c355eec1d0 JavaThread "Unconstrained build operations Thread 4" [_thread_in_native, id=20508, stack(0x000000aa52e00000,0x000000aa52f00000)]
  0x000001c355eee850 JavaThread "Unconstrained build operations Thread 5" [_thread_in_native, id=10552, stack(0x000000aa53600000,0x000000aa53700000)]
  0x000001c355eed510 JavaThread "Unconstrained build operations Thread 6" [_thread_blocked, id=7732, stack(0x000000aa53700000,0x000000aa53800000)]

Other Threads:
  0x000001c3547a08a0 VMThread "VM Thread" [stack: 0x000000aa4fe00000,0x000000aa4ff00000] [id=13928]
  0x000001c33b1de220 WatcherThread [stack: 0x000000aa50a00000,0x000000aa50b00000] [id=23948]
  0x000001c33b237950 GCTaskThread "GC Thread#0" [stack: 0x000000aa4f900000,0x000000aa4fa00000] [id=13576]
  0x000001c3554ae1b0 GCTaskThread "GC Thread#1" [stack: 0x000000aa50b00000,0x000000aa50c00000] [id=19380]
  0x000001c3555d89e0 GCTaskThread "GC Thread#2" [stack: 0x000000aa50c00000,0x000000aa50d00000] [id=22008]
  0x000001c3560c1830 GCTaskThread "GC Thread#3" [stack: 0x000000aa50e00000,0x000000aa50f00000] [id=18876]
  0x000001c33b2487a0 ConcurrentGCThread "G1 Main Marker" [stack: 0x000000aa4fa00000,0x000000aa4fb00000] [id=16804]
  0x000001c33b2490c0 ConcurrentGCThread "G1 Conc#0" [stack: 0x000000aa4fb00000,0x000000aa4fc00000] [id=23884]
  0x000001c33b2adfd0 ConcurrentGCThread "G1 Refine#0" [stack: 0x000000aa4fc00000,0x000000aa4fd00000] [id=22628]
  0x000001c359241410 ConcurrentGCThread "G1 Refine#1" [stack: 0x000000aa52300000,0x000000aa52400000] [id=20524]
  0x000001c35e720900 ConcurrentGCThread "G1 Refine#2" [stack: 0x000000aa53400000,0x000000aa53500000] [id=25536]
  0x000001c33b2ae900 ConcurrentGCThread "G1 Service" [stack: 0x000000aa4fd00000,0x000000aa4fe00000] [id=20252]

Threads with active compile tasks:
C2 CompilerThread0    22182 9718       4       org.gradle.cache.internal.btree.CachingBlockStore::read (56 bytes)

VM state: not at safepoint (normal execution)

VM Mutex/Monitor currently owned by a thread: None

Heap address: 0x0000000080000000, size: 2048 MB, Compressed Oops mode: 32-bit

CDS archive(s) not mapped
Compressed class space mapped at: 0x0000000100000000-0x0000000140000000, reserved size: 1073741824
Narrow klass base: 0x0000000000000000, Narrow klass shift: 3, Narrow klass range: 0x140000000

GC Precious Log:
 CPUs: 4 total, 4 available
 Memory: 8134M
 Large Page Support: Disabled
 NUMA Support: Disabled
 Compressed Oops: Enabled (32-bit)
 Heap Region Size: 1M
 Heap Min Capacity: 8M
 Heap Initial Capacity: 128M
 Heap Max Capacity: 2G
 Pre-touch: Disabled
 Parallel Workers: 4
 Concurrent Workers: 1
 Concurrent Refinement Workers: 4
 Periodic GC: Disabled

Heap:
 garbage-first heap   total 150528K, used 117132K [0x0000000080000000, 0x0000000100000000)
  region size 1024K, 47 young (48128K), 7 survivors (7168K)
 Metaspace       used 86672K, committed 87296K, reserved 1130496K
  class space    used 11976K, committed 12288K, reserved 1048576K

Heap Regions: E=young(eden), S=young(survivor), O=old, HS=humongous(starts), HC=humongous(continues), CS=collection set, F=free, OA=open archive, CA=closed archive, TAMS=top-at-mark-start (previous, next)
|   0|0x0000000080000000, 0x0000000080100000, 0x0000000080100000|100%| O|  |TAMS 0x0000000080100000, 0x0000000080000000| Untracked 
|   1|0x0000000080100000, 0x0000000080200000, 0x0000000080200000|100%|HS|  |TAMS 0x0000000080200000, 0x0000000080100000| Complete 
|   2|0x0000000080200000, 0x0000000080300000, 0x0000000080300000|100%|HC|  |TAMS 0x0000000080300000, 0x0000000080200000| Complete 
|   3|0x0000000080300000, 0x0000000080400000, 0x0000000080400000|100%|HC|  |TAMS 0x0000000080400000, 0x0000000080300000| Complete 
|   4|0x0000000080400000, 0x0000000080500000, 0x0000000080500000|100%|HC|  |TAMS 0x0000000080500000, 0x0000000080400000| Complete 
|   5|0x0000000080500000, 0x0000000080600000, 0x0000000080600000|100%| O|  |TAMS 0x0000000080600000, 0x0000000080500000| Untracked 
|   6|0x0000000080600000, 0x0000000080700000, 0x0000000080700000|100%| O|  |TAMS 0x0000000080700000, 0x0000000080600000| Untracked 
|   7|0x0000000080700000, 0x0000000080800000, 0x0000000080800000|100%| O|  |TAMS 0x0000000080800000, 0x0000000080700000| Untracked 
|   8|0x0000000080800000, 0x0000000080900000, 0x0000000080900000|100%| O|  |TAMS 0x0000000080900000, 0x0000000080800000| Untracked 
|   9|0x0000000080900000, 0x0000000080a00000, 0x0000000080a00000|100%| O|  |TAMS 0x0000000080a00000, 0x0000000080900000| Untracked 
|  10|0x0000000080a00000, 0x0000000080b00000, 0x0000000080b00000|100%| O|  |TAMS 0x0000000080b00000, 0x0000000080a00000| Untracked 
|  11|0x0000000080b00000, 0x0000000080c00000, 0x0000000080c00000|100%| O|  |TAMS 0x0000000080c00000, 0x0000000080b00000| Untracked 
|  12|0x0000000080c00000, 0x0000000080d00000, 0x0000000080d00000|100%| O|  |TAMS 0x0000000080d00000, 0x0000000080c00000| Untracked 
|  13|0x0000000080d00000, 0x0000000080e00000, 0x0000000080e00000|100%| O|  |TAMS 0x0000000080e00000, 0x0000000080d00000| Untracked 
|  14|0x0000000080e00000, 0x0000000080f00000, 0x0000000080f00000|100%| O|  |TAMS 0x0000000080f00000, 0x0000000080e00000| Untracked 
|  15|0x0000000080f00000, 0x0000000081000000, 0x0000000081000000|100%| O|  |TAMS 0x0000000081000000, 0x0000000080f00000| Untracked 
|  16|0x0000000081000000, 0x0000000081100000, 0x0000000081100000|100%| O|  |TAMS 0x0000000081100000, 0x0000000081000000| Untracked 
|  17|0x0000000081100000, 0x0000000081200000, 0x0000000081200000|100%| O|  |TAMS 0x0000000081200000, 0x0000000081100000| Untracked 
|  18|0x0000000081200000, 0x0000000081300000, 0x0000000081300000|100%| O|  |TAMS 0x0000000081300000, 0x0000000081200000| Untracked 
|  19|0x0000000081300000, 0x0000000081400000, 0x0000000081400000|100%| O|  |TAMS 0x0000000081400000, 0x0000000081300000| Untracked 
|  20|0x0000000081400000, 0x0000000081500000, 0x0000000081500000|100%| O|  |TAMS 0x0000000081500000, 0x0000000081400000| Untracked 
|  21|0x0000000081500000, 0x0000000081600000, 0x0000000081600000|100%| O|  |TAMS 0x0000000081600000, 0x0000000081500000| Untracked 
|  22|0x0000000081600000, 0x0000000081700000, 0x0000000081700000|100%| O|  |TAMS 0x0000000081700000, 0x0000000081600000| Untracked 
|  23|0x0000000081700000, 0x0000000081800000, 0x0000000081800000|100%| O|  |TAMS 0x0000000081800000, 0x0000000081700000| Untracked 
|  24|0x0000000081800000, 0x0000000081900000, 0x0000000081900000|100%| O|  |TAMS 0x0000000081900000, 0x0000000081800000| Untracked 
|  25|0x0000000081900000, 0x0000000081a00000, 0x0000000081a00000|100%| O|  |TAMS 0x0000000081a00000, 0x0000000081900000| Untracked 
|  26|0x0000000081a00000, 0x0000000081b00000, 0x0000000081b00000|100%| O|  |TAMS 0x0000000081b00000, 0x0000000081a00000| Untracked 
|  27|0x0000000081b00000, 0x0000000081c00000, 0x0000000081c00000|100%| O|  |TAMS 0x0000000081c00000, 0x0000000081b00000| Untracked 
|  28|0x0000000081c00000, 0x0000000081d00000, 0x0000000081d00000|100%| O|  |TAMS 0x0000000081d00000, 0x0000000081c00000| Untracked 
|  29|0x0000000081d00000, 0x0000000081e00000, 0x0000000081e00000|100%| O|  |TAMS 0x0000000081e00000, 0x0000000081d00000| Untracked 
|  30|0x0000000081e00000, 0x0000000081f00000, 0x0000000081f00000|100%| O|  |TAMS 0x0000000081f00000, 0x0000000081e00000| Untracked 
|  31|0x0000000081f00000, 0x0000000082000000, 0x0000000082000000|100%| O|  |TAMS 0x0000000082000000, 0x0000000081f00000| Untracked 
|  32|0x0000000082000000, 0x0000000082100000, 0x0000000082100000|100%| O|  |TAMS 0x0000000082100000, 0x0000000082000000| Untracked 
|  33|0x0000000082100000, 0x0000000082200000, 0x0000000082200000|100%| O|  |TAMS 0x0000000082200000, 0x0000000082100000| Untracked 
|  34|0x0000000082200000, 0x0000000082300000, 0x0000000082300000|100%| O|  |TAMS 0x0000000082300000, 0x0000000082200000| Untracked 
|  35|0x0000000082300000, 0x0000000082400000, 0x0000000082400000|100%| O|  |TAMS 0x0000000082400000, 0x0000000082300000| Untracked 
|  36|0x0000000082400000, 0x0000000082500000, 0x0000000082500000|100%| O|  |TAMS 0x0000000082500000, 0x0000000082400000| Untracked 
|  37|0x0000000082500000, 0x0000000082600000, 0x0000000082600000|100%|HS|  |TAMS 0x0000000082600000, 0x0000000082500000| Complete 
|  38|0x0000000082600000, 0x0000000082700000, 0x0000000082700000|100%|HS|  |TAMS 0x0000000082700000, 0x0000000082600000| Complete 
|  39|0x0000000082700000, 0x0000000082800000, 0x0000000082800000|100%| O|  |TAMS 0x0000000082800000, 0x0000000082700000| Untracked 
|  40|0x0000000082800000, 0x0000000082900000, 0x0000000082900000|100%| O|  |TAMS 0x0000000082900000, 0x0000000082800000| Untracked 
|  41|0x0000000082900000, 0x0000000082a00000, 0x0000000082a00000|100%|HS|  |TAMS 0x0000000082a00000, 0x0000000082900000| Complete 
|  42|0x0000000082a00000, 0x0000000082b00000, 0x0000000082b00000|100%| O|  |TAMS 0x0000000082a00000, 0x0000000082a00000| Untracked 
|  43|0x0000000082b00000, 0x0000000082c00000, 0x0000000082c00000|100%| O|  |TAMS 0x0000000082c00000, 0x0000000082b00000| Untracked 
|  44|0x0000000082c00000, 0x0000000082d00000, 0x0000000082d00000|100%| O|  |TAMS 0x0000000082d00000, 0x0000000082c00000| Untracked 
|  45|0x0000000082d00000, 0x0000000082e00000, 0x0000000082e00000|100%| O|  |TAMS 0x0000000082e00000, 0x0000000082d00000| Untracked 
|  46|0x0000000082e00000, 0x0000000082f00000, 0x0000000082f00000|100%| O|  |TAMS 0x0000000082f00000, 0x0000000082e00000| Untracked 
|  47|0x0000000082f00000, 0x0000000083000000, 0x0000000083000000|100%| O|  |TAMS 0x0000000083000000, 0x0000000082f00000| Untracked 
|  48|0x0000000083000000, 0x0000000083100000, 0x0000000083100000|100%| O|  |TAMS 0x0000000083100000, 0x0000000083000000| Untracked 
|  49|0x0000000083100000, 0x0000000083200000, 0x0000000083200000|100%| O|  |TAMS 0x0000000083164600, 0x0000000083100000| Untracked 
|  50|0x0000000083200000, 0x0000000083300000, 0x0000000083300000|100%| O|  |TAMS 0x0000000083200000, 0x0000000083200000| Untracked 
|  51|0x0000000083300000, 0x0000000083400000, 0x0000000083400000|100%| O|  |TAMS 0x0000000083300000, 0x0000000083300000| Untracked 
|  52|0x0000000083400000, 0x0000000083500000, 0x0000000083500000|100%| O|  |TAMS 0x0000000083400000, 0x0000000083400000| Untracked 
|  53|0x0000000083500000, 0x0000000083600000, 0x0000000083600000|100%| O|  |TAMS 0x0000000083500000, 0x0000000083500000| Untracked 
|  54|0x0000000083600000, 0x0000000083700000, 0x0000000083700000|100%| O|  |TAMS 0x0000000083600000, 0x0000000083600000| Untracked 
|  55|0x0000000083700000, 0x0000000083800000, 0x0000000083800000|100%| O|  |TAMS 0x0000000083700000, 0x0000000083700000| Untracked 
|  56|0x0000000083800000, 0x0000000083900000, 0x0000000083900000|100%| O|  |TAMS 0x0000000083800000, 0x0000000083800000| Untracked 
|  57|0x0000000083900000, 0x0000000083a00000, 0x0000000083a00000|100%| O|  |TAMS 0x0000000083900000, 0x0000000083900000| Untracked 
|  58|0x0000000083a00000, 0x0000000083b00000, 0x0000000083b00000|100%| O|  |TAMS 0x0000000083a00000, 0x0000000083a00000| Untracked 
|  59|0x0000000083b00000, 0x0000000083c00000, 0x0000000083c00000|100%| O|  |TAMS 0x0000000083b00000, 0x0000000083b00000| Untracked 
|  60|0x0000000083c00000, 0x0000000083d00000, 0x0000000083d00000|100%| O|  |TAMS 0x0000000083c00000, 0x0000000083c00000| Untracked 
|  61|0x0000000083d00000, 0x0000000083e00000, 0x0000000083e00000|100%| O|  |TAMS 0x0000000083d00000, 0x0000000083d00000| Untracked 
|  62|0x0000000083e00000, 0x0000000083f00000, 0x0000000083f00000|100%| O|  |TAMS 0x0000000083e00000, 0x0000000083e00000| Untracked 
|  63|0x0000000083f00000, 0x0000000084000000, 0x0000000084000000|100%| O|  |TAMS 0x0000000083f00000, 0x0000000083f00000| Untracked 
|  64|0x0000000084000000, 0x0000000084100000, 0x0000000084100000|100%| O|  |TAMS 0x0000000084000000, 0x0000000084000000| Untracked 
|  65|0x0000000084100000, 0x0000000084200000, 0x0000000084200000|100%| O|  |TAMS 0x0000000084100000, 0x0000000084100000| Untracked 
|  66|0x0000000084200000, 0x0000000084300000, 0x0000000084300000|100%| O|  |TAMS 0x0000000084200000, 0x0000000084200000| Untracked 
|  67|0x0000000084300000, 0x0000000084400000, 0x0000000084400000|100%| O|  |TAMS 0x0000000084300000, 0x0000000084300000| Untracked 
|  68|0x0000000084400000, 0x0000000084500000, 0x0000000084500000|100%| O|  |TAMS 0x0000000084400000, 0x0000000084400000| Untracked 
|  69|0x0000000084500000, 0x0000000084563200, 0x0000000084600000| 38%| O|  |TAMS 0x0000000084500000, 0x0000000084500000| Untracked 
|  70|0x0000000084600000, 0x0000000084600000, 0x0000000084700000|  0%| F|  |TAMS 0x0000000084600000, 0x0000000084600000| Untracked 
|  71|0x0000000084700000, 0x0000000084700000, 0x0000000084800000|  0%| F|  |TAMS 0x0000000084700000, 0x0000000084700000| Untracked 
|  72|0x0000000084800000, 0x0000000084800000, 0x0000000084900000|  0%| F|  |TAMS 0x0000000084800000, 0x0000000084800000| Untracked 
|  73|0x0000000084900000, 0x0000000084900000, 0x0000000084a00000|  0%| F|  |TAMS 0x0000000084900000, 0x0000000084900000| Untracked 
|  74|0x0000000084a00000, 0x0000000084a00000, 0x0000000084b00000|  0%| F|  |TAMS 0x0000000084a00000, 0x0000000084a00000| Untracked 
|  75|0x0000000084b00000, 0x0000000084b00000, 0x0000000084c00000|  0%| F|  |TAMS 0x0000000084b00000, 0x0000000084b00000| Untracked 
|  76|0x0000000084c00000, 0x0000000084c00000, 0x0000000084d00000|  0%| F|  |TAMS 0x0000000084c00000, 0x0000000084c00000| Untracked 
|  77|0x0000000084d00000, 0x0000000084d00000, 0x0000000084e00000|  0%| F|  |TAMS 0x0000000084d00000, 0x0000000084d00000| Untracked 
|  78|0x0000000084e00000, 0x0000000084e00000, 0x0000000084f00000|  0%| F|  |TAMS 0x0000000084e00000, 0x0000000084e00000| Untracked 
|  79|0x0000000084f00000, 0x0000000084f00000, 0x0000000085000000|  0%| F|  |TAMS 0x0000000084f00000, 0x0000000084f00000| Untracked 
|  80|0x0000000085000000, 0x0000000085000000, 0x0000000085100000|  0%| F|  |TAMS 0x0000000085000000, 0x0000000085000000| Untracked 
|  81|0x0000000085100000, 0x0000000085100000, 0x0000000085200000|  0%| F|  |TAMS 0x0000000085100000, 0x0000000085100000| Untracked 
|  82|0x0000000085200000, 0x0000000085200000, 0x0000000085300000|  0%| F|  |TAMS 0x0000000085200000, 0x0000000085200000| Untracked 
|  83|0x0000000085300000, 0x0000000085300000, 0x0000000085400000|  0%| F|  |TAMS 0x0000000085300000, 0x0000000085300000| Untracked 
|  84|0x0000000085400000, 0x0000000085400000, 0x0000000085500000|  0%| F|  |TAMS 0x0000000085400000, 0x0000000085400000| Untracked 
|  85|0x0000000085500000, 0x0000000085500000, 0x0000000085600000|  0%| F|  |TAMS 0x0000000085500000, 0x0000000085500000| Untracked 
|  86|0x0000000085600000, 0x0000000085600000, 0x0000000085700000|  0%| F|  |TAMS 0x0000000085600000, 0x0000000085600000| Untracked 
|  87|0x0000000085700000, 0x0000000085700000, 0x0000000085800000|  0%| F|  |TAMS 0x0000000085700000, 0x0000000085700000| Untracked 
|  88|0x0000000085800000, 0x0000000085800000, 0x0000000085900000|  0%| F|  |TAMS 0x0000000085800000, 0x0000000085800000| Untracked 
|  89|0x0000000085900000, 0x0000000085a00000, 0x0000000085a00000|100%| S|CS|TAMS 0x0000000085900000, 0x0000000085900000| Complete 
|  90|0x0000000085a00000, 0x0000000085b00000, 0x0000000085b00000|100%| S|CS|TAMS 0x0000000085a00000, 0x0000000085a00000| Complete 
|  91|0x0000000085b00000, 0x0000000085c00000, 0x0000000085c00000|100%| S|CS|TAMS 0x0000000085b00000, 0x0000000085b00000| Complete 
|  92|0x0000000085c00000, 0x0000000085d00000, 0x0000000085d00000|100%| S|CS|TAMS 0x0000000085c00000, 0x0000000085c00000| Complete 
|  93|0x0000000085d00000, 0x0000000085e00000, 0x0000000085e00000|100%| S|CS|TAMS 0x0000000085d00000, 0x0000000085d00000| Complete 
|  94|0x0000000085e00000, 0x0000000085f00000, 0x0000000085f00000|100%| S|CS|TAMS 0x0000000085e00000, 0x0000000085e00000| Complete 
|  95|0x0000000085f00000, 0x0000000086000000, 0x0000000086000000|100%| S|CS|TAMS 0x0000000085f00000, 0x0000000085f00000| Complete 
|  96|0x0000000086000000, 0x0000000086000000, 0x0000000086100000|  0%| F|  |TAMS 0x0000000086000000, 0x0000000086000000| Untracked 
|  97|0x0000000086100000, 0x0000000086100000, 0x0000000086200000|  0%| F|  |TAMS 0x0000000086100000, 0x0000000086100000| Untracked 
|  98|0x0000000086200000, 0x0000000086200000, 0x0000000086300000|  0%| F|  |TAMS 0x0000000086200000, 0x0000000086200000| Untracked 
|  99|0x0000000086300000, 0x0000000086300000, 0x0000000086400000|  0%| F|  |TAMS 0x0000000086300000, 0x0000000086300000| Untracked 
| 100|0x0000000086400000, 0x0000000086400000, 0x0000000086500000|  0%| F|  |TAMS 0x0000000086400000, 0x0000000086400000| Untracked 
| 101|0x0000000086500000, 0x0000000086500000, 0x0000000086600000|  0%| F|  |TAMS 0x0000000086500000, 0x0000000086500000| Untracked 
| 102|0x0000000086600000, 0x0000000086600000, 0x0000000086700000|  0%| F|  |TAMS 0x0000000086600000, 0x0000000086600000| Untracked 
| 103|0x0000000086700000, 0x0000000086700000, 0x0000000086800000|  0%| F|  |TAMS 0x0000000086700000, 0x0000000086700000| Untracked 
| 104|0x0000000086800000, 0x0000000086800000, 0x0000000086900000|  0%| F|  |TAMS 0x0000000086800000, 0x0000000086800000| Untracked 
| 105|0x0000000086900000, 0x0000000086900000, 0x0000000086a00000|  0%| F|  |TAMS 0x0000000086900000, 0x0000000086900000| Untracked 
| 106|0x0000000086a00000, 0x0000000086a00000, 0x0000000086b00000|  0%| F|  |TAMS 0x0000000086a00000, 0x0000000086a00000| Untracked 
| 107|0x0000000086b00000, 0x0000000086b965b0, 0x0000000086c00000| 58%| E|  |TAMS 0x0000000086b00000, 0x0000000086b00000| Complete 
| 108|0x0000000086c00000, 0x0000000086d00000, 0x0000000086d00000|100%| E|CS|TAMS 0x0000000086c00000, 0x0000000086c00000| Complete 
| 109|0x0000000086d00000, 0x0000000086e00000, 0x0000000086e00000|100%| E|CS|TAMS 0x0000000086d00000, 0x0000000086d00000| Complete 
| 110|0x0000000086e00000, 0x0000000086f00000, 0x0000000086f00000|100%| E|CS|TAMS 0x0000000086e00000, 0x0000000086e00000| Complete 
| 111|0x0000000086f00000, 0x0000000087000000, 0x0000000087000000|100%| E|CS|TAMS 0x0000000086f00000, 0x0000000086f00000| Complete 
| 112|0x0000000087000000, 0x0000000087100000, 0x0000000087100000|100%| E|CS|TAMS 0x0000000087000000, 0x0000000087000000| Complete 
| 113|0x0000000087100000, 0x0000000087200000, 0x0000000087200000|100%| E|CS|TAMS 0x0000000087100000, 0x0000000087100000| Complete 
| 114|0x0000000087200000, 0x0000000087300000, 0x0000000087300000|100%| E|CS|TAMS 0x0000000087200000, 0x0000000087200000| Complete 
| 115|0x0000000087300000, 0x0000000087400000, 0x0000000087400000|100%| E|CS|TAMS 0x0000000087300000, 0x0000000087300000| Complete 
| 116|0x0000000087400000, 0x0000000087500000, 0x0000000087500000|100%| E|CS|TAMS 0x0000000087400000, 0x0000000087400000| Complete 
| 117|0x0000000087500000, 0x0000000087600000, 0x0000000087600000|100%| E|CS|TAMS 0x0000000087500000, 0x0000000087500000| Complete 
| 118|0x0000000087600000, 0x0000000087700000, 0x0000000087700000|100%| E|  |TAMS 0x0000000087600000, 0x0000000087600000| Complete 
| 119|0x0000000087700000, 0x0000000087800000, 0x0000000087800000|100%| E|CS|TAMS 0x0000000087700000, 0x0000000087700000| Complete 
| 120|0x0000000087800000, 0x0000000087900000, 0x0000000087900000|100%| E|CS|TAMS 0x0000000087800000, 0x0000000087800000| Complete 
| 121|0x0000000087900000, 0x0000000087a00000, 0x0000000087a00000|100%| E|CS|TAMS 0x0000000087900000, 0x0000000087900000| Complete 
| 122|0x0000000087a00000, 0x0000000087b00000, 0x0000000087b00000|100%| E|CS|TAMS 0x0000000087a00000, 0x0000000087a00000| Complete 
| 123|0x0000000087b00000, 0x0000000087c00000, 0x0000000087c00000|100%| E|CS|TAMS 0x0000000087b00000, 0x0000000087b00000| Complete 
| 124|0x0000000087c00000, 0x0000000087d00000, 0x0000000087d00000|100%| E|CS|TAMS 0x0000000087c00000, 0x0000000087c00000| Complete 
| 125|0x0000000087d00000, 0x0000000087e00000, 0x0000000087e00000|100%| E|CS|TAMS 0x0000000087d00000, 0x0000000087d00000| Complete 
| 126|0x0000000087e00000, 0x0000000087f00000, 0x0000000087f00000|100%| E|CS|TAMS 0x0000000087e00000, 0x0000000087e00000| Complete 
| 127|0x0000000087f00000, 0x0000000088000000, 0x0000000088000000|100%| E|CS|TAMS 0x0000000087f00000, 0x0000000087f00000| Complete 
| 128|0x0000000088000000, 0x0000000088100000, 0x0000000088100000|100%| E|CS|TAMS 0x0000000088000000, 0x0000000088000000| Complete 
| 129|0x0000000088100000, 0x0000000088200000, 0x0000000088200000|100%| E|CS|TAMS 0x0000000088100000, 0x0000000088100000| Complete 
| 130|0x0000000088200000, 0x0000000088300000, 0x0000000088300000|100%| E|CS|TAMS 0x0000000088200000, 0x0000000088200000| Complete 
| 131|0x0000000088300000, 0x0000000088400000, 0x0000000088400000|100%| E|CS|TAMS 0x0000000088300000, 0x0000000088300000| Complete 
| 132|0x0000000088400000, 0x0000000088500000, 0x0000000088500000|100%| E|CS|TAMS 0x0000000088400000, 0x0000000088400000| Complete 
| 133|0x0000000088500000, 0x0000000088600000, 0x0000000088600000|100%| E|CS|TAMS 0x0000000088500000, 0x0000000088500000| Complete 
| 134|0x0000000088600000, 0x0000000088700000, 0x0000000088700000|100%| E|CS|TAMS 0x0000000088600000, 0x0000000088600000| Complete 
| 135|0x0000000088700000, 0x0000000088800000, 0x0000000088800000|100%| E|CS|TAMS 0x0000000088700000, 0x0000000088700000| Complete 
| 136|0x0000000088800000, 0x0000000088900000, 0x0000000088900000|100%| E|CS|TAMS 0x0000000088800000, 0x0000000088800000| Complete 
| 137|0x0000000088900000, 0x0000000088a00000, 0x0000000088a00000|100%| E|CS|TAMS 0x0000000088900000, 0x0000000088900000| Complete 
| 138|0x0000000088a00000, 0x0000000088b00000, 0x0000000088b00000|100%| E|CS|TAMS 0x0000000088a00000, 0x0000000088a00000| Complete 
| 139|0x0000000088b00000, 0x0000000088c00000, 0x0000000088c00000|100%| E|CS|TAMS 0x0000000088b00000, 0x0000000088b00000| Complete 
| 140|0x0000000088c00000, 0x0000000088d00000, 0x0000000088d00000|100%| E|CS|TAMS 0x0000000088c00000, 0x0000000088c00000| Complete 
| 141|0x0000000088d00000, 0x0000000088e00000, 0x0000000088e00000|100%| E|CS|TAMS 0x0000000088d00000, 0x0000000088d00000| Complete 
| 142|0x0000000088e00000, 0x0000000088f00000, 0x0000000088f00000|100%| E|CS|TAMS 0x0000000088e00000, 0x0000000088e00000| Complete 
| 143|0x0000000088f00000, 0x0000000089000000, 0x0000000089000000|100%| E|CS|TAMS 0x0000000088f00000, 0x0000000088f00000| Complete 
| 144|0x0000000089000000, 0x0000000089100000, 0x0000000089100000|100%| E|CS|TAMS 0x0000000089000000, 0x0000000089000000| Complete 
| 145|0x0000000089100000, 0x0000000089200000, 0x0000000089200000|100%| E|CS|TAMS 0x0000000089100000, 0x0000000089100000| Complete 
| 146|0x0000000089200000, 0x0000000089300000, 0x0000000089300000|100%| E|CS|TAMS 0x0000000089200000, 0x0000000089200000| Complete 

Card table byte_map: [0x000001c34dab0000,0x000001c34deb0000] _byte_map_base: 0x000001c34d6b0000

Marking Bits (Prev, Next): (CMBitMap*) 0x000001c33b237e70, (CMBitMap*) 0x000001c33b237eb0
 Prev Bits: [0x000001c34e2b0000, 0x000001c3502b0000)
 Next Bits: [0x000001c3502b0000, 0x000001c3522b0000)

Polling page: 0x000001c33a9b0000

Metaspace:

Usage:
  Non-class:     72.95 MB used.
      Class:     11.70 MB used.
       Both:     84.64 MB used.

Virtual space:
  Non-class space:       80.00 MB reserved,      73.25 MB ( 92%) committed,  10 nodes.
      Class space:        1.00 GB reserved,      12.00 MB (  1%) committed,  1 nodes.
             Both:        1.08 GB reserved,      85.25 MB (  8%) committed. 

Chunk freelists:
   Non-Class:  2.62 MB
       Class:  3.83 MB
        Both:  6.45 MB

MaxMetaspaceSize: unlimited
CompressedClassSpaceSize: 1.00 GB
Initial GC threshold: 21.00 MB
Current GC threshold: 104.81 MB
CDS: off
MetaspaceReclaimPolicy: balanced
 - commit_granule_bytes: 65536.
 - commit_granule_words: 8192.
 - virtual_space_node_default_size: 1048576.
 - enlarge_chunks_in_place: 1.
 - new_chunks_are_fully_committed: 0.
 - uncommit_free_chunks: 1.
 - use_allocation_guard: 0.
 - handle_deallocations: 1.


Internal statistics:

num_allocs_failed_limit: 6.
num_arena_births: 836.
num_arena_deaths: 0.
num_vsnodes_births: 11.
num_vsnodes_deaths: 0.
num_space_committed: 1364.
num_space_uncommitted: 0.
num_chunks_returned_to_freelist: 6.
num_chunks_taken_from_freelist: 4012.
num_chunk_merges: 3.
num_chunk_splits: 2617.
num_chunks_enlarged: 1704.
num_purges: 0.
num_inconsistent_stats: 0.

CodeHeap 'non-profiled nmethods': size=120000Kb used=5654Kb max_used=5654Kb free=114345Kb
 bounds [0x000001c346180000, 0x000001c346710000, 0x000001c34d6b0000]
CodeHeap 'profiled nmethods': size=120000Kb used=17851Kb max_used=17851Kb free=102148Kb
 bounds [0x000001c33e6b0000, 0x000001c33f820000, 0x000001c345be0000]
CodeHeap 'non-nmethods': size=5760Kb used=2372Kb max_used=2478Kb free=3387Kb
 bounds [0x000001c345be0000, 0x000001c345e70000, 0x000001c346180000]
 total_blobs=9747 nmethods=8845 adapters=812
 compilation: enabled
              stopped_count=0, restarted_count=0
 full_count=0

Compilation events (20 events):
Event: 22.034 Thread 0x000001c3547b0a50 nmethod 9712 0x000001c346703390 code [0x000001c346703500, 0x000001c346703558]
Event: 22.034 Thread 0x000001c3547b0a50 9707       4       com.google.common.cache.LocalCache$NullEntry::setNextInAccessQueue (1 bytes)
Event: 22.034 Thread 0x000001c3547b0a50 nmethod 9707 0x000001c346703690 code [0x000001c346703800, 0x000001c346703878]
Event: 22.034 Thread 0x000001c3547b0a50 9708       4       com.google.common.cache.LocalCache$NullEntry::setPreviousInAccessQueue (1 bytes)
Event: 22.034 Thread 0x000001c3547b0a50 nmethod 9708 0x000001c346703990 code [0x000001c346703b00, 0x000001c346703b78]
Event: 22.036 Thread 0x000001c3547b0a50 9716       4       com.google.common.collect.Interners$InternerImpl::intern (54 bytes)
Event: 22.043 Thread 0x000001c3547b0a50 nmethod 9716 0x000001c346704090 code [0x000001c346704280, 0x000001c346704948]
Event: 22.043 Thread 0x000001c3547b0a50 9718       4       org.gradle.cache.internal.btree.CachingBlockStore::read (56 bytes)
Event: 22.044 Thread 0x000001c3547b1400 9719   !   3       sun.nio.fs.WindowsNativeDispatcher::FindFirstFile (38 bytes)
Event: 22.044 Thread 0x000001c3547b1400 nmethod 9719 0x000001c33f815590 code [0x000001c33f815780, 0x000001c33f815bb8]
Event: 22.044 Thread 0x000001c3547b1400 9720       3       sun.nio.fs.WindowsNativeDispatcher$FirstFile::<init> (5 bytes)
Event: 22.044 Thread 0x000001c3547b1400 nmethod 9720 0x000001c33f815e10 code [0x000001c33f815fa0, 0x000001c33f8160f8]
Event: 22.079 Thread 0x000001c3547b1400 9725       3       org.gradle.internal.snapshot.impl.DirectorySnapshotter$PathVisitor::getInternedFileName (27 bytes)
Event: 22.099 Thread 0x000001c3547b1400 nmethod 9725 0x000001c33f816190 code [0x000001c33f816360, 0x000001c33f816868]
Event: 22.099 Thread 0x000001c3547b1400 9729       3       org.gradle.internal.snapshot.RelativePathTracker::leave (29 bytes)
Event: 22.100 Thread 0x000001c3547b1400 nmethod 9729 0x000001c33f816a10 code [0x000001c33f816bc0, 0x000001c33f816ee8]
Event: 22.100 Thread 0x000001c3547b1400 9726   !   3       sun.nio.fs.WindowsDirectoryStream::<init> (175 bytes)
Event: 22.101 Thread 0x000001c3547b1400 nmethod 9726 0x000001c33f817010 code [0x000001c33f817400, 0x000001c33f818e48]
Event: 22.101 Thread 0x000001c3547b1400 9727       3       sun.nio.fs.WindowsFileSystemProvider::newDirectoryStream (31 bytes)
Event: 22.101 Thread 0x000001c3547b1400 nmethod 9727 0x000001c33f819a10 code [0x000001c33f819c40, 0x000001c33f81a6a8]

GC Heap History (20 events):
Event: 13.219 GC heap before
{Heap before GC invocations=35 (full 0):
 garbage-first heap   total 91136K, used 69178K [0x0000000080000000, 0x0000000100000000)
  region size 1024K, 20 young (20480K), 1 survivors (1024K)
 Metaspace       used 63841K, committed 64384K, reserved 1105920K
  class space    used 8490K, committed 8704K, reserved 1048576K
}
Event: 13.222 GC heap after
{Heap after GC invocations=36 (full 0):
 garbage-first heap   total 124928K, used 51641K [0x0000000080000000, 0x0000000100000000)
  region size 1024K, 3 young (3072K), 3 survivors (3072K)
 Metaspace       used 63841K, committed 64384K, reserved 1105920K
  class space    used 8490K, committed 8704K, reserved 1048576K
}
Event: 13.664 GC heap before
{Heap before GC invocations=37 (full 0):
 garbage-first heap   total 124928K, used 93625K [0x0000000080000000, 0x0000000100000000)
  region size 1024K, 39 young (39936K), 3 survivors (3072K)
 Metaspace       used 66034K, committed 66560K, reserved 1114112K
  class space    used 8771K, committed 9024K, reserved 1048576K
}
Event: 13.668 GC heap after
{Heap after GC invocations=38 (full 0):
 garbage-first heap   total 124928K, used 54964K [0x0000000080000000, 0x0000000100000000)
  region size 1024K, 5 young (5120K), 5 survivors (5120K)
 Metaspace       used 66034K, committed 66560K, reserved 1114112K
  class space    used 8771K, committed 9024K, reserved 1048576K
}
Event: 14.118 GC heap before
{Heap before GC invocations=38 (full 0):
 garbage-first heap   total 124928K, used 91828K [0x0000000080000000, 0x0000000100000000)
  region size 1024K, 41 young (41984K), 5 survivors (5120K)
 Metaspace       used 68675K, committed 69248K, reserved 1114112K
  class space    used 9095K, committed 9344K, reserved 1048576K
}
Event: 14.124 GC heap after
{Heap after GC invocations=39 (full 0):
 garbage-first heap   total 124928K, used 58236K [0x0000000080000000, 0x0000000100000000)
  region size 1024K, 3 young (3072K), 3 survivors (3072K)
 Metaspace       used 68675K, committed 69248K, reserved 1114112K
  class space    used 9095K, committed 9344K, reserved 1048576K
}
Event: 14.371 GC heap before
{Heap before GC invocations=39 (full 0):
 garbage-first heap   total 124928K, used 94076K [0x0000000080000000, 0x0000000100000000)
  region size 1024K, 38 young (38912K), 3 survivors (3072K)
 Metaspace       used 69219K, committed 69696K, reserved 1114112K
  class space    used 9200K, committed 9408K, reserved 1048576K
}
Event: 14.376 GC heap after
{Heap after GC invocations=40 (full 0):
 garbage-first heap   total 124928K, used 60018K [0x0000000080000000, 0x0000000100000000)
  region size 1024K, 3 young (3072K), 3 survivors (3072K)
 Metaspace       used 69219K, committed 69696K, reserved 1114112K
  class space    used 9200K, committed 9408K, reserved 1048576K
}
Event: 14.934 GC heap before
{Heap before GC invocations=40 (full 0):
 garbage-first heap   total 124928K, used 95858K [0x0000000080000000, 0x0000000100000000)
  region size 1024K, 38 young (38912K), 3 survivors (3072K)
 Metaspace       used 71597K, committed 72064K, reserved 1114112K
  class space    used 9577K, committed 9792K, reserved 1048576K
}
Event: 14.938 GC heap after
{Heap after GC invocations=41 (full 0):
 garbage-first heap   total 124928K, used 62098K [0x0000000080000000, 0x0000000100000000)
  region size 1024K, 5 young (5120K), 5 survivors (5120K)
 Metaspace       used 71597K, committed 72064K, reserved 1114112K
  class space    used 9577K, committed 9792K, reserved 1048576K
}
Event: 15.509 GC heap before
{Heap before GC invocations=41 (full 0):
 garbage-first heap   total 124928K, used 96914K [0x0000000080000000, 0x0000000100000000)
  region size 1024K, 39 young (39936K), 5 survivors (5120K)
 Metaspace       used 74486K, committed 75008K, reserved 1114112K
  class space    used 10139K, committed 10368K, reserved 1048576K
}
Event: 15.514 GC heap after
{Heap after GC invocations=42 (full 0):
 garbage-first heap   total 124928K, used 63512K [0x0000000080000000, 0x0000000100000000)
  region size 1024K, 4 young (4096K), 4 survivors (4096K)
 Metaspace       used 74486K, committed 75008K, reserved 1114112K
  class space    used 10139K, committed 10368K, reserved 1048576K
}
Event: 16.107 GC heap before
{Heap before GC invocations=42 (full 0):
 garbage-first heap   total 124928K, used 99352K [0x0000000080000000, 0x0000000100000000)
  region size 1024K, 39 young (39936K), 4 survivors (4096K)
 Metaspace       used 77349K, committed 77952K, reserved 1122304K
  class space    used 10557K, committed 10816K, reserved 1048576K
}
Event: 16.112 GC heap after
{Heap after GC invocations=43 (full 0):
 garbage-first heap   total 124928K, used 65884K [0x0000000080000000, 0x0000000100000000)
  region size 1024K, 4 young (4096K), 4 survivors (4096K)
 Metaspace       used 77349K, committed 77952K, reserved 1122304K
  class space    used 10557K, committed 10816K, reserved 1048576K
}
Event: 16.502 GC heap before
{Heap before GC invocations=43 (full 0):
 garbage-first heap   total 124928K, used 100700K [0x0000000080000000, 0x0000000100000000)
  region size 1024K, 38 young (38912K), 4 survivors (4096K)
 Metaspace       used 80133K, committed 80768K, reserved 1122304K
  class space    used 11011K, committed 11328K, reserved 1048576K
}
Event: 16.506 GC heap after
{Heap after GC invocations=44 (full 0):
 garbage-first heap   total 124928K, used 67651K [0x0000000080000000, 0x0000000100000000)
  region size 1024K, 4 young (4096K), 4 survivors (4096K)
 Metaspace       used 80133K, committed 80768K, reserved 1122304K
  class space    used 11011K, committed 11328K, reserved 1048576K
}
Event: 17.341 GC heap before
{Heap before GC invocations=44 (full 0):
 garbage-first heap   total 124928K, used 102467K [0x0000000080000000, 0x0000000100000000)
  region size 1024K, 38 young (38912K), 4 survivors (4096K)
 Metaspace       used 83221K, committed 83776K, reserved 1122304K
  class space    used 11416K, committed 11648K, reserved 1048576K
}
Event: 17.346 GC heap after
{Heap after GC invocations=45 (full 0):
 garbage-first heap   total 150528K, used 70152K [0x0000000080000000, 0x0000000100000000)
  region size 1024K, 4 young (4096K), 4 survivors (4096K)
 Metaspace       used 83221K, committed 83776K, reserved 1122304K
  class space    used 11416K, committed 11648K, reserved 1048576K
}
Event: 18.265 GC heap before
{Heap before GC invocations=45 (full 0):
 garbage-first heap   total 150528K, used 122376K [0x0000000080000000, 0x0000000100000000)
  region size 1024K, 55 young (56320K), 4 survivors (4096K)
 Metaspace       used 84230K, committed 84800K, reserved 1122304K
  class space    used 11561K, committed 11840K, reserved 1048576K
}
Event: 18.274 GC heap after
{Heap after GC invocations=46 (full 0):
 garbage-first heap   total 150528K, used 78220K [0x0000000080000000, 0x0000000100000000)
  region size 1024K, 7 young (7168K), 7 survivors (7168K)
 Metaspace       used 84230K, committed 84800K, reserved 1122304K
  class space    used 11561K, committed 11840K, reserved 1048576K
}

Dll operation events (3 events):
Event: 0.026 Loaded shared library C:\Program Files\Android\Android Studio\jbr\bin\java.dll
Event: 0.303 Loaded shared library C:\Program Files\Android\Android Studio\jbr\bin\zip.dll
Event: 0.791 Loaded shared library C:\Program Files\Android\Android Studio\jbr\bin\verify.dll

Deoptimization events (20 events):
Event: 20.152 Thread 0x000001c355eeae90 Uncommon trap: trap_request=0xffffff45 fr.pc=0x000001c3464a9dc0 relative=0x0000000000000480
Event: 20.152 Thread 0x000001c355eeae90 Uncommon trap: reason=unstable_if action=reinterpret pc=0x000001c3464a9dc0 method=sun.security.provider.DigestBase.engineUpdate([BII)V @ 1 c2
Event: 20.152 Thread 0x000001c355eeae90 DEOPT PACKING pc=0x000001c3464a9dc0 sp=0x000000aa532fabb0
Event: 20.152 Thread 0x000001c355eeae90 DEOPT UNPACKING pc=0x000001c345c369a3 sp=0x000000aa532fab68 mode 2
Event: 20.504 Thread 0x000001c358bea570 Uncommon trap: trap_request=0xffffff45 fr.pc=0x000001c346535974 relative=0x0000000000000054
Event: 20.504 Thread 0x000001c358bea570 Uncommon trap: reason=unstable_if action=reinterpret pc=0x000001c346535974 method=org.gradle.internal.io.StreamByteBuffer.prepareRead()I @ 20 c2
Event: 20.504 Thread 0x000001c358bea570 DEOPT PACKING pc=0x000001c346535974 sp=0x000000aa522fe000
Event: 20.504 Thread 0x000001c358bea570 DEOPT UNPACKING pc=0x000001c345c369a3 sp=0x000000aa522fdfb0 mode 2
Event: 20.518 Thread 0x000001c358bea570 Uncommon trap: trap_request=0xffffffc6 fr.pc=0x000001c3466a7d30 relative=0x00000000000009b0
Event: 20.518 Thread 0x000001c358bea570 Uncommon trap: reason=bimorphic_or_optimized_type_check action=maybe_recompile pc=0x000001c3466a7d30 method=java.io.BufferedInputStream.read1([BII)I @ 39 c2
Event: 20.518 Thread 0x000001c358bea570 DEOPT PACKING pc=0x000001c3466a7d30 sp=0x000000aa522fde10
Event: 20.518 Thread 0x000001c358bea570 DEOPT UNPACKING pc=0x000001c345c369a3 sp=0x000000aa522fdd28 mode 2
Event: 21.039 Thread 0x000001c355eee850 Uncommon trap: trap_request=0xffffff45 fr.pc=0x000001c346426f4c relative=0x000000000000010c
Event: 21.333 Thread 0x000001c355eee850 Uncommon trap: reason=unstable_if action=reinterpret pc=0x000001c346426f4c method=java.util.concurrent.ConcurrentHashMap.addCount(JI)V @ 110 c2
Event: 21.333 Thread 0x000001c355eee850 DEOPT PACKING pc=0x000001c346426f4c sp=0x000000aa536fc530
Event: 21.333 Thread 0x000001c355eee850 DEOPT UNPACKING pc=0x000001c345c369a3 sp=0x000000aa536fc468 mode 2
Event: 21.381 Thread 0x000001c358bea570 Uncommon trap: trap_request=0xffffffc6 fr.pc=0x000001c3466a7d30 relative=0x00000000000009b0
Event: 21.381 Thread 0x000001c358bea570 Uncommon trap: reason=bimorphic_or_optimized_type_check action=maybe_recompile pc=0x000001c3466a7d30 method=java.io.BufferedInputStream.read1([BII)I @ 39 c2
Event: 21.382 Thread 0x000001c358bea570 DEOPT PACKING pc=0x000001c3466a7d30 sp=0x000000aa522fde10
Event: 21.382 Thread 0x000001c358bea570 DEOPT UNPACKING pc=0x000001c345c369a3 sp=0x000000aa522fdd28 mode 2

Classes unloaded (0 events):
No events

Classes redefined (0 events):
No events

Internal exceptions (20 events):
Event: 18.231 Thread 0x000001c3564471f0 Exception <a 'java/lang/NoSuchMethodError'{0x0000000086103148}: 'java.lang.Object java.lang.invoke.Invokers$Holder.linkToTargetMethod(java.lang.Object, java.lang.Object, java.lang.Object, int, java.lang.Object, java.lang.Object)'> (0x0000000086103148) 
thrown [s\src\hotspot\share\interpreter\linkResolver.cpp, line 771]
Event: 18.306 Thread 0x000001c355eef6c0 Exception <a 'java/lang/NoSuchMethodError'{0x00000000891a35d0}: 'void java.lang.invoke.DirectMethodHandle$Holder.invokeInterface(java.lang.Object, java.lang.Object, java.lang.Object, java.lang.Object)'> (0x00000000891a35d0) 
thrown [s\src\hotspot\share\interpreter\linkResolver.cpp, line 771]
Event: 18.346 Thread 0x000001c355eef6c0 Exception <a 'java/lang/IncompatibleClassChangeError'{0x0000000088f8b970}: Found class java.lang.Object, but interface was expected> (0x0000000088f8b970) 
thrown [s\src\hotspot\share\interpreter\linkResolver.cpp, line 838]
Event: 18.353 Thread 0x000001c355deed40 Exception <a 'java/lang/NoSuchMethodError'{0x0000000088e2bac0}: static Lorg/gradle/internal/build/event/types/DefaultTaskStartedProgressEvent;.<clinit>()V> (0x0000000088e2bac0) 
thrown [s\src\hotspot\share\prims\jni.cpp, line 1108]
Event: 18.356 Thread 0x000001c355deed40 Exception <a 'java/lang/NoSuchMethodError'{0x0000000088e390d0}: static Lorg/gradle/internal/build/event/types/DefaultTaskDescriptor;.<clinit>()V> (0x0000000088e390d0) 
thrown [s\src\hotspot\share\prims\jni.cpp, line 1108]
Event: 18.379 Thread 0x000001c355eef6c0 Exception <a 'java/lang/IncompatibleClassChangeError'{0x0000000088d3cb58}: Found class java.lang.Object, but interface was expected> (0x0000000088d3cb58) 
thrown [s\src\hotspot\share\interpreter\linkResolver.cpp, line 838]
Event: 18.396 Thread 0x000001c355eef6c0 Exception <a 'java/lang/NoSuchMethodError'{0x0000000088cd2ba0}: 'int java.lang.invoke.DirectMethodHandle$Holder.invokeStaticInit(java.lang.Object, java.lang.Object, java.lang.Object, java.lang.Object, java.lang.Object)'> (0x0000000088cd2ba0) 
thrown [s\src\hotspot\share\interpreter\linkResolver.cpp, line 771]
Event: 18.407 Thread 0x000001c355deed40 Exception <a 'java/lang/NoSuchMethodError'{0x0000000088bdbef8}: static Lorg/gradle/internal/build/event/types/DefaultTaskFinishedProgressEvent;.<clinit>()V> (0x0000000088bdbef8) 
thrown [s\src\hotspot\share\prims\jni.cpp, line 1108]
Event: 18.408 Thread 0x000001c355deed40 Exception <a 'java/lang/NoSuchMethodError'{0x0000000088bf1a58}: static Lorg/gradle/internal/build/event/types/DefaultTaskSuccessResult;.<clinit>()V> (0x0000000088bf1a58) 
thrown [s\src\hotspot\share\prims\jni.cpp, line 1108]
Event: 18.408 Thread 0x000001c355deed40 Exception <a 'java/lang/NoSuchMethodError'{0x0000000088bfe980}: static Lorg/gradle/internal/build/event/types/AbstractTaskResult;.<clinit>()V> (0x0000000088bfe980) 
thrown [s\src\hotspot\share\prims\jni.cpp, line 1108]
Event: 18.416 Thread 0x000001c355eeae90 Exception <a 'sun/nio/fs/WindowsException'{0x0000000089209fe0}> (0x0000000089209fe0) 
thrown [s\src\hotspot\share\prims\jni.cpp, line 517]
Event: 18.420 Thread 0x000001c358bef270 Exception <a 'java/lang/NoSuchMethodError'{0x0000000088976588}: static Lcom/android/buildanalyzer/common/AndroidGradlePluginAttributionData$BuildInfo;.<clinit>()V> (0x0000000088976588) 
thrown [s\src\hotspot\share\prims\jni.cpp, line 1108]
Event: 18.422 Thread 0x000001c358bef270 Exception <a 'java/lang/NoSuchMethodError'{0x000000008898cf70}: static Lcom/android/buildanalyzer/common/AndroidGradlePluginAttributionData$JavaInfo;.<clinit>()V> (0x000000008898cf70) 
thrown [s\src\hotspot\share\prims\jni.cpp, line 1108]
Event: 18.424 Thread 0x000001c358bef270 Exception <a 'java/lang/NoSuchMethodError'{0x00000000889b05f0}: static [Ljava/lang/String;.<clinit>()V> (0x00000000889b05f0) 
thrown [s\src\hotspot\share\prims\jni.cpp, line 1108]
Event: 18.425 Thread 0x000001c358bef270 Exception <a 'java/lang/NoSuchMethodError'{0x00000000889e6a40}: static Lcom/android/buildanalyzer/common/AndroidGradlePluginAttributionData$TaskInfo;.<clinit>()V> (0x00000000889e6a40) 
thrown [s\src\hotspot\share\prims\jni.cpp, line 1108]
Event: 18.425 Thread 0x000001c355deed40 Exception <a 'java/lang/NoSuchMethodError'{0x0000000088809dd8}: static Lorg/gradle/internal/build/event/types/DefaultTaskSkippedResult;.<clinit>()V> (0x0000000088809dd8) 
thrown [s\src\hotspot\share\prims\jni.cpp, line 1108]
Event: 18.426 Thread 0x000001c358bef270 Exception <a 'java/lang/NoSuchMethodError'{0x00000000889f37c0}: static Lcom/android/buildanalyzer/common/AndroidGradlePluginAttributionData$TaskCategoryInfo;.<clinit>()V> (0x00000000889f37c0) 
thrown [s\src\hotspot\share\prims\jni.cpp, line 1108]
Event: 18.432 Thread 0x000001c358bef270 Exception <a 'java/lang/NoSuchMethodError'{0x0000000088857b80}: 'void java.lang.invoke.DirectMethodHandle$Holder.invokeSpecial(java.lang.Object, java.lang.Object, java.lang.Object, int)'> (0x0000000088857b80) 
thrown [s\src\hotspot\share\interpreter\linkResolver.cpp, line 771]
Event: 20.150 Thread 0x000001c355eeae90 Exception <a 'java/lang/NoSuchMethodError'{0x0000000087b86dd0}: 'void java.lang.invoke.DirectMethodHandle$Holder.invokeStatic(java.lang.Object, java.lang.Object, java.lang.Object, java.lang.Object, int, java.lang.Object, java.lang.Object)'> (0x0000000087b86dd0) 
thrown [s\src\hotspot\share\interpreter\linkResolver.cpp, line 771]
Event: 20.186 Thread 0x000001c355eee850 Exception <a 'java/lang/NoSuchMethodError'{0x000000008791fb38}: 'java.lang.Object java.lang.invoke.DirectMethodHandle$Holder.invokeSpecialIFC(java.lang.Object, java.lang.Object, java.lang.Object)'> (0x000000008791fb38) 
thrown [s\src\hotspot\share\interpreter\linkResolver.cpp, line 771]

VM Operations (20 events):
Event: 18.335 Executing VM operation: HandshakeAllThreads
Event: 18.335 Executing VM operation: HandshakeAllThreads done
Event: 18.385 Executing VM operation: HandshakeAllThreads
Event: 18.385 Executing VM operation: HandshakeAllThreads done
Event: 18.407 Executing VM operation: HandshakeAllThreads
Event: 18.407 Executing VM operation: HandshakeAllThreads done
Event: 18.422 Executing VM operation: HandshakeAllThreads
Event: 18.422 Executing VM operation: HandshakeAllThreads done
Event: 18.444 Executing VM operation: HandshakeAllThreads
Event: 18.444 Executing VM operation: HandshakeAllThreads done
Event: 18.537 Executing VM operation: ICBufferFull
Event: 18.537 Executing VM operation: ICBufferFull done
Event: 19.547 Executing VM operation: Cleanup
Event: 19.547 Executing VM operation: Cleanup done
Event: 20.060 Executing VM operation: ICBufferFull
Event: 20.060 Executing VM operation: ICBufferFull done
Event: 20.999 Executing VM operation: ICBufferFull
Event: 20.999 Executing VM operation: ICBufferFull done
Event: 22.001 Executing VM operation: Cleanup
Event: 22.033 Executing VM operation: Cleanup done

Events (20 events):
Event: 18.436 loading class jdk/internal/event/DeserializationEvent
Event: 18.436 loading class jdk/internal/event/DeserializationEvent done
Event: 18.436 loading class java/io/ObjectInputStream$FieldValues
Event: 18.436 loading class java/io/ObjectInputStream$GetField
Event: 18.436 loading class java/io/ObjectInputStream$GetField done
Event: 18.436 loading class java/io/ObjectInputStream$FieldValues done
Event: 18.807 Thread 0x000001c356b0dce0 Thread exited: 0x000001c356b0dce0
Event: 20.158 Thread 0x000001c355eec1d0 Thread added: 0x000001c355eec1d0
Event: 20.165 Thread 0x000001c355eee850 Thread added: 0x000001c355eee850
Event: 20.165 Thread 0x000001c355eed510 Thread added: 0x000001c355eed510
Event: 20.438 loading class java/util/stream/ReferencePipeline$4
Event: 20.439 loading class java/util/stream/ReferencePipeline$4 done
Event: 20.439 loading class java/util/function/IntBinaryOperator
Event: 20.439 loading class java/util/function/IntBinaryOperator done
Event: 20.439 loading class java/util/stream/ReduceOps$6
Event: 20.442 loading class java/util/stream/ReduceOps$6 done
Event: 20.442 loading class java/util/stream/ReduceOps$5ReducingSink
Event: 20.442 loading class java/util/stream/ReduceOps$5ReducingSink done
Event: 20.442 loading class java/util/stream/ReferencePipeline$4$1
Event: 20.443 loading class java/util/stream/ReferencePipeline$4$1 done


Dynamic libraries:
0x00007ff638b10000 - 0x00007ff638b1a000 	C:\Program Files\Android\Android Studio\jbr\bin\java.exe
0x00007fff67110000 - 0x00007fff67308000 	C:\Windows\SYSTEM32\ntdll.dll
0x00007fff66d00000 - 0x00007fff66dbf000 	C:\Windows\System32\KERNEL32.DLL
0x00007fff64910000 - 0x00007fff64c06000 	C:\Windows\System32\KERNELBASE.dll
0x00007fff65070000 - 0x00007fff65170000 	C:\Windows\System32\ucrtbase.dll
0x00007fff47600000 - 0x00007fff4761b000 	C:\Program Files\Android\Android Studio\jbr\bin\VCRUNTIME140.dll
0x00007fff47560000 - 0x00007fff47577000 	C:\Program Files\Android\Android Studio\jbr\bin\jli.dll
0x00007fff66960000 - 0x00007fff66afd000 	C:\Windows\System32\USER32.dll
0x00007fff64ff0000 - 0x00007fff65012000 	C:\Windows\System32\win32u.dll
0x00007fff66c30000 - 0x00007fff66c5c000 	C:\Windows\System32\GDI32.dll
0x00007fff64e00000 - 0x00007fff64f15000 	C:\Windows\System32\gdi32full.dll
0x00007fff64f20000 - 0x00007fff64fbd000 	C:\Windows\System32\msvcp_win.dll
0x00007fff4fda0000 - 0x00007fff5003a000 	C:\Windows\WinSxS\amd64_microsoft.windows.common-controls_6595b64144ccf1df_6.0.19041.1110_none_60b5254171f9507e\COMCTL32.dll
0x00007fff65170000 - 0x00007fff6520e000 	C:\Windows\System32\msvcrt.dll
0x00007fff66930000 - 0x00007fff66960000 	C:\Windows\System32\IMM32.DLL
0x00007fff476e0000 - 0x00007fff476ec000 	C:\Program Files\Android\Android Studio\jbr\bin\vcruntime140_1.dll
0x00007fff3bb50000 - 0x00007fff3bbdd000 	C:\Program Files\Android\Android Studio\jbr\bin\msvcp140.dll
0x00007fff0d610000 - 0x00007fff0e27d000 	C:\Program Files\Android\Android Studio\jbr\bin\server\jvm.dll
0x00007fff65680000 - 0x00007fff6572f000 	C:\Windows\System32\ADVAPI32.dll
0x00007fff66c60000 - 0x00007fff66cfc000 	C:\Windows\System32\sechost.dll
0x00007fff65940000 - 0x00007fff65a66000 	C:\Windows\System32\RPCRT4.dll
0x00007fff59940000 - 0x00007fff59967000 	C:\Windows\SYSTEM32\WINMM.dll
0x00007fff5dcf0000 - 0x00007fff5dcfa000 	C:\Windows\SYSTEM32\VERSION.dll
0x00007fff5b6e0000 - 0x00007fff5b6e9000 	C:\Windows\SYSTEM32\WSOCK32.dll
0x00007fff66370000 - 0x00007fff663db000 	C:\Windows\System32\WS2_32.dll
0x00007fff63090000 - 0x00007fff630a2000 	C:\Windows\SYSTEM32\kernel.appcore.dll
0x00007fff600a0000 - 0x00007fff600aa000 	C:\Program Files\Android\Android Studio\jbr\bin\jimage.dll
0x00007fff62400000 - 0x00007fff625e4000 	C:\Windows\SYSTEM32\DBGHELP.DLL
0x00007fff48a90000 - 0x00007fff48ac4000 	C:\Windows\SYSTEM32\dbgcore.DLL
0x00007fff64c10000 - 0x00007fff64c92000 	C:\Windows\System32\bcryptPrimitives.dll
0x00007fff4c960000 - 0x00007fff4c96e000 	C:\Program Files\Android\Android Studio\jbr\bin\instrument.dll
0x00007fff571b0000 - 0x00007fff571d5000 	C:\Program Files\Android\Android Studio\jbr\bin\java.dll
0x00007fff520f0000 - 0x00007fff52108000 	C:\Program Files\Android\Android Studio\jbr\bin\zip.dll
0x00007fff65a70000 - 0x00007fff661b4000 	C:\Windows\System32\SHELL32.dll
0x00007fff625f0000 - 0x00007fff62d83000 	C:\Windows\SYSTEM32\windows.storage.dll
0x00007fff665d0000 - 0x00007fff66924000 	C:\Windows\System32\combase.dll
0x00007fff64250000 - 0x00007fff6427e000 	C:\Windows\SYSTEM32\Wldp.dll
0x00007fff66e80000 - 0x00007fff66f2d000 	C:\Windows\System32\SHCORE.dll
0x00007fff66e20000 - 0x00007fff66e75000 	C:\Windows\System32\shlwapi.dll
0x00007fff64730000 - 0x00007fff6474f000 	C:\Windows\SYSTEM32\profapi.dll
0x00007fff520a0000 - 0x00007fff520b9000 	C:\Program Files\Android\Android Studio\jbr\bin\net.dll
0x00007fff5c8a0000 - 0x00007fff5c9aa000 	C:\Windows\SYSTEM32\WINHTTP.dll
0x00007fff63fb0000 - 0x00007fff6401a000 	C:\Windows\system32\mswsock.dll
0x00007fff52080000 - 0x00007fff52096000 	C:\Program Files\Android\Android Studio\jbr\bin\nio.dll
0x00007fff518e0000 - 0x00007fff518f0000 	C:\Program Files\Android\Android Studio\jbr\bin\verify.dll
0x00007fff4cc20000 - 0x00007fff4cc47000 	C:\Users\oussama\.gradle\native\68d5fa5c4cc2d200863cafc0d521ce42e7d3e7ee720ec0a83991735586a16f82\windows-amd64\native-platform.dll
0x00007fff0f1c0000 - 0x00007fff0f304000 	C:\Users\oussama\.gradle\native\e376f236ea51e6404a007f0833ffe2c6e607c4080706a723a18a27aeea778392\windows-amd64\native-platform-file-events.dll
0x00007fff575c0000 - 0x00007fff575c9000 	C:\Program Files\Android\Android Studio\jbr\bin\management.dll
0x00007fff55f60000 - 0x00007fff55f6b000 	C:\Program Files\Android\Android Studio\jbr\bin\management_ext.dll
0x00007fff670c0000 - 0x00007fff670c8000 	C:\Windows\System32\PSAPI.DLL
0x00007fff641b0000 - 0x00007fff641c8000 	C:\Windows\SYSTEM32\CRYPTSP.dll
0x00007fff63860000 - 0x00007fff63894000 	C:\Windows\system32\rsaenh.dll
0x00007fff64fc0000 - 0x00007fff64fe7000 	C:\Windows\System32\bcrypt.dll
0x00007fff646b0000 - 0x00007fff646de000 	C:\Windows\SYSTEM32\USERENV.dll
0x00007fff641a0000 - 0x00007fff641ac000 	C:\Windows\SYSTEM32\CRYPTBASE.dll
0x00007fff63c50000 - 0x00007fff63c8c000 	C:\Windows\SYSTEM32\IPHLPAPI.DLL
0x00007fff670b0000 - 0x00007fff670b8000 	C:\Windows\System32\NSI.dll
0x00007fff5dd20000 - 0x00007fff5dd37000 	C:\Windows\SYSTEM32\dhcpcsvc6.DLL
0x00007fff5dd00000 - 0x00007fff5dd1d000 	C:\Windows\SYSTEM32\dhcpcsvc.DLL
0x00007fff63c90000 - 0x00007fff63d5b000 	C:\Windows\SYSTEM32\DNSAPI.dll
0x00007fff51890000 - 0x00007fff51897000 	C:\Windows\system32\wshunix.dll

dbghelp: loaded successfully - version: 4.0.5 - missing functions: none
symbol engine: initialized successfully - sym options: 0x614 - pdb path: .;C:\Program Files\Android\Android Studio\jbr\bin;C:\Windows\SYSTEM32;C:\Windows\WinSxS\amd64_microsoft.windows.common-controls_6595b64144ccf1df_6.0.19041.1110_none_60b5254171f9507e;C:\Program Files\Android\Android Studio\jbr\bin\server;C:\Users\oussama\.gradle\native\68d5fa5c4cc2d200863cafc0d521ce42e7d3e7ee720ec0a83991735586a16f82\windows-amd64;C:\Users\oussama\.gradle\native\e376f236ea51e6404a007f0833ffe2c6e607c4080706a723a18a27aeea778392\windows-amd64

VM Arguments:
jvm_args: --add-opens=java.base/java.util=ALL-UNNAMED --add-opens=java.base/java.lang=ALL-UNNAMED --add-opens=java.base/java.lang.invoke=ALL-UNNAMED --add-opens=java.prefs/java.util.prefs=ALL-UNNAMED --add-opens=java.base/java.nio.charset=ALL-UNNAMED --add-opens=java.base/java.net=ALL-UNNAMED --add-opens=java.base/java.util.concurrent.atomic=ALL-UNNAMED -Xmx2048m -Dfile.encoding=UTF-8 -Duser.country=US -Duser.language=en -Duser.variant -javaagent:C:\Users\oussama\.gradle\wrapper\dists\gradle-8.2-milestone-1-bin\99cywuoc4xy2d7kadu1u5y1lx\gradle-8.2-milestone-1\lib\agents\gradle-instrumentation-agent-8.2.jar 
java_command: org.gradle.launcher.daemon.bootstrap.GradleDaemon 8.2-milestone-1
java_class_path (initial): C:\Users\oussama\.gradle\wrapper\dists\gradle-8.2-milestone-1-bin\99cywuoc4xy2d7kadu1u5y1lx\gradle-8.2-milestone-1\lib\gradle-launcher-8.2.jar
Launcher Type: SUN_STANDARD

[Global flags]
     intx CICompilerCount                          = 3                                         {product} {ergonomic}
     uint ConcGCThreads                            = 1                                         {product} {ergonomic}
     uint G1ConcRefinementThreads                  = 4                                         {product} {ergonomic}
   size_t G1HeapRegionSize                         = 1048576                                   {product} {ergonomic}
    uintx GCDrainStackTargetSize                   = 64                                        {product} {ergonomic}
   size_t InitialHeapSize                          = 134217728                                 {product} {ergonomic}
   size_t MarkStackSize                            = 4194304                                   {product} {ergonomic}
   size_t MaxHeapSize                              = 2147483648                                {product} {command line}
   size_t MaxNewSize                               = 1287651328                                {product} {ergonomic}
   size_t MinHeapDeltaBytes                        = 1048576                                   {product} {ergonomic}
   size_t MinHeapSize                              = 8388608                                   {product} {ergonomic}
    uintx NonNMethodCodeHeapSize                   = 5832780                                {pd product} {ergonomic}
    uintx NonProfiledCodeHeapSize                  = 122912730                              {pd product} {ergonomic}
    uintx ProfiledCodeHeapSize                     = 122912730                              {pd product} {ergonomic}
    uintx ReservedCodeCacheSize                    = 251658240                              {pd product} {ergonomic}
     bool SegmentedCodeCache                       = true                                      {product} {ergonomic}
   size_t SoftMaxHeapSize                          = 2147483648                             {manageable} {ergonomic}
     bool UseCompressedClassPointers               = true                           {product lp64_product} {ergonomic}
     bool UseCompressedOops                        = true                           {product lp64_product} {ergonomic}
     bool UseG1GC                                  = true                                      {product} {ergonomic}
     bool UseLargePagesIndividualAllocation        = false                                  {pd product} {ergonomic}

Logging:
Log output configuration:
 #0: stdout all=warning uptime,level,tags
 #1: stderr all=off uptime,level,tags

Environment Variables:
PATH=C:\Program Files\Microsoft\jdk-11.0.16.101-hotspot\bin;C:\Program Files\Python311\Scripts\;C:\Program Files\Python311\;C:\Windows\system32;C:\Windows;C:\Windows\System32\Wbem;C:\Windows\System32\WindowsPowerShell\v1.0\;C:\Windows\System32\OpenSSH\;C:\Program Files\Microsoft VS Code\bin;C:\ProgramData\chocolatey\bin;C:\Program Files\nodejs\;C:\Program Files (x86)\Common Files\Acronis\SnapAPI\;C:\Program Files (x86)\Common Files\Acronis\VirtualFile\;C:\Program Files (x86)\Common Files\Acronis\VirtualFile64\;C:\Program Files\Microsoft SQL Server\150\Tools\Binn\;C:\Program Files\Microsoft SQL Server\Client SDK\ODBC\170\Tools\Binn\;C:\Program Files (x86)\IncrediBuild;C:\Program Files\Git\cmd;C:\Program Files\dotnet\;C:\Program Files (x86)\Android\android-sdk\platform-tools\;C:\Users\oussama\scoop\shims;C:\Users\oussama\AppData\Local\Microsoft\WindowsApps;C:\Users\oussama\AppData\Roaming\npm;C:\Users\oussama\.dotnet\tools;C:\Users\oussama\AppData\Local\Programs\Microsoft VS Code\bin;C:\xampp\php;C:\Users\oussama\AppData\Local\ComposerSetup\bin;C:\Users\oussama\AppData\Roaming\Composer\vendor\bin;C:\Program Files\OpenSSL-Win64\bin;
USERNAME=oussama
OS=Windows_NT
PROCESSOR_IDENTIFIER=Intel64 Family 6 Model 158 Stepping 11, GenuineIntel
TMP=C:\Users\oussama\AppData\Local\Temp
TEMP=C:\Users\oussama\AppData\Local\Temp



---------------  S Y S T E M  ---------------

OS:
 Windows 10 , 64 bit Build 19041 (10.0.19041.2913)
OS uptime: 17 days 16:10 hours

CPU: total 4 (initial active 4) (4 cores per cpu, 1 threads per core) family 6 model 158 stepping 11 microcode 0xca, cx8, cmov, fxsr, mmx, 3dnowpref, sse, sse2, sse3, ssse3, sse4.1, sse4.2, popcnt, lzcnt, tsc, tscinvbit, avx, avx2, aes, erms, clmul, bmi1, bmi2, adx, fma, vzeroupper, clflush, clflushopt

Memory: 4k page, system-wide physical 8134M (224M free)
TotalPageFile size 24134M (AvailPageFile size 1M)
current process WorkingSet (physical memory assigned to process): 357M, peak: 384M
current process commit charge ("private bytes"): 390M, peak: 413M

vm_info: OpenJDK 64-Bit Server VM (17.0.6+0-b2043.56-9586694) for windows-amd64 JRE (17.0.6+0-b2043.56-9586694), built on Feb  9 2023 20:06:20 by "androidbuild" with MS VC++ 16.10 / 16.11 (VS2019)

END.
